{"meta": {"format": 3, "version": "7.10.7", "timestamp": "2025-10-04T07:40:00.565014", "branch_coverage": false, "show_contexts": false}, "files": {"src/qengine/core/assets.py": {"executed_lines": [1, 3, 4, 5, 7, 10, 11, 13, 14, 15, 16, 17, 18, 19, 22, 23, 25, 26, 27, 28, 29, 32, 33, 34, 45, 46, 47, 50, 51, 52, 53, 56, 59, 60, 61, 62, 63, 64, 67, 68, 69, 72, 73, 74, 77, 78, 81, 82, 83, 84, 86, 87, 91, 92, 94, 96, 97, 101, 132, 150, 174, 176, 177, 182, 186, 188, 193, 196, 197, 198, 199, 201, 203, 235, 236, 239, 242, 247, 249, 273, 274, 276, 279, 283, 284, 286, 290, 291, 293, 296, 300, 302, 333, 339, 346, 349, 350, 352, 354, 356, 360, 362, 364, 374, 397, 422, 446], "summary": {"covered_lines": 102, "num_statements": 145, "percent_covered": 70.34482758620689, "percent_covered_display": "70", "missing_lines": 43, "excluded_lines": 0}, "missing_lines": [89, 99, 112, 114, 115, 117, 118, 119, 121, 122, 123, 125, 126, 128, 130, 143, 144, 145, 147, 148, 243, 244, 245, 277, 280, 297, 298, 358, 366, 367, 372, 384, 394, 395, 408, 419, 420, 431, 443, 444, 457, 473, 474], "excluded_lines": [], "functions": {"AssetSpec.is_derivative": {"executed_lines": [], "summary": {"covered_lines": 0, "num_statements": 1, "percent_covered": 0.0, "percent_covered_display": "0", "missing_lines": 1, "excluded_lines": 0}, "missing_lines": [89], "excluded_lines": []}, "AssetSpec.requires_margin": {"executed_lines": [94], "summary": {"covered_lines": 1, "num_statements": 1, "percent_covered": 100.0, "percent_covered_display": "100", "missing_lines": 0, "excluded_lines": 0}, "missing_lines": [], "excluded_lines": []}, "AssetSpec.has_expiry": {"executed_lines": [], "summary": {"covered_lines": 0, "num_statements": 1, "percent_covered": 0.0, "percent_covered_display": "0", "missing_lines": 1, "excluded_lines": 0}, "missing_lines": [99], "excluded_lines": []}, "AssetSpec.get_margin_requirement": {"executed_lines": [], "summary": {"covered_lines": 0, "num_statements": 13, "percent_covered": 0.0, "percent_covered_display": "0", "missing_lines": 13, "excluded_lines": 0}, "missing_lines": [112, 114, 115, 117, 118, 119, 121, 122, 123, 125, 126, 128, 130], "excluded_lines": []}, "AssetSpec.get_notional_value": {"executed_lines": [], "summary": {"covered_lines": 0, "num_statements": 5, "percent_covered": 0.0, "percent_covered_display": "0", "missing_lines": 5, "excluded_lines": 0}, "missing_lines": [143, 144, 145, 147, 148], "excluded_lines": []}, "AssetSpec.calculate_pnl": {"executed_lines": [174, 176, 177, 182, 186, 188, 193, 196, 197, 198, 199, 201], "summary": {"covered_lines": 12, "num_statements": 12, "percent_covered": 100.0, "percent_covered_display": "100", "missing_lines": 0, "excluded_lines": 0}, "missing_lines": [], "excluded_lines": []}, "AssetSpec.calculate_pnl_premium_based": {"executed_lines": [235, 236, 239, 242, 247], "summary": {"covered_lines": 5, "num_statements": 8, "percent_covered": 62.5, "percent_covered_display": "62", "missing_lines": 3, "excluded_lines": 0}, "missing_lines": [243, 244, 245], "excluded_lines": []}, "AssetSpec.calculate_option_pnl_at_expiry": {"executed_lines": [273, 274, 276, 279, 283, 284, 286, 290, 291, 293, 296, 300], "summary": {"covered_lines": 12, "num_statements": 16, "percent_covered": 75.0, "percent_covered_display": "75", "missing_lines": 4, "excluded_lines": 0}, "missing_lines": [277, 280, 297, 298], "excluded_lines": []}, "AssetSpec.calculate_pnl_enhanced": {"executed_lines": [333, 339, 346], "summary": {"covered_lines": 3, "num_statements": 3, "percent_covered": 100.0, "percent_covered_display": "100", "missing_lines": 0, "excluded_lines": 0}, "missing_lines": [], "excluded_lines": []}, "AssetRegistry.__init__": {"executed_lines": [354], "summary": {"covered_lines": 1, "num_statements": 1, "percent_covered": 100.0, "percent_covered_display": "100", "missing_lines": 0, "excluded_lines": 0}, "missing_lines": [], "excluded_lines": []}, "AssetRegistry.register": {"executed_lines": [], "summary": {"covered_lines": 0, "num_statements": 1, "percent_covered": 0.0, "percent_covered_display": "0", "missing_lines": 1, "excluded_lines": 0}, "missing_lines": [358], "excluded_lines": []}, "AssetRegistry.get": {"executed_lines": [362], "summary": {"covered_lines": 1, "num_statements": 1, "percent_covered": 100.0, "percent_covered_display": "100", "missing_lines": 0, "excluded_lines": 0}, "missing_lines": [], "excluded_lines": []}, "AssetRegistry.get_or_create_equity": {"executed_lines": [], "summary": {"covered_lines": 0, "num_statements": 3, "percent_covered": 0.0, "percent_covered_display": "0", "missing_lines": 3, "excluded_lines": 0}, "missing_lines": [366, 367, 372], "excluded_lines": []}, "AssetRegistry.create_future": {"executed_lines": [], "summary": {"covered_lines": 0, "num_statements": 3, "percent_covered": 0.0, "percent_covered_display": "0", "missing_lines": 3, "excluded_lines": 0}, "missing_lines": [384, 394, 395], "excluded_lines": []}, "AssetRegistry.create_option": {"executed_lines": [], "summary": {"covered_lines": 0, "num_statements": 3, "percent_covered": 0.0, "percent_covered_display": "0", "missing_lines": 3, "excluded_lines": 0}, "missing_lines": [408, 419, 420], "excluded_lines": []}, "AssetRegistry.create_fx_pair": {"executed_lines": [], "summary": {"covered_lines": 0, "num_statements": 3, "percent_covered": 0.0, "percent_covered_display": "0", "missing_lines": 3, "excluded_lines": 0}, "missing_lines": [431, 443, 444], "excluded_lines": []}, "AssetRegistry.create_crypto": {"executed_lines": [], "summary": {"covered_lines": 0, "num_statements": 3, "percent_covered": 0.0, "percent_covered_display": "0", "missing_lines": 3, "excluded_lines": 0}, "missing_lines": [457, 473, 474], "excluded_lines": []}, "": {"executed_lines": [1, 3, 4, 5, 7, 10, 11, 13, 14, 15, 16, 17, 18, 19, 22, 23, 25, 26, 27, 28, 29, 32, 33, 34, 45, 46, 47, 50, 51, 52, 53, 56, 59, 60, 61, 62, 63, 64, 67, 68, 69, 72, 73, 74, 77, 78, 81, 82, 83, 84, 86, 87, 91, 92, 96, 97, 101, 132, 150, 203, 249, 302, 349, 350, 352, 356, 360, 364, 374, 397, 422, 446], "summary": {"covered_lines": 67, "num_statements": 67, "percent_covered": 100.0, "percent_covered_display": "100", "missing_lines": 0, "excluded_lines": 0}, "missing_lines": [], "excluded_lines": []}}, "classes": {"AssetClass": {"executed_lines": [], "summary": {"covered_lines": 0, "num_statements": 0, "percent_covered": 100.0, "percent_covered_display": "100", "missing_lines": 0, "excluded_lines": 0}, "missing_lines": [], "excluded_lines": []}, "ContractType": {"executed_lines": [], "summary": {"covered_lines": 0, "num_statements": 0, "percent_covered": 100.0, "percent_covered_display": "100", "missing_lines": 0, "excluded_lines": 0}, "missing_lines": [], "excluded_lines": []}, "AssetSpec": {"executed_lines": [94, 174, 176, 177, 182, 186, 188, 193, 196, 197, 198, 199, 201, 235, 236, 239, 242, 247, 273, 274, 276, 279, 283, 284, 286, 290, 291, 293, 296, 300, 333, 339, 346], "summary": {"covered_lines": 33, "num_statements": 60, "percent_covered": 55.0, "percent_covered_display": "55", "missing_lines": 27, "excluded_lines": 0}, "missing_lines": [89, 99, 112, 114, 115, 117, 118, 119, 121, 122, 123, 125, 126, 128, 130, 143, 144, 145, 147, 148, 243, 244, 245, 277, 280, 297, 298], "excluded_lines": []}, "AssetRegistry": {"executed_lines": [354, 362], "summary": {"covered_lines": 2, "num_statements": 18, "percent_covered": 11.11111111111111, "percent_covered_display": "11", "missing_lines": 16, "excluded_lines": 0}, "missing_lines": [358, 366, 367, 372, 384, 394, 395, 408, 419, 420, 431, 443, 444, 457, 473, 474], "excluded_lines": []}, "": {"executed_lines": [1, 3, 4, 5, 7, 10, 11, 13, 14, 15, 16, 17, 18, 19, 22, 23, 25, 26, 27, 28, 29, 32, 33, 34, 45, 46, 47, 50, 51, 52, 53, 56, 59, 60, 61, 62, 63, 64, 67, 68, 69, 72, 73, 74, 77, 78, 81, 82, 83, 84, 86, 87, 91, 92, 96, 97, 101, 132, 150, 203, 249, 302, 349, 350, 352, 356, 360, 364, 374, 397, 422, 446], "summary": {"covered_lines": 67, "num_statements": 67, "percent_covered": 100.0, "percent_covered_display": "100", "missing_lines": 0, "excluded_lines": 0}, "missing_lines": [], "excluded_lines": []}}}, "src/qengine/core/clock.py": {"executed_lines": [1, 3, 4, 5, 7, 9, 10, 13, 14, 16, 17, 18, 21, 22, 32, 48, 49, 50, 51, 54, 57, 58, 62, 63, 66, 67, 68, 78, 79, 81, 91, 101, 114, 127, 155, 187, 188, 192, 193, 221, 222, 242, 243, 266, 281, 298, 301, 305, 306, 315, 317, 320, 322, 339, 340, 351], "summary": {"covered_lines": 52, "num_statements": 145, "percent_covered": 35.86206896551724, "percent_covered_display": "36", "missing_lines": 93, "excluded_lines": 6}, "missing_lines": [69, 74, 75, 88, 89, 98, 99, 108, 109, 111, 112, 121, 122, 124, 125, 134, 135, 139, 142, 145, 146, 149, 151, 153, 167, 171, 172, 173, 174, 175, 176, 177, 178, 179, 180, 181, 182, 183, 184, 185, 190, 200, 201, 204, 205, 206, 207, 208, 211, 212, 213, 219, 229, 230, 232, 233, 235, 236, 237, 238, 240, 250, 251, 253, 254, 255, 256, 257, 260, 261, 262, 264, 276, 277, 279, 299, 302, 307, 308, 309, 313, 318, 324, 325, 326, 327, 330, 331, 332, 335, 336, 337, 342], "excluded_lines": [351, 352, 353, 354, 355, 356], "functions": {"Clock.__init__": {"executed_lines": [48, 49, 50, 51, 54, 57, 58, 62, 63, 66, 67, 68, 78, 79], "summary": {"covered_lines": 14, "num_statements": 17, "percent_covered": 82.3529411764706, "percent_covered_display": "82", "missing_lines": 3, "excluded_lines": 0}, "missing_lines": [69, 74, 75], "excluded_lines": []}, "Clock.add_data_feed": {"executed_lines": [], "summary": {"covered_lines": 0, "num_statements": 2, "percent_covered": 0.0, "percent_covered_display": "0", "missing_lines": 2, "excluded_lines": 0}, "missing_lines": [88, 89], "excluded_lines": []}, "Clock.add_signal_source": {"executed_lines": [], "summary": {"covered_lines": 0, "num_statements": 2, "percent_covered": 0.0, "percent_covered_display": "0", "missing_lines": 2, "excluded_lines": 0}, "missing_lines": [98, 99], "excluded_lines": []}, "Clock._prime_feed": {"executed_lines": [], "summary": {"covered_lines": 0, "num_statements": 4, "percent_covered": 0.0, "percent_covered_display": "0", "missing_lines": 4, "excluded_lines": 0}, "missing_lines": [108, 109, 111, 112], "excluded_lines": []}, "Clock._prime_signal_source": {"executed_lines": [], "summary": {"covered_lines": 0, "num_statements": 4, "percent_covered": 0.0, "percent_covered_display": "0", "missing_lines": 4, "excluded_lines": 0}, "missing_lines": [121, 122, 124, 125], "excluded_lines": []}, "Clock.get_next_event": {"executed_lines": [], "summary": {"covered_lines": 0, "num_statements": 9, "percent_covered": 0.0, "percent_covered_display": "0", "missing_lines": 9, "excluded_lines": 0}, "missing_lines": [134, 135, 139, 142, 145, 146, 149, 151, 153], "excluded_lines": []}, "Clock._replenish_queue": {"executed_lines": [], "summary": {"covered_lines": 0, "num_statements": 16, "percent_covered": 0.0, "percent_covered_display": "0", "missing_lines": 16, "excluded_lines": 0}, "missing_lines": [167, 171, 172, 173, 174, 175, 176, 177, 178, 179, 180, 181, 182, 183, 184, 185], "excluded_lines": []}, "Clock.current_time": {"executed_lines": [], "summary": {"covered_lines": 0, "num_statements": 1, "percent_covered": 0.0, "percent_covered_display": "0", "missing_lines": 1, "excluded_lines": 0}, "missing_lines": [190], "excluded_lines": []}, "Clock.is_market_open": {"executed_lines": [], "summary": {"covered_lines": 0, "num_statements": 11, "percent_covered": 0.0, "percent_covered_display": "0", "missing_lines": 11, "excluded_lines": 0}, "missing_lines": [200, 201, 204, 205, 206, 207, 208, 211, 212, 213, 219], "excluded_lines": []}, "Clock.next_market_open": {"executed_lines": [], "summary": {"covered_lines": 0, "num_statements": 9, "percent_covered": 0.0, "percent_covered_display": "0", "missing_lines": 9, "excluded_lines": 0}, "missing_lines": [229, 230, 232, 233, 235, 236, 237, 238, 240], "excluded_lines": []}, "Clock.next_market_close": {"executed_lines": [], "summary": {"covered_lines": 0, "num_statements": 11, "percent_covered": 0.0, "percent_covered_display": "0", "missing_lines": 11, "excluded_lines": 0}, "missing_lines": [250, 251, 253, 254, 255, 256, 257, 260, 261, 262, 264], "excluded_lines": []}, "Clock.is_trading_day": {"executed_lines": [], "summary": {"covered_lines": 0, "num_statements": 3, "percent_covered": 0.0, "percent_covered_display": "0", "missing_lines": 3, "excluded_lines": 0}, "missing_lines": [276, 277, 279], "excluded_lines": []}, "Clock.advance_to": {"executed_lines": [298, 301, 305, 306, 315, 317, 320], "summary": {"covered_lines": 7, "num_statements": 14, "percent_covered": 50.0, "percent_covered_display": "50", "missing_lines": 7, "excluded_lines": 0}, "missing_lines": [299, 302, 307, 308, 309, 313, 318], "excluded_lines": []}, "Clock.reset": {"executed_lines": [], "summary": {"covered_lines": 0, "num_statements": 10, "percent_covered": 0.0, "percent_covered_display": "0", "missing_lines": 10, "excluded_lines": 0}, "missing_lines": [324, 325, 326, 327, 330, 331, 332, 335, 336, 337], "excluded_lines": []}, "Clock.stats": {"executed_lines": [], "summary": {"covered_lines": 0, "num_statements": 1, "percent_covered": 0.0, "percent_covered_display": "0", "missing_lines": 1, "excluded_lines": 0}, "missing_lines": [342], "excluded_lines": []}, "Clock.__repr__": {"executed_lines": [], "summary": {"covered_lines": 0, "num_statements": 0, "percent_covered": 100.0, "percent_covered_display": "100", "missing_lines": 0, "excluded_lines": 5}, "missing_lines": [], "excluded_lines": [352, 353, 354, 355, 356]}, "": {"executed_lines": [1, 3, 4, 5, 7, 9, 10, 13, 14, 16, 17, 18, 21, 22, 32, 81, 91, 101, 114, 127, 155, 187, 188, 192, 193, 221, 222, 242, 243, 266, 281, 322, 339, 340, 351], "summary": {"covered_lines": 31, "num_statements": 31, "percent_covered": 100.0, "percent_covered_display": "100", "missing_lines": 0, "excluded_lines": 1}, "missing_lines": [], "excluded_lines": [351]}}, "classes": {"ClockMode": {"executed_lines": [], "summary": {"covered_lines": 0, "num_statements": 0, "percent_covered": 100.0, "percent_covered_display": "100", "missing_lines": 0, "excluded_lines": 0}, "missing_lines": [], "excluded_lines": []}, "Clock": {"executed_lines": [48, 49, 50, 51, 54, 57, 58, 62, 63, 66, 67, 68, 78, 79, 298, 301, 305, 306, 315, 317, 320], "summary": {"covered_lines": 21, "num_statements": 114, "percent_covered": 18.42105263157895, "percent_covered_display": "18", "missing_lines": 93, "excluded_lines": 5}, "missing_lines": [69, 74, 75, 88, 89, 98, 99, 108, 109, 111, 112, 121, 122, 124, 125, 134, 135, 139, 142, 145, 146, 149, 151, 153, 167, 171, 172, 173, 174, 175, 176, 177, 178, 179, 180, 181, 182, 183, 184, 185, 190, 200, 201, 204, 205, 206, 207, 208, 211, 212, 213, 219, 229, 230, 232, 233, 235, 236, 237, 238, 240, 250, 251, 253, 254, 255, 256, 257, 260, 261, 262, 264, 276, 277, 279, 299, 302, 307, 308, 309, 313, 318, 324, 325, 326, 327, 330, 331, 332, 335, 336, 337, 342], "excluded_lines": [352, 353, 354, 355, 356]}, "": {"executed_lines": [1, 3, 4, 5, 7, 9, 10, 13, 14, 16, 17, 18, 21, 22, 32, 81, 91, 101, 114, 127, 155, 187, 188, 192, 193, 221, 222, 242, 243, 266, 281, 322, 339, 340, 351], "summary": {"covered_lines": 31, "num_statements": 31, "percent_covered": 100.0, "percent_covered_display": "100", "missing_lines": 0, "excluded_lines": 1}, "missing_lines": [], "excluded_lines": [351]}}}, "src/qengine/core/constants.py": {"executed_lines": [1, 12, 13, 15, 16, 22, 23, 29, 30, 32, 33, 39, 40, 42, 43, 49, 50, 52, 53, 55, 56, 58, 59, 66, 86], "summary": {"covered_lines": 24, "num_statements": 26, "percent_covered": 92.3076923076923, "percent_covered_display": "92", "missing_lines": 2, "excluded_lines": 0}, "missing_lines": [83, 103], "excluded_lines": [], "functions": {"bps_to_decimal": {"executed_lines": [], "summary": {"covered_lines": 0, "num_statements": 1, "percent_covered": 0.0, "percent_covered_display": "0", "missing_lines": 1, "excluded_lines": 0}, "missing_lines": [83], "excluded_lines": []}, "decimal_to_bps": {"executed_lines": [], "summary": {"covered_lines": 0, "num_statements": 1, "percent_covered": 0.0, "percent_covered_display": "0", "missing_lines": 1, "excluded_lines": 0}, "missing_lines": [103], "excluded_lines": []}, "": {"executed_lines": [1, 12, 13, 15, 16, 22, 23, 29, 30, 32, 33, 39, 40, 42, 43, 49, 50, 52, 53, 55, 56, 58, 59, 66, 86], "summary": {"covered_lines": 24, "num_statements": 24, "percent_covered": 100.0, "percent_covered_display": "100", "missing_lines": 0, "excluded_lines": 0}, "missing_lines": [], "excluded_lines": []}}, "classes": {"": {"executed_lines": [1, 12, 13, 15, 16, 22, 23, 29, 30, 32, 33, 39, 40, 42, 43, 49, 50, 52, 53, 55, 56, 58, 59, 66, 86], "summary": {"covered_lines": 24, "num_statements": 26, "percent_covered": 92.3076923076923, "percent_covered_display": "92", "missing_lines": 2, "excluded_lines": 0}, "missing_lines": [83, 103], "excluded_lines": []}}}, "src/qengine/core/event.py": {"executed_lines": [1, 3, 4, 5, 6, 7, 8, 9, 10, 12, 25, 28, 29, 31, 37, 38, 39, 41, 43, 45, 46, 49, 50, 52, 70, 71, 72, 73, 74, 75, 76, 77, 78, 79, 80, 81, 82, 83, 86, 87, 89, 111, 112, 114, 128, 129, 130, 131, 132, 133, 134, 135, 136, 137, 140, 141, 143, 157, 158, 159, 160, 161, 162, 163, 164, 165, 166, 168, 169, 171, 174, 175, 177, 199, 200, 202, 209, 211, 212, 214, 216, 217, 218, 220, 228, 229, 230, 231, 232, 234, 242, 243, 244, 245, 247, 254, 255, 256, 258, 260, 267, 268, 269, 271, 274, 275, 277, 287, 288, 289, 290, 293, 295, 302, 303, 305, 307, 308, 310, 311, 313, 314, 316, 323, 324, 325, 326, 328, 329, 330, 331, 332], "summary": {"covered_lines": 122, "num_statements": 139, "percent_covered": 87.76978417266187, "percent_covered_display": "88", "missing_lines": 17, "excluded_lines": 2}, "missing_lines": [101, 102, 103, 104, 105, 106, 107, 108, 189, 190, 191, 192, 193, 194, 195, 196, 292], "excluded_lines": [45, 46], "functions": {"Event.__init__": {"executed_lines": [37, 38, 39], "summary": {"covered_lines": 3, "num_statements": 3, "percent_covered": 100.0, "percent_covered_display": "100", "missing_lines": 0, "excluded_lines": 0}, "missing_lines": [], "excluded_lines": []}, "Event.__lt__": {"executed_lines": [43], "summary": {"covered_lines": 1, "num_statements": 1, "percent_covered": 100.0, "percent_covered_display": "100", "missing_lines": 0, "excluded_lines": 0}, "missing_lines": [], "excluded_lines": []}, "Event.__repr__": {"executed_lines": [46], "summary": {"covered_lines": 0, "num_statements": 0, "percent_covered": 100.0, "percent_covered_display": "100", "missing_lines": 0, "excluded_lines": 1}, "missing_lines": [], "excluded_lines": [46]}, "MarketEvent.__init__": {"executed_lines": [70, 71, 72, 73, 74, 75, 76, 77, 78, 79, 80, 81, 82, 83], "summary": {"covered_lines": 14, "num_statements": 14, "percent_covered": 100.0, "percent_covered_display": "100", "missing_lines": 0, "excluded_lines": 0}, "missing_lines": [], "excluded_lines": []}, "SignalEvent.__init__": {"executed_lines": [], "summary": {"covered_lines": 0, "num_statements": 8, "percent_covered": 0.0, "percent_covered_display": "0", "missing_lines": 8, "excluded_lines": 0}, "missing_lines": [101, 102, 103, 104, 105, 106, 107, 108], "excluded_lines": []}, "OrderEvent.__init__": {"executed_lines": [128, 129, 130, 131, 132, 133, 134, 135, 136, 137], "summary": {"covered_lines": 10, "num_statements": 10, "percent_covered": 100.0, "percent_covered_display": "100", "missing_lines": 0, "excluded_lines": 0}, "missing_lines": [], "excluded_lines": []}, "FillEvent.__init__": {"executed_lines": [157, 158, 159, 160, 161, 162, 163, 164, 165, 166], "summary": {"covered_lines": 10, "num_statements": 10, "percent_covered": 100.0, "percent_covered_display": "100", "missing_lines": 0, "excluded_lines": 0}, "missing_lines": [], "excluded_lines": []}, "FillEvent.total_cost": {"executed_lines": [171], "summary": {"covered_lines": 1, "num_statements": 1, "percent_covered": 100.0, "percent_covered_display": "100", "missing_lines": 0, "excluded_lines": 0}, "missing_lines": [], "excluded_lines": []}, "CorporateActionEvent.__init__": {"executed_lines": [], "summary": {"covered_lines": 0, "num_statements": 8, "percent_covered": 0.0, "percent_covered_display": "0", "missing_lines": 8, "excluded_lines": 0}, "missing_lines": [189, 190, 191, 192, 193, 194, 195, 196], "excluded_lines": []}, "EventBus.__init__": {"executed_lines": [209, 211, 212, 214, 216, 217, 218], "summary": {"covered_lines": 7, "num_statements": 7, "percent_covered": 100.0, "percent_covered_display": "100", "missing_lines": 0, "excluded_lines": 0}, "missing_lines": [], "excluded_lines": []}, "EventBus.subscribe": {"executed_lines": [228, 229, 230, 231, 232], "summary": {"covered_lines": 5, "num_statements": 5, "percent_covered": 100.0, "percent_covered_display": "100", "missing_lines": 0, "excluded_lines": 0}, "missing_lines": [], "excluded_lines": []}, "EventBus.unsubscribe": {"executed_lines": [242, 243, 244, 245], "summary": {"covered_lines": 4, "num_statements": 4, "percent_covered": 100.0, "percent_covered_display": "100", "missing_lines": 0, "excluded_lines": 0}, "missing_lines": [], "excluded_lines": []}, "EventBus.publish": {"executed_lines": [254, 255, 256, 258], "summary": {"covered_lines": 4, "num_statements": 4, "percent_covered": 100.0, "percent_covered_display": "100", "missing_lines": 0, "excluded_lines": 0}, "missing_lines": [], "excluded_lines": []}, "EventBus.process_next": {"executed_lines": [267, 268, 269, 271, 274, 275], "summary": {"covered_lines": 6, "num_statements": 6, "percent_covered": 100.0, "percent_covered_display": "100", "missing_lines": 0, "excluded_lines": 0}, "missing_lines": [], "excluded_lines": []}, "EventBus.process_all": {"executed_lines": [287, 288, 289, 290, 293], "summary": {"covered_lines": 5, "num_statements": 6, "percent_covered": 83.33333333333333, "percent_covered_display": "83", "missing_lines": 1, "excluded_lines": 0}, "missing_lines": [292], "excluded_lines": []}, "EventBus.peek": {"executed_lines": [302, 303], "summary": {"covered_lines": 2, "num_statements": 2, "percent_covered": 100.0, "percent_covered_display": "100", "missing_lines": 0, "excluded_lines": 0}, "missing_lines": [], "excluded_lines": []}, "EventBus.clear": {"executed_lines": [307, 308], "summary": {"covered_lines": 2, "num_statements": 2, "percent_covered": 100.0, "percent_covered_display": "100", "missing_lines": 0, "excluded_lines": 0}, "missing_lines": [], "excluded_lines": []}, "EventBus.pending_count": {"executed_lines": [313, 314], "summary": {"covered_lines": 2, "num_statements": 2, "percent_covered": 100.0, "percent_covered_display": "100", "missing_lines": 0, "excluded_lines": 0}, "missing_lines": [], "excluded_lines": []}, "EventBus._notify_subscribers": {"executed_lines": [323, 324, 325, 326, 328, 329, 330, 331, 332], "summary": {"covered_lines": 9, "num_statements": 9, "percent_covered": 100.0, "percent_covered_display": "100", "missing_lines": 0, "excluded_lines": 0}, "missing_lines": [], "excluded_lines": []}, "": {"executed_lines": [1, 3, 4, 5, 6, 7, 8, 9, 10, 12, 25, 28, 29, 31, 41, 45, 49, 50, 52, 86, 87, 89, 111, 112, 114, 140, 141, 143, 168, 169, 174, 175, 177, 199, 200, 202, 220, 234, 247, 260, 277, 295, 305, 310, 311, 316], "summary": {"covered_lines": 37, "num_statements": 37, "percent_covered": 100.0, "percent_covered_display": "100", "missing_lines": 0, "excluded_lines": 1}, "missing_lines": [], "excluded_lines": [45]}}, "classes": {"Event": {"executed_lines": [37, 38, 39, 43, 46], "summary": {"covered_lines": 4, "num_statements": 4, "percent_covered": 100.0, "percent_covered_display": "100", "missing_lines": 0, "excluded_lines": 1}, "missing_lines": [], "excluded_lines": [46]}, "MarketEvent": {"executed_lines": [70, 71, 72, 73, 74, 75, 76, 77, 78, 79, 80, 81, 82, 83], "summary": {"covered_lines": 14, "num_statements": 14, "percent_covered": 100.0, "percent_covered_display": "100", "missing_lines": 0, "excluded_lines": 0}, "missing_lines": [], "excluded_lines": []}, "SignalEvent": {"executed_lines": [], "summary": {"covered_lines": 0, "num_statements": 8, "percent_covered": 0.0, "percent_covered_display": "0", "missing_lines": 8, "excluded_lines": 0}, "missing_lines": [101, 102, 103, 104, 105, 106, 107, 108], "excluded_lines": []}, "OrderEvent": {"executed_lines": [128, 129, 130, 131, 132, 133, 134, 135, 136, 137], "summary": {"covered_lines": 10, "num_statements": 10, "percent_covered": 100.0, "percent_covered_display": "100", "missing_lines": 0, "excluded_lines": 0}, "missing_lines": [], "excluded_lines": []}, "FillEvent": {"executed_lines": [157, 158, 159, 160, 161, 162, 163, 164, 165, 166, 171], "summary": {"covered_lines": 11, "num_statements": 11, "percent_covered": 100.0, "percent_covered_display": "100", "missing_lines": 0, "excluded_lines": 0}, "missing_lines": [], "excluded_lines": []}, "CorporateActionEvent": {"executed_lines": [], "summary": {"covered_lines": 0, "num_statements": 8, "percent_covered": 0.0, "percent_covered_display": "0", "missing_lines": 8, "excluded_lines": 0}, "missing_lines": [189, 190, 191, 192, 193, 194, 195, 196], "excluded_lines": []}, "EventBus": {"executed_lines": [209, 211, 212, 214, 216, 217, 218, 228, 229, 230, 231, 232, 242, 243, 244, 245, 254, 255, 256, 258, 267, 268, 269, 271, 274, 275, 287, 288, 289, 290, 293, 302, 303, 307, 308, 313, 314, 323, 324, 325, 326, 328, 329, 330, 331, 332], "summary": {"covered_lines": 46, "num_statements": 47, "percent_covered": 97.87234042553192, "percent_covered_display": "98", "missing_lines": 1, "excluded_lines": 0}, "missing_lines": [292], "excluded_lines": []}, "": {"executed_lines": [1, 3, 4, 5, 6, 7, 8, 9, 10, 12, 25, 28, 29, 31, 41, 45, 49, 50, 52, 86, 87, 89, 111, 112, 114, 140, 141, 143, 168, 169, 174, 175, 177, 199, 200, 202, 220, 234, 247, 260, 277, 295, 305, 310, 311, 316], "summary": {"covered_lines": 37, "num_statements": 37, "percent_covered": 100.0, "percent_covered_display": "100", "missing_lines": 0, "excluded_lines": 1}, "missing_lines": [], "excluded_lines": [45]}}}, "src/qengine/core/types.py": {"executed_lines": [1, 3, 4, 5, 6, 9, 10, 13, 14, 15, 16, 19, 20, 21, 24, 25, 28, 29, 31, 32, 33, 34, 35, 36, 37, 40, 41, 43, 44, 45, 46, 47, 48, 49, 52, 53, 55, 56, 57, 58, 59, 60, 61, 62, 65, 66, 68, 69, 70, 71, 74, 75, 77, 78, 79, 80, 81, 82, 83, 86, 87, 89, 90, 91, 92, 93, 94, 95, 96, 99, 100, 102, 103, 104, 105, 106, 107, 110, 111, 113, 114, 115, 116], "summary": {"covered_lines": 74, "num_statements": 74, "percent_covered": 100.0, "percent_covered_display": "100", "missing_lines": 0, "excluded_lines": 0}, "missing_lines": [], "excluded_lines": [], "functions": {"": {"executed_lines": [1, 3, 4, 5, 6, 9, 10, 13, 14, 15, 16, 19, 20, 21, 24, 25, 28, 29, 31, 32, 33, 34, 35, 36, 37, 40, 41, 43, 44, 45, 46, 47, 48, 49, 52, 53, 55, 56, 57, 58, 59, 60, 61, 62, 65, 66, 68, 69, 70, 71, 74, 75, 77, 78, 79, 80, 81, 82, 83, 86, 87, 89, 90, 91, 92, 93, 94, 95, 96, 99, 100, 102, 103, 104, 105, 106, 107, 110, 111, 113, 114, 115, 116], "summary": {"covered_lines": 74, "num_statements": 74, "percent_covered": 100.0, "percent_covered_display": "100", "missing_lines": 0, "excluded_lines": 0}, "missing_lines": [], "excluded_lines": []}}, "classes": {"EventType": {"executed_lines": [], "summary": {"covered_lines": 0, "num_statements": 0, "percent_covered": 100.0, "percent_covered_display": "100", "missing_lines": 0, "excluded_lines": 0}, "missing_lines": [], "excluded_lines": []}, "OrderType": {"executed_lines": [], "summary": {"covered_lines": 0, "num_statements": 0, "percent_covered": 100.0, "percent_covered_display": "100", "missing_lines": 0, "excluded_lines": 0}, "missing_lines": [], "excluded_lines": []}, "OrderStatus": {"executed_lines": [], "summary": {"covered_lines": 0, "num_statements": 0, "percent_covered": 100.0, "percent_covered_display": "100", "missing_lines": 0, "excluded_lines": 0}, "missing_lines": [], "excluded_lines": []}, "OrderSide": {"executed_lines": [], "summary": {"covered_lines": 0, "num_statements": 0, "percent_covered": 100.0, "percent_covered_display": "100", "missing_lines": 0, "excluded_lines": 0}, "missing_lines": [], "excluded_lines": []}, "TimeInForce": {"executed_lines": [], "summary": {"covered_lines": 0, "num_statements": 0, "percent_covered": 100.0, "percent_covered_display": "100", "missing_lines": 0, "excluded_lines": 0}, "missing_lines": [], "excluded_lines": []}, "AssetType": {"executed_lines": [], "summary": {"covered_lines": 0, "num_statements": 0, "percent_covered": 100.0, "percent_covered_display": "100", "missing_lines": 0, "excluded_lines": 0}, "missing_lines": [], "excluded_lines": []}, "BarType": {"executed_lines": [], "summary": {"covered_lines": 0, "num_statements": 0, "percent_covered": 100.0, "percent_covered_display": "100", "missing_lines": 0, "excluded_lines": 0}, "missing_lines": [], "excluded_lines": []}, "MarketDataType": {"executed_lines": [], "summary": {"covered_lines": 0, "num_statements": 0, "percent_covered": 100.0, "percent_covered_display": "100", "missing_lines": 0, "excluded_lines": 0}, "missing_lines": [], "excluded_lines": []}, "": {"executed_lines": [1, 3, 4, 5, 6, 9, 10, 13, 14, 15, 16, 19, 20, 21, 24, 25, 28, 29, 31, 32, 33, 34, 35, 36, 37, 40, 41, 43, 44, 45, 46, 47, 48, 49, 52, 53, 55, 56, 57, 58, 59, 60, 61, 62, 65, 66, 68, 69, 70, 71, 74, 75, 77, 78, 79, 80, 81, 82, 83, 86, 87, 89, 90, 91, 92, 93, 94, 95, 96, 99, 100, 102, 103, 104, 105, 106, 107, 110, 111, 113, 114, 115, 116], "summary": {"covered_lines": 74, "num_statements": 74, "percent_covered": 100.0, "percent_covered_display": "100", "missing_lines": 0, "excluded_lines": 0}, "missing_lines": [], "excluded_lines": []}}}, "src/qengine/data/asset_registry.py": {"executed_lines": [1, 6, 7, 10, 11, 12, 14, 15, 16, 17, 18, 19, 22, 25, 26, 28, 29, 32, 34, 37, 47, 56, 62, 64, 76, 78, 86, 88], "summary": {"covered_lines": 25, "num_statements": 26, "percent_covered": 96.15384615384616, "percent_covered_display": "96", "missing_lines": 1, "excluded_lines": 0}, "missing_lines": [94], "excluded_lines": [], "functions": {"AssetRegistry.__init__": {"executed_lines": [29, 32], "summary": {"covered_lines": 2, "num_statements": 2, "percent_covered": 100.0, "percent_covered_display": "100", "missing_lines": 0, "excluded_lines": 0}, "missing_lines": [], "excluded_lines": []}, "AssetRegistry._register_defaults": {"executed_lines": [37, 47], "summary": {"covered_lines": 2, "num_statements": 2, "percent_covered": 100.0, "percent_covered_display": "100", "missing_lines": 0, "excluded_lines": 0}, "missing_lines": [], "excluded_lines": []}, "AssetRegistry.register": {"executed_lines": [62], "summary": {"covered_lines": 1, "num_statements": 1, "percent_covered": 100.0, "percent_covered_display": "100", "missing_lines": 0, "excluded_lines": 0}, "missing_lines": [], "excluded_lines": []}, "AssetRegistry.get": {"executed_lines": [76, 78, 86], "summary": {"covered_lines": 3, "num_statements": 3, "percent_covered": 100.0, "percent_covered_display": "100", "missing_lines": 0, "excluded_lines": 0}, "missing_lines": [], "excluded_lines": []}, "AssetRegistry.list_assets": {"executed_lines": [], "summary": {"covered_lines": 0, "num_statements": 1, "percent_covered": 0.0, "percent_covered_display": "0", "missing_lines": 1, "excluded_lines": 0}, "missing_lines": [94], "excluded_lines": []}, "": {"executed_lines": [1, 6, 7, 10, 11, 12, 14, 15, 16, 17, 18, 19, 22, 25, 26, 28, 34, 56, 64, 88], "summary": {"covered_lines": 17, "num_statements": 17, "percent_covered": 100.0, "percent_covered_display": "100", "missing_lines": 0, "excluded_lines": 0}, "missing_lines": [], "excluded_lines": []}}, "classes": {"AssetSpec": {"executed_lines": [], "summary": {"covered_lines": 0, "num_statements": 0, "percent_covered": 100.0, "percent_covered_display": "100", "missing_lines": 0, "excluded_lines": 0}, "missing_lines": [], "excluded_lines": []}, "AssetRegistry": {"executed_lines": [29, 32, 37, 47, 62, 76, 78, 86], "summary": {"covered_lines": 8, "num_statements": 9, "percent_covered": 88.88888888888889, "percent_covered_display": "89", "missing_lines": 1, "excluded_lines": 0}, "missing_lines": [94], "excluded_lines": []}, "": {"executed_lines": [1, 6, 7, 10, 11, 12, 14, 15, 16, 17, 18, 19, 22, 25, 26, 28, 34, 56, 64, 88], "summary": {"covered_lines": 17, "num_statements": 17, "percent_covered": 100.0, "percent_covered_display": "100", "missing_lines": 0, "excluded_lines": 0}, "missing_lines": [], "excluded_lines": []}}}, "src/qengine/data/feed.py": {"executed_lines": [1, 3, 4, 5, 6, 8, 10, 11, 14, 15, 17, 18, 26, 27, 35, 36, 39, 40, 48, 49, 50, 54, 55, 57, 58, 66, 67, 75, 76, 80, 81, 83, 120, 132, 158, 169, 173, 184, 185, 190, 191, 193, 213, 214, 215, 216, 219, 220, 222, 224, 225, 227, 229, 232, 233, 235, 237, 239, 241, 244, 256, 267, 271, 281, 282, 284, 287, 288, 290, 329, 353, 364], "summary": {"covered_lines": 49, "num_statements": 123, "percent_covered": 39.83739837398374, "percent_covered_display": "40", "missing_lines": 74, "excluded_lines": 50}, "missing_lines": [101, 102, 103, 104, 107, 110, 111, 112, 115, 117, 118, 122, 123, 125, 126, 129, 130, 134, 137, 138, 141, 160, 161, 163, 164, 165, 167, 171, 176, 177, 179, 180, 182, 187, 230, 242, 258, 259, 261, 262, 263, 265, 269, 273, 274, 276, 277, 279, 314, 315, 316, 317, 318, 319, 320, 321, 324, 326, 327, 331, 332, 334, 335, 337, 338, 339, 341, 355, 356, 358, 359, 360, 362, 366], "excluded_lines": [17, 18, 19, 20, 21, 22, 23, 24, 26, 27, 28, 29, 30, 31, 32, 33, 35, 36, 37, 39, 40, 41, 42, 43, 44, 45, 46, 48, 49, 50, 51, 57, 58, 59, 60, 61, 62, 63, 64, 66, 67, 68, 69, 70, 71, 72, 73, 75, 76, 77], "functions": {"DataFeed.get_next_event": {"executed_lines": [], "summary": {"covered_lines": 0, "num_statements": 0, "percent_covered": 100.0, "percent_covered_display": "100", "missing_lines": 0, "excluded_lines": 6}, "missing_lines": [], "excluded_lines": [19, 20, 21, 22, 23, 24]}, "DataFeed.peek_next_timestamp": {"executed_lines": [], "summary": {"covered_lines": 0, "num_statements": 0, "percent_covered": 100.0, "percent_covered_display": "100", "missing_lines": 0, "excluded_lines": 6}, "missing_lines": [], "excluded_lines": [28, 29, 30, 31, 32, 33]}, "DataFeed.reset": {"executed_lines": [], "summary": {"covered_lines": 0, "num_statements": 0, "percent_covered": 100.0, "percent_covered_display": "100", "missing_lines": 0, "excluded_lines": 1}, "missing_lines": [], "excluded_lines": [37]}, "DataFeed.seek": {"executed_lines": [], "summary": {"covered_lines": 0, "num_statements": 0, "percent_covered": 100.0, "percent_covered_display": "100", "missing_lines": 0, "excluded_lines": 6}, "missing_lines": [], "excluded_lines": [41, 42, 43, 44, 45, 46]}, "DataFeed.is_exhausted": {"executed_lines": [], "summary": {"covered_lines": 0, "num_statements": 0, "percent_covered": 100.0, "percent_covered_display": "100", "missing_lines": 0, "excluded_lines": 1}, "missing_lines": [], "excluded_lines": [51]}, "SignalSource.get_next_signal": {"executed_lines": [], "summary": {"covered_lines": 0, "num_statements": 0, "percent_covered": 100.0, "percent_covered_display": "100", "missing_lines": 0, "excluded_lines": 6}, "missing_lines": [], "excluded_lines": [59, 60, 61, 62, 63, 64]}, "SignalSource.peek_next_timestamp": {"executed_lines": [], "summary": {"covered_lines": 0, "num_statements": 0, "percent_covered": 100.0, "percent_covered_display": "100", "missing_lines": 0, "excluded_lines": 6}, "missing_lines": [], "excluded_lines": [68, 69, 70, 71, 72, 73]}, "SignalSource.reset": {"executed_lines": [], "summary": {"covered_lines": 0, "num_statements": 0, "percent_covered": 100.0, "percent_covered_display": "100", "missing_lines": 0, "excluded_lines": 1}, "missing_lines": [], "excluded_lines": [77]}, "ParquetDataFeed.__init__": {"executed_lines": [], "summary": {"covered_lines": 0, "num_statements": 11, "percent_covered": 0.0, "percent_covered_display": "0", "missing_lines": 11, "excluded_lines": 0}, "missing_lines": [101, 102, 103, 104, 107, 110, 111, 112, 115, 117, 118], "excluded_lines": []}, "ParquetDataFeed.get_next_event": {"executed_lines": [], "summary": {"covered_lines": 0, "num_statements": 6, "percent_covered": 0.0, "percent_covered_display": "0", "missing_lines": 6, "excluded_lines": 0}, "missing_lines": [122, 123, 125, 126, 129, 130], "excluded_lines": []}, "ParquetDataFeed._create_market_event": {"executed_lines": [], "summary": {"covered_lines": 0, "num_statements": 4, "percent_covered": 0.0, "percent_covered_display": "0", "missing_lines": 4, "excluded_lines": 0}, "missing_lines": [134, 137, 138, 141], "excluded_lines": []}, "ParquetDataFeed.peek_next_timestamp": {"executed_lines": [], "summary": {"covered_lines": 0, "num_statements": 6, "percent_covered": 0.0, "percent_covered_display": "0", "missing_lines": 6, "excluded_lines": 0}, "missing_lines": [160, 161, 163, 164, 165, 167], "excluded_lines": []}, "ParquetDataFeed.reset": {"executed_lines": [], "summary": {"covered_lines": 0, "num_statements": 1, "percent_covered": 0.0, "percent_covered_display": "0", "missing_lines": 1, "excluded_lines": 0}, "missing_lines": [171], "excluded_lines": []}, "ParquetDataFeed.seek": {"executed_lines": [], "summary": {"covered_lines": 0, "num_statements": 5, "percent_covered": 0.0, "percent_covered_display": "0", "missing_lines": 5, "excluded_lines": 0}, "missing_lines": [176, 177, 179, 180, 182], "excluded_lines": []}, "ParquetDataFeed.is_exhausted": {"executed_lines": [], "summary": {"covered_lines": 0, "num_statements": 1, "percent_covered": 0.0, "percent_covered_display": "0", "missing_lines": 1, "excluded_lines": 0}, "missing_lines": [187], "excluded_lines": []}, "CSVDataFeed.__init__": {"executed_lines": [213, 214, 215, 216, 219, 220, 222, 224, 225], "summary": {"covered_lines": 9, "num_statements": 9, "percent_covered": 100.0, "percent_covered_display": "100", "missing_lines": 0, "excluded_lines": 0}, "missing_lines": [], "excluded_lines": []}, "CSVDataFeed.get_next_event": {"executed_lines": [229, 232, 233, 235], "summary": {"covered_lines": 4, "num_statements": 5, "percent_covered": 80.0, "percent_covered_display": "80", "missing_lines": 1, "excluded_lines": 0}, "missing_lines": [230], "excluded_lines": []}, "CSVDataFeed._create_market_event": {"executed_lines": [239, 241, 244], "summary": {"covered_lines": 3, "num_statements": 4, "percent_covered": 75.0, "percent_covered_display": "75", "missing_lines": 1, "excluded_lines": 0}, "missing_lines": [242], "excluded_lines": []}, "CSVDataFeed.peek_next_timestamp": {"executed_lines": [], "summary": {"covered_lines": 0, "num_statements": 6, "percent_covered": 0.0, "percent_covered_display": "0", "missing_lines": 6, "excluded_lines": 0}, "missing_lines": [258, 259, 261, 262, 263, 265], "excluded_lines": []}, "CSVDataFeed.reset": {"executed_lines": [], "summary": {"covered_lines": 0, "num_statements": 1, "percent_covered": 0.0, "percent_covered_display": "0", "missing_lines": 1, "excluded_lines": 0}, "missing_lines": [269], "excluded_lines": []}, "CSVDataFeed.seek": {"executed_lines": [], "summary": {"covered_lines": 0, "num_statements": 5, "percent_covered": 0.0, "percent_covered_display": "0", "missing_lines": 5, "excluded_lines": 0}, "missing_lines": [273, 274, 276, 277, 279], "excluded_lines": []}, "CSVDataFeed.is_exhausted": {"executed_lines": [284], "summary": {"covered_lines": 1, "num_statements": 1, "percent_covered": 100.0, "percent_covered_display": "100", "missing_lines": 0, "excluded_lines": 0}, "missing_lines": [], "excluded_lines": []}, "ParquetSignalSource.__init__": {"executed_lines": [], "summary": {"covered_lines": 0, "num_statements": 11, "percent_covered": 0.0, "percent_covered_display": "0", "missing_lines": 11, "excluded_lines": 0}, "missing_lines": [314, 315, 316, 317, 318, 319, 320, 321, 324, 326, 327], "excluded_lines": []}, "ParquetSignalSource.get_next_signal": {"executed_lines": [], "summary": {"covered_lines": 0, "num_statements": 8, "percent_covered": 0.0, "percent_covered_display": "0", "missing_lines": 8, "excluded_lines": 0}, "missing_lines": [331, 332, 334, 335, 337, 338, 339, 341], "excluded_lines": []}, "ParquetSignalSource.peek_next_timestamp": {"executed_lines": [], "summary": {"covered_lines": 0, "num_statements": 6, "percent_covered": 0.0, "percent_covered_display": "0", "missing_lines": 6, "excluded_lines": 0}, "missing_lines": [355, 356, 358, 359, 360, 362], "excluded_lines": []}, "ParquetSignalSource.reset": {"executed_lines": [], "summary": {"covered_lines": 0, "num_statements": 1, "percent_covered": 0.0, "percent_covered_display": "0", "missing_lines": 1, "excluded_lines": 0}, "missing_lines": [366], "excluded_lines": []}, "": {"executed_lines": [1, 3, 4, 5, 6, 8, 10, 11, 14, 15, 17, 18, 26, 27, 35, 36, 39, 40, 48, 49, 50, 54, 55, 57, 58, 66, 67, 75, 76, 80, 81, 83, 120, 132, 158, 169, 173, 184, 185, 190, 191, 193, 227, 237, 256, 267, 271, 281, 282, 287, 288, 290, 329, 353, 364], "summary": {"covered_lines": 32, "num_statements": 32, "percent_covered": 100.0, "percent_covered_display": "100", "missing_lines": 0, "excluded_lines": 17}, "missing_lines": [], "excluded_lines": [17, 18, 26, 27, 35, 36, 39, 40, 48, 49, 50, 57, 58, 66, 67, 75, 76]}}, "classes": {"DataFeed": {"executed_lines": [], "summary": {"covered_lines": 0, "num_statements": 0, "percent_covered": 100.0, "percent_covered_display": "100", "missing_lines": 0, "excluded_lines": 20}, "missing_lines": [], "excluded_lines": [19, 20, 21, 22, 23, 24, 28, 29, 30, 31, 32, 33, 37, 41, 42, 43, 44, 45, 46, 51]}, "SignalSource": {"executed_lines": [], "summary": {"covered_lines": 0, "num_statements": 0, "percent_covered": 100.0, "percent_covered_display": "100", "missing_lines": 0, "excluded_lines": 13}, "missing_lines": [], "excluded_lines": [59, 60, 61, 62, 63, 64, 68, 69, 70, 71, 72, 73, 77]}, "ParquetDataFeed": {"executed_lines": [], "summary": {"covered_lines": 0, "num_statements": 34, "percent_covered": 0.0, "percent_covered_display": "0", "missing_lines": 34, "excluded_lines": 0}, "missing_lines": [101, 102, 103, 104, 107, 110, 111, 112, 115, 117, 118, 122, 123, 125, 126, 129, 130, 134, 137, 138, 141, 160, 161, 163, 164, 165, 167, 171, 176, 177, 179, 180, 182, 187], "excluded_lines": []}, "CSVDataFeed": {"executed_lines": [213, 214, 215, 216, 219, 220, 222, 224, 225, 229, 232, 233, 235, 239, 241, 244, 284], "summary": {"covered_lines": 17, "num_statements": 31, "percent_covered": 54.83870967741935, "percent_covered_display": "55", "missing_lines": 14, "excluded_lines": 0}, "missing_lines": [230, 242, 258, 259, 261, 262, 263, 265, 269, 273, 274, 276, 277, 279], "excluded_lines": []}, "ParquetSignalSource": {"executed_lines": [], "summary": {"covered_lines": 0, "num_statements": 26, "percent_covered": 0.0, "percent_covered_display": "0", "missing_lines": 26, "excluded_lines": 0}, "missing_lines": [314, 315, 316, 317, 318, 319, 320, 321, 324, 326, 327, 331, 332, 334, 335, 337, 338, 339, 341, 355, 356, 358, 359, 360, 362, 366], "excluded_lines": []}, "": {"executed_lines": [1, 3, 4, 5, 6, 8, 10, 11, 14, 15, 17, 18, 26, 27, 35, 36, 39, 40, 48, 49, 50, 54, 55, 57, 58, 66, 67, 75, 76, 80, 81, 83, 120, 132, 158, 169, 173, 184, 185, 190, 191, 193, 227, 237, 256, 267, 271, 281, 282, 287, 288, 290, 329, 353, 364], "summary": {"covered_lines": 32, "num_statements": 32, "percent_covered": 100.0, "percent_covered_display": "100", "missing_lines": 0, "excluded_lines": 17}, "missing_lines": [], "excluded_lines": [17, 18, 26, 27, 35, 36, 39, 40, 48, 49, 50, 57, 58, 66, 67, 75, 76]}}}, "src/qengine/data/schemas.py": {"executed_lines": [1, 3, 5, 8, 9, 10, 12, 13, 14, 15, 16, 17, 19, 30, 54, 65, 66, 67, 69, 70, 71, 72, 73, 75, 90, 111], "summary": {"covered_lines": 23, "num_statements": 58, "percent_covered": 39.6551724137931, "percent_covered_display": "40", "missing_lines": 35, "excluded_lines": 0}, "missing_lines": [21, 32, 41, 42, 43, 46, 47, 48, 49, 50, 57, 58, 60, 61, 62, 77, 83, 84, 85, 86, 88, 92, 98, 99, 100, 103, 104, 105, 106, 107, 114, 115, 117, 118, 119], "excluded_lines": [], "functions": {"MarketDataSchema.get_dtypes": {"executed_lines": [], "summary": {"covered_lines": 0, "num_statements": 1, "percent_covered": 0.0, "percent_covered_display": "0", "missing_lines": 1, "excluded_lines": 0}, "missing_lines": [21], "excluded_lines": []}, "MarketDataSchema.validate": {"executed_lines": [], "summary": {"covered_lines": 0, "num_statements": 9, "percent_covered": 0.0, "percent_covered_display": "0", "missing_lines": 9, "excluded_lines": 0}, "missing_lines": [32, 41, 42, 43, 46, 47, 48, 49, 50], "excluded_lines": []}, "MarketDataSchema._compatible_dtypes": {"executed_lines": [], "summary": {"covered_lines": 0, "num_statements": 5, "percent_covered": 0.0, "percent_covered_display": "0", "missing_lines": 5, "excluded_lines": 0}, "missing_lines": [57, 58, 60, 61, 62], "excluded_lines": []}, "SignalSchema.get_dtypes": {"executed_lines": [], "summary": {"covered_lines": 0, "num_statements": 6, "percent_covered": 0.0, "percent_covered_display": "0", "missing_lines": 6, "excluded_lines": 0}, "missing_lines": [77, 83, 84, 85, 86, 88], "excluded_lines": []}, "SignalSchema.validate": {"executed_lines": [], "summary": {"covered_lines": 0, "num_statements": 9, "percent_covered": 0.0, "percent_covered_display": "0", "missing_lines": 9, "excluded_lines": 0}, "missing_lines": [92, 98, 99, 100, 103, 104, 105, 106, 107], "excluded_lines": []}, "SignalSchema._compatible_dtypes": {"executed_lines": [], "summary": {"covered_lines": 0, "num_statements": 5, "percent_covered": 0.0, "percent_covered_display": "0", "missing_lines": 5, "excluded_lines": 0}, "missing_lines": [114, 115, 117, 118, 119], "excluded_lines": []}, "": {"executed_lines": [1, 3, 5, 8, 9, 10, 12, 13, 14, 15, 16, 17, 19, 30, 54, 65, 66, 67, 69, 70, 71, 72, 73, 75, 90, 111], "summary": {"covered_lines": 23, "num_statements": 23, "percent_covered": 100.0, "percent_covered_display": "100", "missing_lines": 0, "excluded_lines": 0}, "missing_lines": [], "excluded_lines": []}}, "classes": {"MarketDataSchema": {"executed_lines": [], "summary": {"covered_lines": 0, "num_statements": 15, "percent_covered": 0.0, "percent_covered_display": "0", "missing_lines": 15, "excluded_lines": 0}, "missing_lines": [21, 32, 41, 42, 43, 46, 47, 48, 49, 50, 57, 58, 60, 61, 62], "excluded_lines": []}, "SignalSchema": {"executed_lines": [], "summary": {"covered_lines": 0, "num_statements": 20, "percent_covered": 0.0, "percent_covered_display": "0", "missing_lines": 20, "excluded_lines": 0}, "missing_lines": [77, 83, 84, 85, 86, 88, 92, 98, 99, 100, 103, 104, 105, 106, 107, 114, 115, 117, 118, 119], "excluded_lines": []}, "": {"executed_lines": [1, 3, 5, 8, 9, 10, 12, 13, 14, 15, 16, 17, 19, 30, 54, 65, 66, 67, 69, 70, 71, 72, 73, 75, 90, 111], "summary": {"covered_lines": 23, "num_statements": 23, "percent_covered": 100.0, "percent_covered_display": "100", "missing_lines": 0, "excluded_lines": 0}, "missing_lines": [], "excluded_lines": []}}}, "src/qengine/engine.py": {"executed_lines": [1, 3, 4, 5, 7, 9, 10, 11, 12, 13, 14, 15, 17, 20, 21, 43, 68, 69, 70, 71, 74, 77, 80, 81, 83, 85, 88, 89, 91, 93, 96, 97, 99, 101, 104, 106, 107, 108, 109, 112, 115, 116, 117, 119, 123, 124, 127, 128, 131, 134, 135, 137, 158, 159, 162, 163, 164, 165, 168, 169, 170, 173, 175, 177, 178, 179, 182, 183, 184, 187, 191, 192, 193, 196, 200, 201, 204, 213, 214, 215, 218, 219, 221, 230, 234, 238, 241, 243, 246, 249, 250, 253, 256, 260, 261, 262, 263, 265, 266, 268, 274, 275, 277, 284, 285, 286, 287, 290, 292, 306, 307, 309, 311, 313, 316, 319, 320, 321, 322, 323, 326, 327, 328, 331, 334, 335, 337, 343, 344, 345, 346, 347, 349, 350, 352, 354, 355, 357, 359, 360, 362, 364, 365, 367, 368, 369, 370, 372, 378, 390, 396, 398, 404, 406, 407, 408, 410, 412, 414, 418, 419, 427, 430], "summary": {"covered_lines": 160, "num_statements": 169, "percent_covered": 94.67455621301775, "percent_covered_display": "95", "missing_lines": 9, "excluded_lines": 0}, "missing_lines": [222, 224, 225, 235, 257, 421, 423, 424, 425], "excluded_lines": [], "functions": {"BacktestEngine.__init__": {"executed_lines": [68, 69, 70, 71, 74, 77, 80, 81, 83, 85, 88, 89, 91, 93, 96, 97, 99, 101, 104, 106, 107, 108, 109, 112, 115, 116, 117], "summary": {"covered_lines": 27, "num_statements": 27, "percent_covered": 100.0, "percent_covered_display": "100", "missing_lines": 0, "excluded_lines": 0}, "missing_lines": [], "excluded_lines": []}, "BacktestEngine._setup_event_handlers": {"executed_lines": [123, 124, 127, 128, 131, 134, 135], "summary": {"covered_lines": 7, "num_statements": 7, "percent_covered": 100.0, "percent_covered_display": "100", "missing_lines": 0, "excluded_lines": 0}, "missing_lines": [], "excluded_lines": []}, "BacktestEngine.run": {"executed_lines": [158, 159, 162, 163, 164, 165, 168, 169, 170, 173, 175, 177, 178, 179, 182, 183, 184, 187, 191, 192, 193, 196, 200, 201, 204, 213, 214, 215, 218, 219, 221, 230, 234, 238, 241, 243, 246, 249, 250, 253, 256, 260, 261, 262, 263, 265, 266, 268, 274, 275], "summary": {"covered_lines": 50, "num_statements": 55, "percent_covered": 90.9090909090909, "percent_covered_display": "91", "missing_lines": 5, "excluded_lines": 0}, "missing_lines": [222, 224, 225, 235, 257], "excluded_lines": []}, "BacktestEngine._compile_results": {"executed_lines": [284, 285, 286, 287, 290, 292, 306, 307, 309], "summary": {"covered_lines": 9, "num_statements": 9, "percent_covered": 100.0, "percent_covered_display": "100", "missing_lines": 0, "excluded_lines": 0}, "missing_lines": [], "excluded_lines": []}, "BacktestEngine.reset": {"executed_lines": [313, 316, 319, 320, 321, 322, 323, 326, 327, 328, 331], "summary": {"covered_lines": 11, "num_statements": 11, "percent_covered": 100.0, "percent_covered_display": "100", "missing_lines": 0, "excluded_lines": 0}, "missing_lines": [], "excluded_lines": []}, "BacktestResults.__init__": {"executed_lines": [343, 344, 345, 346, 347], "summary": {"covered_lines": 5, "num_statements": 5, "percent_covered": 100.0, "percent_covered_display": "100", "missing_lines": 0, "excluded_lines": 0}, "missing_lines": [], "excluded_lines": []}, "BacktestResults.total_return": {"executed_lines": [352], "summary": {"covered_lines": 1, "num_statements": 1, "percent_covered": 100.0, "percent_covered_display": "100", "missing_lines": 0, "excluded_lines": 0}, "missing_lines": [], "excluded_lines": []}, "BacktestResults.sharpe_ratio": {"executed_lines": [357], "summary": {"covered_lines": 1, "num_statements": 1, "percent_covered": 100.0, "percent_covered_display": "100", "missing_lines": 0, "excluded_lines": 0}, "missing_lines": [], "excluded_lines": []}, "BacktestResults.max_drawdown": {"executed_lines": [362], "summary": {"covered_lines": 1, "num_statements": 1, "percent_covered": 100.0, "percent_covered_display": "100", "missing_lines": 0, "excluded_lines": 0}, "missing_lines": [], "excluded_lines": []}, "BacktestResults.win_rate": {"executed_lines": [367, 368, 369, 370], "summary": {"covered_lines": 4, "num_statements": 4, "percent_covered": 100.0, "percent_covered_display": "100", "missing_lines": 0, "excluded_lines": 0}, "missing_lines": [], "excluded_lines": []}, "BacktestResults.summary": {"executed_lines": [378], "summary": {"covered_lines": 1, "num_statements": 1, "percent_covered": 100.0, "percent_covered_display": "100", "missing_lines": 0, "excluded_lines": 0}, "missing_lines": [], "excluded_lines": []}, "BacktestResults.to_dict": {"executed_lines": [396], "summary": {"covered_lines": 1, "num_statements": 1, "percent_covered": 100.0, "percent_covered_display": "100", "missing_lines": 0, "excluded_lines": 0}, "missing_lines": [], "excluded_lines": []}, "BacktestResults.save": {"executed_lines": [404, 406, 407, 408, 410, 412, 414, 418, 419, 427], "summary": {"covered_lines": 10, "num_statements": 14, "percent_covered": 71.42857142857143, "percent_covered_display": "71", "missing_lines": 4, "excluded_lines": 0}, "missing_lines": [421, 423, 424, 425], "excluded_lines": []}, "": {"executed_lines": [1, 3, 4, 5, 7, 9, 10, 11, 12, 13, 14, 15, 17, 20, 21, 43, 119, 137, 277, 311, 334, 335, 337, 349, 350, 354, 355, 359, 360, 364, 365, 372, 390, 398, 430], "summary": {"covered_lines": 32, "num_statements": 32, "percent_covered": 100.0, "percent_covered_display": "100", "missing_lines": 0, "excluded_lines": 0}, "missing_lines": [], "excluded_lines": []}}, "classes": {"BacktestEngine": {"executed_lines": [68, 69, 70, 71, 74, 77, 80, 81, 83, 85, 88, 89, 91, 93, 96, 97, 99, 101, 104, 106, 107, 108, 109, 112, 115, 116, 117, 123, 124, 127, 128, 131, 134, 135, 158, 159, 162, 163, 164, 165, 168, 169, 170, 173, 175, 177, 178, 179, 182, 183, 184, 187, 191, 192, 193, 196, 200, 201, 204, 213, 214, 215, 218, 219, 221, 230, 234, 238, 241, 243, 246, 249, 250, 253, 256, 260, 261, 262, 263, 265, 266, 268, 274, 275, 284, 285, 286, 287, 290, 292, 306, 307, 309, 313, 316, 319, 320, 321, 322, 323, 326, 327, 328, 331], "summary": {"covered_lines": 104, "num_statements": 109, "percent_covered": 95.41284403669725, "percent_covered_display": "95", "missing_lines": 5, "excluded_lines": 0}, "missing_lines": [222, 224, 225, 235, 257], "excluded_lines": []}, "BacktestResults": {"executed_lines": [343, 344, 345, 346, 347, 352, 357, 362, 367, 368, 369, 370, 378, 396, 404, 406, 407, 408, 410, 412, 414, 418, 419, 427], "summary": {"covered_lines": 24, "num_statements": 28, "percent_covered": 85.71428571428571, "percent_covered_display": "86", "missing_lines": 4, "excluded_lines": 0}, "missing_lines": [421, 423, 424, 425], "excluded_lines": []}, "": {"executed_lines": [1, 3, 4, 5, 7, 9, 10, 11, 12, 13, 14, 15, 17, 20, 21, 43, 119, 137, 277, 311, 334, 335, 337, 349, 350, 354, 355, 359, 360, 364, 365, 372, 390, 398, 430], "summary": {"covered_lines": 32, "num_statements": 32, "percent_covered": 100.0, "percent_covered_display": "100", "missing_lines": 0, "excluded_lines": 0}, "missing_lines": [], "excluded_lines": []}}}, "src/qengine/execution/bracket_manager.py": {"executed_lines": [1, 7, 8, 10, 11, 12, 14, 17, 18, 31, 37, 38, 40, 42, 52, 55, 62, 63, 74, 85, 86, 89, 95, 96, 98, 103, 105, 117, 120, 121, 122, 123, 124, 128, 130, 141], "summary": {"covered_lines": 34, "num_statements": 41, "percent_covered": 82.92682926829268, "percent_covered_display": "83", "missing_lines": 7, "excluded_lines": 0}, "missing_lines": [53, 56, 59, 118, 139, 143, 144], "excluded_lines": [], "functions": {"BracketOrderManager.__init__": {"executed_lines": [37, 38, 40], "summary": {"covered_lines": 3, "num_statements": 3, "percent_covered": 100.0, "percent_covered_display": "100", "missing_lines": 0, "excluded_lines": 0}, "missing_lines": [], "excluded_lines": []}, "BracketOrderManager.handle_bracket_fill": {"executed_lines": [52, 55, 62, 63, 74, 85, 86, 89, 95, 96, 98, 103], "summary": {"covered_lines": 12, "num_statements": 15, "percent_covered": 80.0, "percent_covered_display": "80", "missing_lines": 3, "excluded_lines": 0}, "missing_lines": [53, 56, 59], "excluded_lines": []}, "BracketOrderManager.handle_oco_fill": {"executed_lines": [117, 120, 121, 122, 123, 124, 128], "summary": {"covered_lines": 7, "num_statements": 8, "percent_covered": 87.5, "percent_covered_display": "88", "missing_lines": 1, "excluded_lines": 0}, "missing_lines": [118], "excluded_lines": []}, "BracketOrderManager.get_bracket_children": {"executed_lines": [], "summary": {"covered_lines": 0, "num_statements": 1, "percent_covered": 0.0, "percent_covered_display": "0", "missing_lines": 1, "excluded_lines": 0}, "missing_lines": [139], "excluded_lines": []}, "BracketOrderManager.reset": {"executed_lines": [], "summary": {"covered_lines": 0, "num_statements": 2, "percent_covered": 0.0, "percent_covered_display": "0", "missing_lines": 2, "excluded_lines": 0}, "missing_lines": [143, 144], "excluded_lines": []}, "": {"executed_lines": [1, 7, 8, 10, 11, 12, 14, 17, 18, 31, 42, 105, 130, 141], "summary": {"covered_lines": 12, "num_statements": 12, "percent_covered": 100.0, "percent_covered_display": "100", "missing_lines": 0, "excluded_lines": 0}, "missing_lines": [], "excluded_lines": []}}, "classes": {"BracketOrderManager": {"executed_lines": [37, 38, 40, 52, 55, 62, 63, 74, 85, 86, 89, 95, 96, 98, 103, 117, 120, 121, 122, 123, 124, 128], "summary": {"covered_lines": 22, "num_statements": 29, "percent_covered": 75.86206896551724, "percent_covered_display": "76", "missing_lines": 7, "excluded_lines": 0}, "missing_lines": [53, 56, 59, 118, 139, 143, 144], "excluded_lines": []}, "": {"executed_lines": [1, 7, 8, 10, 11, 12, 14, 17, 18, 31, 42, 105, 130, 141], "summary": {"covered_lines": 12, "num_statements": 12, "percent_covered": 100.0, "percent_covered_display": "100", "missing_lines": 0, "excluded_lines": 0}, "missing_lines": [], "excluded_lines": []}}}, "src/qengine/execution/broker.py": {"executed_lines": [1, 3, 4, 5, 6, 7, 9, 10, 11, 20, 21, 22, 23, 24, 25, 27, 33, 36, 37, 39, 40, 43, 44, 47, 48, 51, 52, 55, 56, 60, 61, 75, 106, 107, 108, 109, 110, 111, 112, 113, 114, 115, 118, 119, 120, 123, 124, 129, 140, 143, 144, 145, 147, 154, 155, 157, 159, 160, 164, 165, 167, 169, 170, 172, 174, 175, 177, 179, 180, 182, 184, 185, 187, 189, 190, 192, 194, 209, 212, 215, 218, 224, 227, 231, 232, 233, 236, 240, 243, 244, 245, 252, 254, 263, 264, 265, 268, 271, 272, 274, 284, 285, 286, 289, 291, 293, 294, 295, 299, 301, 303, 305, 307, 317, 318, 321, 322, 323, 324, 329, 333, 334, 335, 337, 344, 346, 355, 356, 357, 359, 362, 363, 366, 367, 370, 371, 374, 375, 376, 377, 378, 381, 382, 384, 385, 386, 387, 394, 396, 405, 406, 407, 409, 412, 430, 431, 433, 435, 436, 437, 440, 441, 442, 443, 444, 451, 453, 462, 463, 464, 466, 469, 480, 482, 483, 487, 489, 492, 493, 494, 496, 498, 500, 503, 505, 507, 516, 519, 520, 523, 525, 527, 529, 531, 535, 537, 545, 552, 553, 554, 556, 562, 565, 577, 579, 582, 583, 587, 588, 592, 594, 600, 602, 603, 604, 605, 619, 620, 623], "summary": {"covered_lines": 206, "num_statements": 256, "percent_covered": 80.46875, "percent_covered_display": "80", "missing_lines": 50, "excluded_lines": 15}, "missing_lines": [28, 29, 30, 31, 126, 162, 210, 213, 216, 219, 220, 221, 222, 225, 228, 237, 269, 297, 326, 417, 421, 422, 423, 424, 426, 427, 470, 474, 475, 476, 485, 501, 504, 533, 584, 585, 589, 590, 621, 629, 630, 636, 637, 638, 639, 642, 643, 644, 645, 647], "excluded_lines": [39, 40, 41, 43, 44, 45, 47, 48, 49, 51, 52, 53, 55, 56, 57], "functions": {"Broker.submit_order": {"executed_lines": [], "summary": {"covered_lines": 0, "num_statements": 0, "percent_covered": 100.0, "percent_covered_display": "100", "missing_lines": 0, "excluded_lines": 1}, "missing_lines": [], "excluded_lines": [41]}, "Broker.cancel_order": {"executed_lines": [], "summary": {"covered_lines": 0, "num_statements": 0, "percent_covered": 100.0, "percent_covered_display": "100", "missing_lines": 0, "excluded_lines": 1}, "missing_lines": [], "excluded_lines": [45]}, "Broker.get_order": {"executed_lines": [], "summary": {"covered_lines": 0, "num_statements": 0, "percent_covered": 100.0, "percent_covered_display": "100", "missing_lines": 0, "excluded_lines": 1}, "missing_lines": [], "excluded_lines": [49]}, "Broker.get_open_orders": {"executed_lines": [], "summary": {"covered_lines": 0, "num_statements": 0, "percent_covered": 100.0, "percent_covered_display": "100", "missing_lines": 0, "excluded_lines": 1}, "missing_lines": [], "excluded_lines": [53]}, "Broker.on_market_event": {"executed_lines": [], "summary": {"covered_lines": 0, "num_statements": 0, "percent_covered": 100.0, "percent_covered_display": "100", "missing_lines": 0, "excluded_lines": 1}, "missing_lines": [], "excluded_lines": [57]}, "SimulationBroker.__init__": {"executed_lines": [106, 107, 108, 109, 110, 111, 112, 113, 114, 115, 118, 119, 120, 123, 124, 129, 140, 143, 144, 145, 147], "summary": {"covered_lines": 21, "num_statements": 22, "percent_covered": 95.45454545454545, "percent_covered_display": "95", "missing_lines": 1, "excluded_lines": 0}, "missing_lines": [126], "excluded_lines": []}, "SimulationBroker.cash": {"executed_lines": [], "summary": {"covered_lines": 0, "num_statements": 1, "percent_covered": 0.0, "percent_covered_display": "0", "missing_lines": 1, "excluded_lines": 0}, "missing_lines": [162], "excluded_lines": []}, "SimulationBroker._positions": {"executed_lines": [167], "summary": {"covered_lines": 1, "num_statements": 1, "percent_covered": 100.0, "percent_covered_display": "100", "missing_lines": 0, "excluded_lines": 0}, "missing_lines": [], "excluded_lines": []}, "SimulationBroker._orders": {"executed_lines": [172], "summary": {"covered_lines": 1, "num_statements": 1, "percent_covered": 100.0, "percent_covered_display": "100", "missing_lines": 0, "excluded_lines": 0}, "missing_lines": [], "excluded_lines": []}, "SimulationBroker._open_orders": {"executed_lines": [177], "summary": {"covered_lines": 1, "num_statements": 1, "percent_covered": 100.0, "percent_covered_display": "100", "missing_lines": 0, "excluded_lines": 0}, "missing_lines": [], "excluded_lines": []}, "SimulationBroker._stop_orders": {"executed_lines": [182], "summary": {"covered_lines": 1, "num_statements": 1, "percent_covered": 100.0, "percent_covered_display": "100", "missing_lines": 0, "excluded_lines": 0}, "missing_lines": [], "excluded_lines": []}, "SimulationBroker._trailing_stops": {"executed_lines": [187], "summary": {"covered_lines": 1, "num_statements": 1, "percent_covered": 100.0, "percent_covered_display": "100", "missing_lines": 0, "excluded_lines": 0}, "missing_lines": [], "excluded_lines": []}, "SimulationBroker._pending_orders": {"executed_lines": [192], "summary": {"covered_lines": 1, "num_statements": 1, "percent_covered": 100.0, "percent_covered_display": "100", "missing_lines": 0, "excluded_lines": 0}, "missing_lines": [], "excluded_lines": []}, "SimulationBroker.submit_order": {"executed_lines": [209, 212, 215, 218, 224, 227, 231, 232, 233, 236, 240, 243, 244, 245, 252, 254, 263, 264, 265, 268, 271, 272], "summary": {"covered_lines": 22, "num_statements": 33, "percent_covered": 66.66666666666667, "percent_covered_display": "67", "missing_lines": 11, "excluded_lines": 0}, "missing_lines": [210, 213, 216, 219, 220, 221, 222, 225, 228, 237, 269], "excluded_lines": []}, "SimulationBroker.cancel_order": {"executed_lines": [284, 285, 286, 289, 291, 293, 294, 295], "summary": {"covered_lines": 8, "num_statements": 9, "percent_covered": 88.88888888888889, "percent_covered_display": "89", "missing_lines": 1, "excluded_lines": 0}, "missing_lines": [297], "excluded_lines": []}, "SimulationBroker.get_order": {"executed_lines": [301], "summary": {"covered_lines": 1, "num_statements": 1, "percent_covered": 100.0, "percent_covered_display": "100", "missing_lines": 0, "excluded_lines": 0}, "missing_lines": [], "excluded_lines": []}, "SimulationBroker.get_open_orders": {"executed_lines": [305], "summary": {"covered_lines": 1, "num_statements": 1, "percent_covered": 100.0, "percent_covered_display": "100", "missing_lines": 0, "excluded_lines": 0}, "missing_lines": [], "excluded_lines": []}, "SimulationBroker.on_market_event": {"executed_lines": [317, 318, 321, 322, 323, 324, 329, 333, 334, 335, 337, 344, 346, 355, 356, 357, 359, 362, 363, 366, 367, 370, 371, 374, 375, 376, 377, 378, 381, 382, 384, 385, 386, 387, 394, 396, 405, 406, 407, 409, 412, 430, 431, 433, 435, 436, 437, 440, 441, 442, 443, 444, 451, 453, 462, 463, 464, 466, 469, 480, 482, 483, 487, 489, 492, 493, 494, 496], "summary": {"covered_lines": 68, "num_statements": 81, "percent_covered": 83.95061728395062, "percent_covered_display": "84", "missing_lines": 13, "excluded_lines": 0}, "missing_lines": [326, 417, 421, 422, 423, 424, 426, 427, 470, 474, 475, 476, 485], "excluded_lines": []}, "SimulationBroker._should_trigger_stop": {"executed_lines": [500, 503, 505], "summary": {"covered_lines": 3, "num_statements": 5, "percent_covered": 60.0, "percent_covered_display": "60", "missing_lines": 2, "excluded_lines": 0}, "missing_lines": [501, 504], "excluded_lines": []}, "SimulationBroker._handle_bracket_fill": {"executed_lines": [516, 519, 520], "summary": {"covered_lines": 3, "num_statements": 3, "percent_covered": 100.0, "percent_covered_display": "100", "missing_lines": 0, "excluded_lines": 0}, "missing_lines": [], "excluded_lines": []}, "SimulationBroker.get_position": {"executed_lines": [525], "summary": {"covered_lines": 1, "num_statements": 1, "percent_covered": 100.0, "percent_covered_display": "100", "missing_lines": 0, "excluded_lines": 0}, "missing_lines": [], "excluded_lines": []}, "SimulationBroker.get_positions": {"executed_lines": [529], "summary": {"covered_lines": 1, "num_statements": 1, "percent_covered": 100.0, "percent_covered_display": "100", "missing_lines": 0, "excluded_lines": 0}, "missing_lines": [], "excluded_lines": []}, "SimulationBroker.get_cash": {"executed_lines": [], "summary": {"covered_lines": 0, "num_statements": 1, "percent_covered": 0.0, "percent_covered_display": "0", "missing_lines": 1, "excluded_lines": 0}, "missing_lines": [533], "excluded_lines": []}, "SimulationBroker.get_statistics": {"executed_lines": [537], "summary": {"covered_lines": 1, "num_statements": 1, "percent_covered": 100.0, "percent_covered_display": "100", "missing_lines": 0, "excluded_lines": 0}, "missing_lines": [], "excluded_lines": []}, "SimulationBroker.initialize": {"executed_lines": [552, 553, 554], "summary": {"covered_lines": 3, "num_statements": 3, "percent_covered": 100.0, "percent_covered_display": "100", "missing_lines": 0, "excluded_lines": 0}, "missing_lines": [], "excluded_lines": []}, "SimulationBroker.on_order_event": {"executed_lines": [562, 565, 577], "summary": {"covered_lines": 3, "num_statements": 3, "percent_covered": 100.0, "percent_covered_display": "100", "missing_lines": 0, "excluded_lines": 0}, "missing_lines": [], "excluded_lines": []}, "SimulationBroker.finalize": {"executed_lines": [582, 583, 587, 588, 592], "summary": {"covered_lines": 5, "num_statements": 9, "percent_covered": 55.55555555555556, "percent_covered_display": "56", "missing_lines": 4, "excluded_lines": 0}, "missing_lines": [584, 585, 589, 590], "excluded_lines": []}, "SimulationBroker.get_trades": {"executed_lines": [600, 602, 603, 604, 605, 619, 620], "summary": {"covered_lines": 7, "num_statements": 8, "percent_covered": 87.5, "percent_covered_display": "88", "missing_lines": 1, "excluded_lines": 0}, "missing_lines": [621], "excluded_lines": []}, "SimulationBroker.reset": {"executed_lines": [], "summary": {"covered_lines": 0, "num_statements": 11, "percent_covered": 0.0, "percent_covered_display": "0", "missing_lines": 11, "excluded_lines": 0}, "missing_lines": [629, 630, 636, 637, 638, 639, 642, 643, 644, 645, 647], "excluded_lines": []}, "": {"executed_lines": [1, 3, 4, 5, 6, 7, 9, 10, 11, 20, 21, 22, 23, 24, 25, 27, 33, 36, 37, 39, 40, 43, 44, 47, 48, 51, 52, 55, 56, 60, 61, 75, 154, 155, 159, 160, 164, 165, 169, 170, 174, 175, 179, 180, 184, 185, 189, 190, 194, 274, 299, 303, 307, 498, 507, 523, 527, 531, 535, 545, 556, 579, 594, 623], "summary": {"covered_lines": 51, "num_statements": 55, "percent_covered": 92.72727272727273, "percent_covered_display": "93", "missing_lines": 4, "excluded_lines": 10}, "missing_lines": [28, 29, 30, 31], "excluded_lines": [39, 40, 43, 44, 47, 48, 51, 52, 55, 56]}}, "classes": {"Broker": {"executed_lines": [], "summary": {"covered_lines": 0, "num_statements": 0, "percent_covered": 100.0, "percent_covered_display": "100", "missing_lines": 0, "excluded_lines": 5}, "missing_lines": [], "excluded_lines": [41, 45, 49, 53, 57]}, "SimulationBroker": {"executed_lines": [106, 107, 108, 109, 110, 111, 112, 113, 114, 115, 118, 119, 120, 123, 124, 129, 140, 143, 144, 145, 147, 157, 167, 172, 177, 182, 187, 192, 209, 212, 215, 218, 224, 227, 231, 232, 233, 236, 240, 243, 244, 245, 252, 254, 263, 264, 265, 268, 271, 272, 284, 285, 286, 289, 291, 293, 294, 295, 301, 305, 317, 318, 321, 322, 323, 324, 329, 333, 334, 335, 337, 344, 346, 355, 356, 357, 359, 362, 363, 366, 367, 370, 371, 374, 375, 376, 377, 378, 381, 382, 384, 385, 386, 387, 394, 396, 405, 406, 407, 409, 412, 430, 431, 433, 435, 436, 437, 440, 441, 442, 443, 444, 451, 453, 462, 463, 464, 466, 469, 480, 482, 483, 487, 489, 492, 493, 494, 496, 500, 503, 505, 516, 519, 520, 525, 529, 537, 552, 553, 554, 562, 565, 577, 582, 583, 587, 588, 592, 600, 602, 603, 604, 605, 619, 620], "summary": {"covered_lines": 155, "num_statements": 201, "percent_covered": 77.11442786069652, "percent_covered_display": "77", "missing_lines": 46, "excluded_lines": 0}, "missing_lines": [126, 162, 210, 213, 216, 219, 220, 221, 222, 225, 228, 237, 269, 297, 326, 417, 421, 422, 423, 424, 426, 427, 470, 474, 475, 476, 485, 501, 504, 533, 584, 585, 589, 590, 621, 629, 630, 636, 637, 638, 639, 642, 643, 644, 645, 647], "excluded_lines": []}, "": {"executed_lines": [1, 3, 4, 5, 6, 7, 9, 10, 11, 20, 21, 22, 23, 24, 25, 27, 33, 36, 37, 39, 40, 43, 44, 47, 48, 51, 52, 55, 56, 60, 61, 75, 154, 155, 159, 160, 164, 165, 169, 170, 174, 175, 179, 180, 184, 185, 189, 190, 194, 274, 299, 303, 307, 498, 507, 523, 527, 531, 535, 545, 556, 579, 594, 623], "summary": {"covered_lines": 51, "num_statements": 55, "percent_covered": 92.72727272727273, "percent_covered_display": "93", "missing_lines": 4, "excluded_lines": 10}, "missing_lines": [28, 29, 30, 31], "excluded_lines": [39, 40, 43, 44, 47, 48, 51, 52, 55, 56]}}}, "src/qengine/execution/commission.py": {"executed_lines": [1, 3, 4, 6, 11, 12, 14, 15, 32, 34, 37, 38, 40, 47, 50, 51, 53, 59, 60, 61, 63, 70, 72, 74, 77, 78, 80, 86, 87, 88, 89, 90, 92, 99, 100, 102, 104, 107, 108, 110, 116, 117, 118, 120, 127, 129, 131, 134, 135, 137, 149, 151, 159, 160, 161, 162, 163, 164, 165, 167, 168, 170, 171, 173, 180, 183, 184, 185, 186, 187, 189, 190, 192, 194, 197, 198, 200, 211, 212, 213, 214, 216, 217, 219, 226, 228, 233, 235, 237, 239, 241, 244, 245, 247, 266, 267, 268, 269, 270, 271, 273, 281, 283, 285, 286, 288, 289, 290, 291, 292, 293, 294, 295, 296, 297, 298, 300, 301, 303, 305, 315, 316, 318, 324, 325, 326, 328, 335, 337, 338, 339, 340, 342, 343, 344, 345, 346, 348, 350, 351, 353, 355], "summary": {"covered_lines": 114, "num_statements": 116, "percent_covered": 98.27586206896552, "percent_covered_display": "98", "missing_lines": 2, "excluded_lines": 48}, "missing_lines": [7, 8], "excluded_lines": [14, 15, 16, 17, 18, 19, 20, 21, 22, 23, 24, 25, 26, 27, 28, 29, 30, 32, 33, 34, 72, 73, 74, 102, 103, 104, 129, 130, 131, 192, 193, 194, 239, 240, 241, 303, 304, 305, 306, 307, 308, 309, 310, 311, 312, 353, 354, 355], "functions": {"CommissionModel.calculate": {"executed_lines": [], "summary": {"covered_lines": 0, "num_statements": 0, "percent_covered": 100.0, "percent_covered_display": "100", "missing_lines": 0, "excluded_lines": 10}, "missing_lines": [], "excluded_lines": [21, 22, 23, 24, 25, 26, 27, 28, 29, 30]}, "CommissionModel.__repr__": {"executed_lines": [34], "summary": {"covered_lines": 0, "num_statements": 0, "percent_covered": 100.0, "percent_covered_display": "100", "missing_lines": 0, "excluded_lines": 2}, "missing_lines": [], "excluded_lines": [33, 34]}, "NoCommission.calculate": {"executed_lines": [47], "summary": {"covered_lines": 1, "num_statements": 1, "percent_covered": 100.0, "percent_covered_display": "100", "missing_lines": 0, "excluded_lines": 0}, "missing_lines": [], "excluded_lines": []}, "FlatCommission.__init__": {"executed_lines": [59, 60, 61], "summary": {"covered_lines": 3, "num_statements": 3, "percent_covered": 100.0, "percent_covered_display": "100", "missing_lines": 0, "excluded_lines": 0}, "missing_lines": [], "excluded_lines": []}, "FlatCommission.calculate": {"executed_lines": [70], "summary": {"covered_lines": 1, "num_statements": 1, "percent_covered": 100.0, "percent_covered_display": "100", "missing_lines": 0, "excluded_lines": 0}, "missing_lines": [], "excluded_lines": []}, "FlatCommission.__repr__": {"executed_lines": [74], "summary": {"covered_lines": 0, "num_statements": 0, "percent_covered": 100.0, "percent_covered_display": "100", "missing_lines": 0, "excluded_lines": 2}, "missing_lines": [], "excluded_lines": [73, 74]}, "PercentageCommission.__init__": {"executed_lines": [86, 87, 88, 89, 90], "summary": {"covered_lines": 5, "num_statements": 5, "percent_covered": 100.0, "percent_covered_display": "100", "missing_lines": 0, "excluded_lines": 0}, "missing_lines": [], "excluded_lines": []}, "PercentageCommission.calculate": {"executed_lines": [99, 100], "summary": {"covered_lines": 2, "num_statements": 2, "percent_covered": 100.0, "percent_covered_display": "100", "missing_lines": 0, "excluded_lines": 0}, "missing_lines": [], "excluded_lines": []}, "PercentageCommission.__repr__": {"executed_lines": [104], "summary": {"covered_lines": 0, "num_statements": 0, "percent_covered": 100.0, "percent_covered_display": "100", "missing_lines": 0, "excluded_lines": 2}, "missing_lines": [], "excluded_lines": [103, 104]}, "PerShareCommission.__init__": {"executed_lines": [116, 117, 118], "summary": {"covered_lines": 3, "num_statements": 3, "percent_covered": 100.0, "percent_covered_display": "100", "missing_lines": 0, "excluded_lines": 0}, "missing_lines": [], "excluded_lines": []}, "PerShareCommission.calculate": {"executed_lines": [127], "summary": {"covered_lines": 1, "num_statements": 1, "percent_covered": 100.0, "percent_covered_display": "100", "missing_lines": 0, "excluded_lines": 0}, "missing_lines": [], "excluded_lines": []}, "PerShareCommission.__repr__": {"executed_lines": [131], "summary": {"covered_lines": 0, "num_statements": 0, "percent_covered": 100.0, "percent_covered_display": "100", "missing_lines": 0, "excluded_lines": 2}, "missing_lines": [], "excluded_lines": [130, 131]}, "TieredCommission.__init__": {"executed_lines": [149, 151, 159, 160, 161, 162, 163, 164, 165, 167, 168, 170, 171], "summary": {"covered_lines": 13, "num_statements": 13, "percent_covered": 100.0, "percent_covered_display": "100", "missing_lines": 0, "excluded_lines": 0}, "missing_lines": [], "excluded_lines": []}, "TieredCommission.calculate": {"executed_lines": [180, 183, 184, 185, 186, 187, 189, 190], "summary": {"covered_lines": 8, "num_statements": 8, "percent_covered": 100.0, "percent_covered_display": "100", "missing_lines": 0, "excluded_lines": 0}, "missing_lines": [], "excluded_lines": []}, "TieredCommission.__repr__": {"executed_lines": [194], "summary": {"covered_lines": 0, "num_statements": 0, "percent_covered": 100.0, "percent_covered_display": "100", "missing_lines": 0, "excluded_lines": 2}, "missing_lines": [], "excluded_lines": [193, 194]}, "MakerTakerCommission.__init__": {"executed_lines": [211, 212, 213, 214, 216, 217], "summary": {"covered_lines": 6, "num_statements": 6, "percent_covered": 100.0, "percent_covered_display": "100", "missing_lines": 0, "excluded_lines": 0}, "missing_lines": [], "excluded_lines": []}, "MakerTakerCommission.calculate": {"executed_lines": [226, 228, 233, 235, 237], "summary": {"covered_lines": 5, "num_statements": 5, "percent_covered": 100.0, "percent_covered_display": "100", "missing_lines": 0, "excluded_lines": 0}, "missing_lines": [], "excluded_lines": []}, "MakerTakerCommission.__repr__": {"executed_lines": [241], "summary": {"covered_lines": 0, "num_statements": 0, "percent_covered": 100.0, "percent_covered_display": "100", "missing_lines": 0, "excluded_lines": 2}, "missing_lines": [], "excluded_lines": [240, 241]}, "AssetClassCommission.__init__": {"executed_lines": [266, 267, 268, 269, 270, 271], "summary": {"covered_lines": 6, "num_statements": 6, "percent_covered": 100.0, "percent_covered_display": "100", "missing_lines": 0, "excluded_lines": 0}, "missing_lines": [], "excluded_lines": []}, "AssetClassCommission.calculate": {"executed_lines": [281, 283, 285, 286, 288, 289, 290, 291, 292, 293, 294, 295, 296, 297, 298, 300, 301], "summary": {"covered_lines": 17, "num_statements": 17, "percent_covered": 100.0, "percent_covered_display": "100", "missing_lines": 0, "excluded_lines": 0}, "missing_lines": [], "excluded_lines": []}, "AssetClassCommission.__repr__": {"executed_lines": [305], "summary": {"covered_lines": 0, "num_statements": 0, "percent_covered": 100.0, "percent_covered_display": "100", "missing_lines": 0, "excluded_lines": 9}, "missing_lines": [], "excluded_lines": [304, 305, 306, 307, 308, 309, 310, 311, 312]}, "InteractiveBrokersCommission.__init__": {"executed_lines": [324, 325, 326], "summary": {"covered_lines": 3, "num_statements": 3, "percent_covered": 100.0, "percent_covered_display": "100", "missing_lines": 0, "excluded_lines": 0}, "missing_lines": [], "excluded_lines": []}, "InteractiveBrokersCommission.calculate": {"executed_lines": [335, 337, 338, 339, 340, 342, 343, 344, 345, 346, 348, 350, 351], "summary": {"covered_lines": 13, "num_statements": 13, "percent_covered": 100.0, "percent_covered_display": "100", "missing_lines": 0, "excluded_lines": 0}, "missing_lines": [], "excluded_lines": []}, "InteractiveBrokersCommission.__repr__": {"executed_lines": [355], "summary": {"covered_lines": 0, "num_statements": 0, "percent_covered": 100.0, "percent_covered_display": "100", "missing_lines": 0, "excluded_lines": 2}, "missing_lines": [], "excluded_lines": [354, 355]}, "": {"executed_lines": [1, 3, 4, 6, 11, 12, 14, 15, 32, 37, 38, 40, 50, 51, 53, 63, 72, 77, 78, 80, 92, 102, 107, 108, 110, 120, 129, 134, 135, 137, 173, 192, 197, 198, 200, 219, 239, 244, 245, 247, 273, 303, 315, 316, 318, 328, 353], "summary": {"covered_lines": 27, "num_statements": 29, "percent_covered": 93.10344827586206, "percent_covered_display": "93", "missing_lines": 2, "excluded_lines": 15}, "missing_lines": [7, 8], "excluded_lines": [14, 15, 16, 17, 18, 19, 20, 32, 72, 102, 129, 192, 239, 303, 353]}}, "classes": {"CommissionModel": {"executed_lines": [34], "summary": {"covered_lines": 0, "num_statements": 0, "percent_covered": 100.0, "percent_covered_display": "100", "missing_lines": 0, "excluded_lines": 12}, "missing_lines": [], "excluded_lines": [21, 22, 23, 24, 25, 26, 27, 28, 29, 30, 33, 34]}, "NoCommission": {"executed_lines": [47], "summary": {"covered_lines": 1, "num_statements": 1, "percent_covered": 100.0, "percent_covered_display": "100", "missing_lines": 0, "excluded_lines": 0}, "missing_lines": [], "excluded_lines": []}, "FlatCommission": {"executed_lines": [59, 60, 61, 70, 74], "summary": {"covered_lines": 4, "num_statements": 4, "percent_covered": 100.0, "percent_covered_display": "100", "missing_lines": 0, "excluded_lines": 2}, "missing_lines": [], "excluded_lines": [73, 74]}, "PercentageCommission": {"executed_lines": [86, 87, 88, 89, 90, 99, 100, 104], "summary": {"covered_lines": 7, "num_statements": 7, "percent_covered": 100.0, "percent_covered_display": "100", "missing_lines": 0, "excluded_lines": 2}, "missing_lines": [], "excluded_lines": [103, 104]}, "PerShareCommission": {"executed_lines": [116, 117, 118, 127, 131], "summary": {"covered_lines": 4, "num_statements": 4, "percent_covered": 100.0, "percent_covered_display": "100", "missing_lines": 0, "excluded_lines": 2}, "missing_lines": [], "excluded_lines": [130, 131]}, "TieredCommission": {"executed_lines": [149, 151, 159, 160, 161, 162, 163, 164, 165, 167, 168, 170, 171, 180, 183, 184, 185, 186, 187, 189, 190, 194], "summary": {"covered_lines": 21, "num_statements": 21, "percent_covered": 100.0, "percent_covered_display": "100", "missing_lines": 0, "excluded_lines": 2}, "missing_lines": [], "excluded_lines": [193, 194]}, "MakerTakerCommission": {"executed_lines": [211, 212, 213, 214, 216, 217, 226, 228, 233, 235, 237, 241], "summary": {"covered_lines": 11, "num_statements": 11, "percent_covered": 100.0, "percent_covered_display": "100", "missing_lines": 0, "excluded_lines": 2}, "missing_lines": [], "excluded_lines": [240, 241]}, "AssetClassCommission": {"executed_lines": [266, 267, 268, 269, 270, 271, 281, 283, 285, 286, 288, 289, 290, 291, 292, 293, 294, 295, 296, 297, 298, 300, 301, 305], "summary": {"covered_lines": 23, "num_stateme
[...]
s": [299, 300], "excluded_lines": []}, "IndicatorStrategy.add_indicator": {"executed_lines": [], "summary": {"covered_lines": 0, "num_statements": 1, "percent_covered": 0.0, "percent_covered_display": "0", "missing_lines": 1, "excluded_lines": 0}, "missing_lines": [310], "excluded_lines": []}, "IndicatorStrategy.get_indicator": {"executed_lines": [], "summary": {"covered_lines": 0, "num_statements": 1, "percent_covered": 0.0, "percent_covered_display": "0", "missing_lines": 1, "excluded_lines": 0}, "missing_lines": [322], "excluded_lines": []}, "IndicatorStrategy.update_indicators": {"executed_lines": [], "summary": {"covered_lines": 0, "num_statements": 3, "percent_covered": 0.0, "percent_covered_display": "0", "missing_lines": 3, "excluded_lines": 0}, "missing_lines": [331, 332, 333], "excluded_lines": []}, "": {"executed_lines": [1, 3, 4, 5, 6, 7, 9, 10, 13, 14, 16, 17, 18, 19, 20, 23, 24, 25, 27, 28, 29, 30, 31, 32, 33, 36, 37, 45, 62, 81, 82, 96, 106, 116, 135, 145, 155, 165, 182, 199, 200, 204, 205, 209, 225, 229, 230, 237, 249, 258, 273, 274, 290, 291, 297, 302, 312, 324], "summary": {"covered_lines": 47, "num_statements": 47, "percent_covered": 100.0, "percent_covered_display": "100", "missing_lines": 0, "excluded_lines": 10}, "missing_lines": [], "excluded_lines": [81, 82, 225, 273, 274, 275, 276, 277, 278, 279]}}, "classes": {"StrategyState": {"executed_lines": [], "summary": {"covered_lines": 0, "num_statements": 0, "percent_covered": 100.0, "percent_covered_display": "100", "missing_lines": 0, "excluded_lines": 0}, "missing_lines": [], "excluded_lines": []}, "StrategyContext": {"executed_lines": [], "summary": {"covered_lines": 0, "num_statements": 0, "percent_covered": 100.0, "percent_covered_display": "100", "missing_lines": 0, "excluded_lines": 0}, "missing_lines": [], "excluded_lines": []}, "Strategy": {"executed_lines": [52, 53, 54, 55, 56, 57, 58, 59, 60, 126, 127, 179, 180, 202, 219, 222, 223], "summary": {"covered_lines": 17, "num_statements": 26, "percent_covered": 65.38461538461539, "percent_covered_display": "65", "missing_lines": 9, "excluded_lines": 13}, "missing_lines": [76, 77, 78, 79, 131, 196, 197, 207, 220], "excluded_lines": [83, 84, 85, 86, 87, 88, 89, 90, 91, 92, 93, 94, 226]}, "SignalStrategy": {"executed_lines": [], "summary": {"covered_lines": 0, "num_statements": 13, "percent_covered": 0.0, "percent_covered_display": "0", "missing_lines": 13, "excluded_lines": 8}, "missing_lines": [245, 246, 247, 251, 252, 253, 254, 255, 256, 266, 267, 268, 271], "excluded_lines": [280, 281, 282, 283, 284, 285, 286, 287]}, "IndicatorStrategy": {"executed_lines": [], "summary": {"covered_lines": 0, "num_statements": 7, "percent_covered": 0.0, "percent_covered_display": "0", "missing_lines": 7, "excluded_lines": 0}, "missing_lines": [299, 300, 310, 322, 331, 332, 333], "excluded_lines": []}, "": {"executed_lines": [1, 3, 4, 5, 6, 7, 9, 10, 13, 14, 16, 17, 18, 19, 20, 23, 24, 25, 27, 28, 29, 30, 31, 32, 33, 36, 37, 45, 62, 81, 82, 96, 106, 116, 135, 145, 155, 165, 182, 199, 200, 204, 205, 209, 225, 229, 230, 237, 249, 258, 273, 274, 290, 291, 297, 302, 312, 324], "summary": {"covered_lines": 47, "num_statements": 47, "percent_covered": 100.0, "percent_covered_display": "100", "missing_lines": 0, "excluded_lines": 10}, "missing_lines": [], "excluded_lines": [81, 82, 225, 273, 274, 275, 276, 277, 278, 279]}}}, "src/qengine/strategy/crypto_basis_adapter.py": {"executed_lines": [1, 10, 11, 12, 14, 16, 17, 25, 26, 27, 29, 30, 31, 32, 35, 36, 37, 40, 41, 42, 45, 46, 53, 75, 76, 77, 78, 79, 80, 81, 84, 85, 87, 89, 91, 94, 95, 96, 97, 99, 115, 116, 118, 122, 125, 126, 129, 130, 133, 135, 137, 145, 148, 149, 150, 151, 154, 155, 156, 157, 158, 160, 162, 165, 168, 169, 172, 173, 174, 178, 180, 182, 185, 186, 189, 190, 192, 193, 196, 197, 199, 200, 201, 202, 204, 213, 223, 224, 227, 231, 234, 235, 236, 239, 240, 243, 244, 260, 262, 264, 267, 277, 278, 285, 311, 321, 330, 335, 344, 345, 346, 349, 350, 352, 354, 357, 358, 360, 362, 365, 366, 368, 371, 373, 375, 378, 379, 380, 381, 384, 386, 388, 391, 393, 396, 398, 401, 402, 404, 412, 414, 421, 422, 423, 426, 427, 430, 442, 444, 447, 458, 461, 477], "summary": {"covered_lines": 149, "num_statements": 177, "percent_covered": 84.18079096045197, "percent_covered_display": "84", "missing_lines": 28, "excluded_lines": 0}, "missing_lines": [119, 163, 183, 206, 207, 208, 209, 214, 215, 216, 217, 218, 219, 221, 225, 226, 228, 229, 265, 323, 324, 327, 405, 409, 415, 418, 439, 440], "excluded_lines": [], "functions": {"CryptoBasisExternalStrategy.__init__": {"executed_lines": [75, 76, 77, 78, 79, 80, 81, 84, 85], "summary": {"covered_lines": 9, "num_statements": 9, "percent_covered": 100.0, "percent_covered_display": "100", "missing_lines": 0, "excluded_lines": 0}, "missing_lines": [], "excluded_lines": []}, "CryptoBasisExternalStrategy.initialize": {"executed_lines": [89], "summary": {"covered_lines": 1, "num_statements": 1, "percent_covered": 100.0, "percent_covered_display": "100", "missing_lines": 0, "excluded_lines": 0}, "missing_lines": [], "excluded_lines": []}, "CryptoBasisExternalStrategy.finalize": {"executed_lines": [94, 95, 96, 97], "summary": {"covered_lines": 4, "num_statements": 4, "percent_covered": 100.0, "percent_covered_display": "100", "missing_lines": 0, "excluded_lines": 0}, "missing_lines": [], "excluded_lines": []}, "CryptoBasisExternalStrategy.generate_signal": {"executed_lines": [115, 116, 118, 122, 125, 126, 129, 130, 133, 135], "summary": {"covered_lines": 10, "num_statements": 11, "percent_covered": 90.9090909090909, "percent_covered_display": "91", "missing_lines": 1, "excluded_lines": 0}, "missing_lines": [119], "excluded_lines": []}, "CryptoBasisExternalStrategy._update_state": {"executed_lines": [145, 148, 149, 150, 151, 154, 155, 156, 157, 158], "summary": {"covered_lines": 10, "num_statements": 10, "percent_covered": 100.0, "percent_covered_display": "100", "missing_lines": 0, "excluded_lines": 0}, "missing_lines": [], "excluded_lines": []}, "CryptoBasisExternalStrategy._calculate_statistics": {"executed_lines": [162, 165, 168, 169, 172, 173, 174, 178], "summary": {"covered_lines": 8, "num_statements": 9, "percent_covered": 88.88888888888889, "percent_covered_display": "89", "missing_lines": 1, "excluded_lines": 0}, "missing_lines": [163], "excluded_lines": []}, "CryptoBasisExternalStrategy._generate_basis_signal": {"executed_lines": [182, 185, 186, 189, 190, 192, 193, 196, 197, 199, 200, 201, 202, 204, 213, 223, 224, 227, 231, 234, 235, 236, 239, 240, 243, 244, 260], "summary": {"covered_lines": 27, "num_statements": 43, "percent_covered": 62.7906976744186, "percent_covered_display": "63", "missing_lines": 16, "excluded_lines": 0}, "missing_lines": [183, 206, 207, 208, 209, 214, 215, 216, 217, 218, 219, 221, 225, 226, 228, 229], "excluded_lines": []}, "CryptoBasisExternalStrategy.get_current_statistics": {"executed_lines": [264, 267], "summary": {"covered_lines": 2, "num_statements": 3, "percent_covered": 66.66666666666667, "percent_covered_display": "67", "missing_lines": 1, "excluded_lines": 0}, "missing_lines": [265], "excluded_lines": []}, "CryptoBasisAdapter.__init__": {"executed_lines": [311, 321, 330, 335, 344, 345, 346, 349, 350], "summary": {"covered_lines": 9, "num_statements": 9, "percent_covered": 100.0, "percent_covered_display": "100", "missing_lines": 0, "excluded_lines": 0}, "missing_lines": [], "excluded_lines": []}, "CryptoBasisAdapter.__init__.basis_position_sizer": {"executed_lines": [], "summary": {"covered_lines": 0, "num_statements": 3, "percent_covered": 0.0, "percent_covered_display": "0", "missing_lines": 3, "excluded_lines": 0}, "missing_lines": [323, 324, 327], "excluded_lines": []}, "CryptoBasisAdapter.on_start": {"executed_lines": [354, 357, 358, 360], "summary": {"covered_lines": 4, "num_statements": 4, "percent_covered": 100.0, "percent_covered_display": "100", "missing_lines": 0, "excluded_lines": 0}, "missing_lines": [], "excluded_lines": []}, "CryptoBasisAdapter.on_market_event": {"executed_lines": [365, 366, 368, 371, 373, 375, 378, 379, 380, 381, 384], "summary": {"covered_lines": 11, "num_statements": 11, "percent_covered": 100.0, "percent_covered_display": "100", "missing_lines": 0, "excluded_lines": 0}, "missing_lines": [], "excluded_lines": []}, "CryptoBasisAdapter._process_synchronized_events": {"executed_lines": [388, 391, 393, 396, 398, 401, 402, 404, 412, 414, 421, 422, 423, 426, 427, 430], "summary": {"covered_lines": 16, "num_statements": 22, "percent_covered": 72.72727272727273, "percent_covered_display": "73", "missing_lines": 6, "excluded_lines": 0}, "missing_lines": [405, 409, 415, 418, 439, 440], "excluded_lines": []}, "CryptoBasisAdapter.get_strategy_diagnostics": {"executed_lines": [444, 447, 458], "summary": {"covered_lines": 3, "num_statements": 3, "percent_covered": 100.0, "percent_covered_display": "100", "missing_lines": 0, "excluded_lines": 0}, "missing_lines": [], "excluded_lines": []}, "create_crypto_basis_strategy": {"executed_lines": [477], "summary": {"covered_lines": 1, "num_statements": 1, "percent_covered": 100.0, "percent_covered_display": "100", "missing_lines": 0, "excluded_lines": 0}, "missing_lines": [], "excluded_lines": []}, "": {"executed_lines": [1, 10, 11, 12, 14, 16, 17, 25, 26, 27, 29, 30, 31, 32, 35, 36, 37, 40, 41, 42, 45, 46, 53, 87, 91, 99, 137, 160, 180, 262, 277, 278, 285, 352, 362, 386, 442, 461], "summary": {"covered_lines": 34, "num_statements": 34, "percent_covered": 100.0, "percent_covered_display": "100", "missing_lines": 0, "excluded_lines": 0}, "missing_lines": [], "excluded_lines": []}}, "classes": {"BasisState": {"executed_lines": [], "summary": {"covered_lines": 0, "num_statements": 0, "percent_covered": 100.0, "percent_covered_display": "100", "missing_lines": 0, "excluded_lines": 0}, "missing_lines": [], "excluded_lines": []}, "CryptoBasisExternalStrategy": {"executed_lines": [75, 76, 77, 78, 79, 80, 81, 84, 85, 89, 94, 95, 96, 97, 115, 116, 118, 122, 125, 126, 129, 130, 133, 135, 145, 148, 149, 150, 151, 154, 155, 156, 157, 158, 162, 165, 168, 169, 172, 173, 174, 178, 182, 185, 186, 189, 190, 192, 193, 196, 197, 199, 200, 201, 202, 204, 213, 223, 224, 227, 231, 234, 235, 236, 239, 240, 243, 244, 260, 264, 267], "summary": {"covered_lines": 71, "num_statements": 90, "percent_covered": 78.88888888888889, "percent_covered_display": "79", "missing_lines": 19, "excluded_lines": 0}, "missing_lines": [119, 163, 183, 206, 207, 208, 209, 214, 215, 216, 217, 218, 219, 221, 225, 226, 228, 229, 265], "excluded_lines": []}, "CryptoBasisAdapter": {"executed_lines": [311, 321, 330, 335, 344, 345, 346, 349, 350, 354, 357, 358, 360, 365, 366, 368, 371, 373, 375, 378, 379, 380, 381, 384, 388, 391, 393, 396, 398, 401, 402, 404, 412, 414, 421, 422, 423, 426, 427, 430, 444, 447, 458], "summary": {"covered_lines": 43, "num_statements": 52, "percent_covered": 82.6923076923077, "percent_covered_display": "83", "missing_lines": 9, "excluded_lines": 0}, "missing_lines": [323, 324, 327, 405, 409, 415, 418, 439, 440], "excluded_lines": []}, "": {"executed_lines": [1, 10, 11, 12, 14, 16, 17, 25, 26, 27, 29, 30, 31, 32, 35, 36, 37, 40, 41, 42, 45, 46, 53, 87, 91, 99, 137, 160, 180, 262, 277, 278, 285, 352, 362, 386, 442, 461, 477], "summary": {"covered_lines": 35, "num_statements": 35, "percent_covered": 100.0, "percent_covered_display": "100", "missing_lines": 0, "excluded_lines": 0}, "missing_lines": [], "excluded_lines": []}}}, "src/qengine/strategy/spy_order_flow_adapter.py": {"executed_lines": [1, 8, 9, 10, 12, 14, 15, 23, 24, 25, 28, 29, 30, 33, 34, 35, 38, 39, 40, 41, 44, 45, 46, 49, 50, 51, 52, 55, 56, 63, 87, 88, 89, 90, 91, 92, 93, 94, 97, 99, 101, 102, 104, 106, 107, 109, 111, 113, 115, 117, 129, 132, 133, 135, 136, 139, 142, 143, 146, 148, 149, 150, 155, 156, 159, 162, 164, 165, 166, 168, 170, 179, 180, 181, 184, 187, 188, 190, 191, 194, 195, 196, 199, 200, 201, 202, 203, 204, 205, 207, 209, 210, 211, 214, 215, 217, 218, 219, 222, 223, 228, 229, 232, 233, 234, 237, 238, 239, 240, 242, 245, 246, 249, 250, 251, 252, 257, 258, 259, 260, 262, 263, 266, 271, 272, 275, 276, 277, 280, 281, 283, 284, 285, 291, 294, 296, 311, 313, 315, 326, 327, 334, 361, 371, 386, 389, 398, 399, 401, 403, 406, 408, 410, 413, 416, 419, 420, 423, 424, 425, 432, 434, 437, 439, 447, 457], "summary": {"covered_lines": 162, "num_statements": 176, "percent_covered": 92.04545454545455, "percent_covered_display": "92", "missing_lines": 14, "excluded_lines": 0}, "missing_lines": [151, 153, 253, 254, 267, 268, 287, 288, 373, 376, 379, 380, 383, 426], "excluded_lines": [], "functions": {"SPYOrderFlowExternalStrategy.__init__": {"executed_lines": [87, 88, 89, 90, 91, 92, 93, 94, 97], "summary": {"covered_lines": 9, "num_statements": 9, "percent_covered": 100.0, "percent_covered_display": "100", "missing_lines": 0, "excluded_lines": 0}, "missing_lines": [], "excluded_lines": []}, "SPYOrderFlowExternalStrategy.initialize": {"executed_lines": [101, 102], "summary": {"covered_lines": 2, "num_statements": 2, "percent_covered": 100.0, "percent_covered_display": "100", "missing_lines": 0, "excluded_lines": 0}, "missing_lines": [], "excluded_lines": []}, "SPYOrderFlowExternalStrategy.finalize": {"executed_lines": [106, 107], "summary": {"covered_lines": 2, "num_statements": 2, "percent_covered": 100.0, "percent_covered_display": "100", "missing_lines": 0, "excluded_lines": 0}, "missing_lines": [], "excluded_lines": []}, "SPYOrderFlowExternalStrategy.on_start": {"executed_lines": [111], "summary": {"covered_lines": 1, "num_statements": 1, "percent_covered": 100.0, "percent_covered_display": "100", "missing_lines": 0, "excluded_lines": 0}, "missing_lines": [], "excluded_lines": []}, "SPYOrderFlowExternalStrategy.on_end": {"executed_lines": [115], "summary": {"covered_lines": 1, "num_statements": 1, "percent_covered": 100.0, "percent_covered_display": "100", "missing_lines": 0, "excluded_lines": 0}, "missing_lines": [], "excluded_lines": []}, "SPYOrderFlowExternalStrategy.generate_signal": {"executed_lines": [129, 132, 133, 135, 136, 139, 142, 143, 146, 148, 149, 150, 155, 156, 159, 162, 164, 165, 166, 168], "summary": {"covered_lines": 20, "num_statements": 22, "percent_covered": 90.9090909090909, "percent_covered_display": "91", "missing_lines": 2, "excluded_lines": 0}, "missing_lines": [151, 153], "excluded_lines": []}, "SPYOrderFlowExternalStrategy._update_state": {"executed_lines": [179, 180, 181, 184, 187, 188, 190, 191, 194, 195, 196, 199, 200, 201, 202, 203, 204, 205], "summary": {"covered_lines": 18, "num_statements": 18, "percent_covered": 100.0, "percent_covered_display": "100", "missing_lines": 0, "excluded_lines": 0}, "missing_lines": [], "excluded_lines": []}, "SPYOrderFlowExternalStrategy._calculate_features": {"executed_lines": [209, 210, 211, 214, 215, 217, 218, 219, 222, 223, 228, 229, 232, 233, 234, 237, 238, 239, 240], "summary": {"covered_lines": 19, "num_statements": 19, "percent_covered": 100.0, "percent_covered_display": "100", "missing_lines": 0, "excluded_lines": 0}, "missing_lines": [], "excluded_lines": []}, "SPYOrderFlowExternalStrategy._generate_order_flow_signal": {"executed_lines": [245, 246, 249, 250, 251, 252, 257, 258, 259, 260, 262, 263, 266, 271, 272, 275, 276, 277, 280, 281, 283, 284, 285, 291, 294, 296, 311], "summary": {"covered_lines": 27, "num_statements": 33, "percent_covered": 81.81818181818181, "percent_covered_display": "82", "missing_lines": 6, "excluded_lines": 0}, "missing_lines": [253, 254, 267, 268, 287, 288], "excluded_lines": []}, "SPYOrderFlowExternalStrategy.get_current_statistics": {"executed_lines": [315], "summary": {"covered_lines": 1, "num_statements": 1, "percent_covered": 100.0, "percent_covered_display": "100", "missing_lines": 0, "excluded_lines": 0}, "missing_lines": [], "excluded_lines": []}, "SPYOrderFlowAdapter.__init__": {"executed_lines": [361, 371, 386, 389, 398, 399], "summary": {"covered_lines": 6, "num_statements": 6, "percent_covered": 100.0, "percent_covered_display": "100", "missing_lines": 0, "excluded_lines": 0}, "missing_lines": [], "excluded_lines": []}, "SPYOrderFlowAdapter.__init__.order_flow_position_sizer": {"executed_lines": [], "summary": {"covered_lines": 0, "num_statements": 5, "percent_covered": 0.0, "percent_covered_display": "0", "missing_lines": 5, "excluded_lines": 0}, "missing_lines": [373, 376, 379, 380, 383], "excluded_lines": []}, "SPYOrderFlowAdapter.on_start": {"executed_lines": [403, 406, 408], "summary": {"covered_lines": 3, "num_statements": 3, "percent_covered": 100.0, "percent_covered_display": "100", "missing_lines": 0, "excluded_lines": 0}, "missing_lines": [], "excluded_lines": []}, "SPYOrderFlowAdapter.on_market_event": {"executed_lines": [413, 416, 419, 420, 423, 424, 425], "summary": {"covered_lines": 7, "num_statements": 8, "percent_covered": 87.5, "percent_covered_display": "88", "missing_lines": 1, "excluded_lines": 0}, "missing_lines": [426], "excluded_lines": []}, "SPYOrderFlowAdapter.get_strategy_diagnostics": {"executed_lines": [434, 437, 439], "summary": {"covered_lines": 3, "num_statements": 3, "percent_covered": 100.0, "percent_covered_display": "100", "missing_lines": 0, "excluded_lines": 0}, "missing_lines": [], "excluded_lines": []}, "create_spy_order_flow_strategy": {"executed_lines": [457], "summary": {"covered_lines": 1, "num_statements": 1, "percent_covered": 100.0, "percent_covered_display": "100", "missing_lines": 0, "excluded_lines": 0}, "missing_lines": [], "excluded_lines": []}, "": {"executed_lines": [1, 8, 9, 10, 12, 14, 15, 23, 24, 25, 28, 29, 30, 33, 34, 35, 38, 39, 40, 41, 44, 45, 46, 49, 50, 51, 52, 55, 56, 63, 99, 104, 109, 113, 117, 170, 207, 242, 313, 326, 327, 334, 401, 410, 432, 447], "summary": {"covered_lines": 42, "num_statements": 42, "percent_covered": 100.0, "percent_covered_display": "100", "missing_lines": 0, "excluded_lines": 0}, "missing_lines": [], "excluded_lines": []}}, "classes": {"OrderFlowState": {"executed_lines": [], "summary": {"covered_lines": 0, "num_statements": 0, "percent_covered": 100.0, "percent_covered_display": "100", "missing_lines": 0, "excluded_lines": 0}, "missing_lines": [], "excluded_lines": []}, "SPYOrderFlowExternalStrategy": {"executed_lines": [87, 88, 89, 90, 91, 92, 93, 94, 97, 101, 102, 106, 107, 111, 115, 129, 132, 133, 135, 136, 139, 142, 143, 146, 148, 149, 150, 155, 156, 159, 162, 164, 165, 166, 168, 179, 180, 181, 184, 187, 188, 190, 191, 194, 195, 196, 199, 200, 201, 202, 203, 204, 205, 209, 210, 211, 214, 215, 217, 218, 219, 222, 223, 228, 229, 232, 233, 234, 237, 238, 239, 240, 245, 246, 249, 250, 251, 252, 257, 258, 259, 260, 262, 263, 266, 271, 272, 275, 276, 277, 280, 281, 283, 284, 285, 291, 294, 296, 311, 315], "summary": {"covered_lines": 100, "num_statements": 108, "percent_covered": 92.5925925925926, "percent_covered_display": "93", "missing_lines": 8, "excluded_lines": 0}, "missing_lines": [151, 153, 253, 254, 267, 268, 287, 288], "excluded_lines": []}, "SPYOrderFlowAdapter": {"executed_lines": [361, 371, 386, 389, 398, 399, 403, 406, 408, 413, 416, 419, 420, 423, 424, 425, 434, 437, 439], "summary": {"covered_lines": 19, "num_statements": 25, "percent_covered": 76.0, "percent_covered_display": "76", "missing_lines": 6, "excluded_lines": 0}, "missing_lines": [373, 376, 379, 380, 383, 426], "excluded_lines": []}, "": {"executed_lines": [1, 8, 9, 10, 12, 14, 15, 23, 24, 25, 28, 29, 30, 33, 34, 35, 38, 39, 40, 41, 44, 45, 46, 49, 50, 51, 52, 55, 56, 63, 99, 104, 109, 113, 117, 170, 207, 242, 313, 326, 327, 334, 401, 410, 432, 447, 457], "summary": {"covered_lines": 43, "num_statements": 43, "percent_covered": 100.0, "percent_covered_display": "100", "missing_lines": 0, "excluded_lines": 0}, "missing_lines": [], "excluded_lines": []}}}}, "totals": {"covered_lines": 3027, "num_statements": 3751, "percent_covered": 80.69848040522527, "percent_covered_display": "81", "missing_lines": 724, "excluded_lines": 285}}