{"meta": {"format": 3, "version": "7.12.0", "timestamp": "2025-12-31T15:00:38.530216", "branch_coverage": false, "show_contexts": false}, "files": {"src/ml4t/backtest/accounting/account.py": {"executed_lines": [1, 7, 8, 11, 12, 30, 37, 38, 39, 41, 42, 51, 53, 54, 66, 78, 86, 87, 88, 90, 101, 110, 111, 113, 156, 159, 162, 163, 165, 166, 176, 177, 179, 181, 182, 185, 186, 194, 197, 198, 199, 200, 201, 205, 207, 209], "summary": {"covered_lines": 43, "num_statements": 46, "percent_covered": 93.47826086956522, "percent_covered_display": "93", "missing_lines": 3, "excluded_lines": 11, "percent_statements_covered": 93.47826086956522, "percent_statements_covered_display": "93"}, "missing_lines": [64, 76, 99], "excluded_lines": [209, 210, 211, 212, 213, 214, 215, 216, 217, 218, 219], "functions": {"AccountState.__init__": {"executed_lines": [37, 38, 39], "summary": {"covered_lines": 3, "num_statements": 3, "percent_covered": 100.0, "percent_covered_display": "100", "missing_lines": 0, "excluded_lines": 0, "percent_statements_covered": 100.0, "percent_statements_covered_display": "100"}, "missing_lines": [], "excluded_lines": []}, "AccountState.total_equity": {"executed_lines": [51], "summary": {"covered_lines": 1, "num_statements": 1, "percent_covered": 100.0, "percent_covered_display": "100", "missing_lines": 0, "excluded_lines": 0, "percent_statements_covered": 100.0, "percent_statements_covered_display": "100"}, "missing_lines": [], "excluded_lines": []}, "AccountState.buying_power": {"executed_lines": [], "summary": {"covered_lines": 0, "num_statements": 1, "percent_covered": 0.0, "percent_covered_display": "0", "missing_lines": 1, "excluded_lines": 0, "percent_statements_covered": 0.0, "percent_statements_covered_display": "0"}, "missing_lines": [64], "excluded_lines": []}, "AccountState.allows_short_selling": {"executed_lines": [], "summary": {"covered_lines": 0, "num_statements": 1, "percent_covered": 0.0, "percent_covered_display": "0", "missing_lines": 1, "excluded_lines": 0, "percent_statements_covered": 0.0, "percent_statements_covered_display": "0"}, "missing_lines": [76], "excluded_lines": []}, "AccountState.mark_to_market": {"executed_lines": [86, 87, 88], "summary": {"covered_lines": 3, "num_statements": 3, "percent_covered": 100.0, "percent_covered_display": "100", "missing_lines": 0, "excluded_lines": 0, "percent_statements_covered": 100.0, "percent_statements_covered_display": "100"}, "missing_lines": [], "excluded_lines": []}, "AccountState.get_position": {"executed_lines": [], "summary": {"covered_lines": 0, "num_statements": 1, "percent_covered": 0.0, "percent_covered_display": "0", "missing_lines": 1, "excluded_lines": 0, "percent_statements_covered": 0.0, "percent_statements_covered_display": "0"}, "missing_lines": [99], "excluded_lines": []}, "AccountState.get_position_quantity": {"executed_lines": [110, 111], "summary": {"covered_lines": 2, "num_statements": 2, "percent_covered": 100.0, "percent_covered_display": "100", "missing_lines": 0, "excluded_lines": 0, "percent_statements_covered": 100.0, "percent_statements_covered_display": "100"}, "missing_lines": [], "excluded_lines": []}, "AccountState.apply_fill": {"executed_lines": [156, 159, 162, 163, 165, 166, 176, 177, 179, 181, 182, 185, 186, 194, 197, 198, 199, 200, 201, 205, 207], "summary": {"covered_lines": 21, "num_statements": 21, "percent_covered": 100.0, "percent_covered_display": "100", "missing_lines": 0, "excluded_lines": 0, "percent_statements_covered": 100.0, "percent_statements_covered_display": "100"}, "missing_lines": [], "excluded_lines": []}, "AccountState.__repr__": {"executed_lines": [], "summary": {"covered_lines": 0, "num_statements": 0, "percent_covered": 100.0, "percent_covered_display": "100", "missing_lines": 0, "excluded_lines": 10, "percent_statements_covered": 100.0, "percent_statements_covered_display": "100"}, "missing_lines": [], "excluded_lines": [210, 211, 212, 213, 214, 215, 216, 217, 218, 219]}, "": {"executed_lines": [1, 7, 8, 11, 12, 30, 41, 42, 53, 54, 66, 78, 90, 101, 113, 209], "summary": {"covered_lines": 13, "num_statements": 13, "percent_covered": 100.0, "percent_covered_display": "100", "missing_lines": 0, "excluded_lines": 1, "percent_statements_covered": 100.0, "percent_statements_covered_display": "100"}, "missing_lines": [], "excluded_lines": [209]}}, "classes": {"AccountState": {"executed_lines": [37, 38, 39, 51, 86, 87, 88, 110, 111, 156, 159, 162, 163, 165, 166, 176, 177, 179, 181, 182, 185, 186, 194, 197, 198, 199, 200, 201, 205, 207], "summary": {"covered_lines": 30, "num_statements": 33, "percent_covered": 90.9090909090909, "percent_covered_display": "91", "missing_lines": 3, "excluded_lines": 10, "percent_statements_covered": 90.9090909090909, "percent_statements_covered_display": "91"}, "missing_lines": [64, 76, 99], "excluded_lines": [210, 211, 212, 213, 214, 215, 216, 217, 218, 219]}, "": {"executed_lines": [1, 7, 8, 11, 12, 30, 41, 42, 53, 54, 66, 78, 90, 101, 113, 209], "summary": {"covered_lines": 13, "num_statements": 13, "percent_covered": 100.0, "percent_covered_display": "100", "missing_lines": 0, "excluded_lines": 1, "percent_statements_covered": 100.0, "percent_statements_covered_display": "100"}, "missing_lines": [], "excluded_lines": [209]}}}, "src/ml4t/backtest/accounting/gatekeeper.py": {"executed_lines": [1, 7, 8, 9, 12, 13, 39, 46, 47, 49, 101, 104, 108, 110, 111, 122, 125, 132, 133, 135, 141, 144, 147, 156, 158, 162, 165, 167, 168, 177, 186, 221, 223, 225, 229, 231, 247, 249, 282, 284, 287, 289, 290, 291, 293, 294, 297], "summary": {"covered_lines": 45, "num_statements": 46, "percent_covered": 97.82608695652173, "percent_covered_display": "98", "missing_lines": 1, "excluded_lines": 0, "percent_statements_covered": 97.82608695652173, "percent_statements_covered_display": "98"}, "missing_lines": [138], "excluded_lines": [], "functions": {"Gatekeeper.__init__": {"executed_lines": [46, 47], "summary": {"covered_lines": 2, "num_statements": 2, "percent_covered": 100.0, "percent_covered_display": "100", "missing_lines": 0, "excluded_lines": 0, "percent_statements_covered": 100.0, "percent_statements_covered_display": "100"}, "missing_lines": [], "excluded_lines": []}, "Gatekeeper.validate_order": {"executed_lines": [101, 104, 108, 110, 111, 122, 125, 132, 133, 135, 141, 144, 147, 156, 158, 162, 165, 167, 168, 177], "summary": {"covered_lines": 20, "num_statements": 21, "percent_covered": 95.23809523809524, "percent_covered_display": "95", "missing_lines": 1, "excluded_lines": 0, "percent_statements_covered": 95.23809523809524, "percent_statements_covered_display": "95"}, "missing_lines": [138], "excluded_lines": []}, "Gatekeeper._is_reversal": {"executed_lines": [221, 223, 225, 229], "summary": {"covered_lines": 4, "num_statements": 4, "percent_covered": 100.0, "percent_covered_display": "100", "missing_lines": 0, "excluded_lines": 0, "percent_statements_covered": 100.0, "percent_statements_covered_display": "100"}, "missing_lines": [], "excluded_lines": []}, "Gatekeeper._calculate_quantity_delta": {"executed_lines": [247], "summary": {"covered_lines": 1, "num_statements": 1, "percent_covered": 100.0, "percent_covered_display": "100", "missing_lines": 0, "excluded_lines": 0, "percent_statements_covered": 100.0, "percent_statements_covered_display": "100"}, "missing_lines": [], "excluded_lines": []}, "Gatekeeper._is_reducing_order": {"executed_lines": [282, 284, 287, 289, 290, 291, 293, 294, 297], "summary": {"covered_lines": 9, "num_statements": 9, "percent_covered": 100.0, "percent_covered_display": "100", "missing_lines": 0, "excluded_lines": 0, "percent_statements_covered": 100.0, "percent_statements_covered_display": "100"}, "missing_lines": [], "excluded_lines": []}, "": {"executed_lines": [1, 7, 8, 9, 12, 13, 39, 49, 186, 231, 249], "summary": {"covered_lines": 9, "num_statements": 9, "percent_covered": 100.0, "percent_covered_display": "100", "missing_lines": 0, "excluded_lines": 0, "percent_statements_covered": 100.0, "percent_statements_covered_display": "100"}, "missing_lines": [], "excluded_lines": []}}, "classes": {"Gatekeeper": {"executed_lines": [46, 47, 101, 104, 108, 110, 111, 122, 125, 132, 133, 135, 141, 144, 147, 156, 158, 162, 165, 167, 168, 177, 221, 223, 225, 229, 247, 282, 284, 287, 289, 290, 291, 293, 294, 297], "summary": {"covered_lines": 36, "num_statements": 37, "percent_covered": 97.29729729729729, "percent_covered_display": "97", "missing_lines": 1, "excluded_lines": 0, "percent_statements_covered": 97.29729729729729, "percent_statements_covered_display": "97"}, "missing_lines": [138], "excluded_lines": []}, "": {"executed_lines": [1, 7, 8, 9, 12, 13, 39, 49, 186, 231, 249], "summary": {"covered_lines": 9, "num_statements": 9, "percent_covered": 100.0, "percent_covered_display": "100", "missing_lines": 0, "excluded_lines": 0, "percent_statements_covered": 100.0, "percent_statements_covered_display": "100"}, "missing_lines": [], "excluded_lines": []}}}, "src/ml4t/backtest/accounting/policy.py": {"executed_lines": [1, 7, 9, 10, 12, 16, 17, 27, 28, 45, 46, 58, 59, 100, 101, 138, 139, 153, 163, 165, 171, 173, 198, 199, 202, 203, 204, 209, 211, 238, 241, 245, 252, 253, 256, 257, 258, 259, 265, 271, 274, 275, 315, 347, 348, 349, 350, 353, 357, 358, 362, 368, 369, 370, 371, 373, 405, 406, 407, 408, 411, 412, 413, 416, 417, 419, 421, 434, 435, 438, 439, 442, 443, 444, 445, 449, 451, 498, 499, 503, 504, 505, 506, 511, 516, 518, 520, 526, 528, 559, 562, 565, 566, 572, 574, 607, 610, 615, 617, 622, 625, 629, 633, 636, 639, 640, 646], "summary": {"covered_lines": 95, "num_statements": 100, "percent_covered": 95.0, "percent_covered_display": "95", "missing_lines": 5, "excluded_lines": 106, "percent_statements_covered": 95.0, "percent_statements_covered_display": "95"}, "missing_lines": [13, 266, 354, 363, 624], "excluded_lines": [27, 28, 29, 30, 31, 32, 33, 34, 35, 36, 37, 38, 39, 40, 41, 42, 43, 45, 46, 47, 48, 49, 50, 51, 52, 53, 54, 55, 56, 58, 59, 60, 61, 62, 63, 64, 65, 66, 67, 68, 69, 70, 71, 72, 73, 74, 75, 76, 77, 78, 79, 80, 81, 82, 83, 84, 85, 86, 87, 88, 89, 90, 91, 92, 93, 94, 95, 96, 97, 98, 100, 101, 102, 103, 104, 105, 106, 107, 108, 109, 110, 111, 112, 113, 114, 115, 116, 117, 118, 119, 120, 121, 122, 123, 124, 125, 126, 127, 128, 129, 130, 131, 132, 133, 134, 135], "functions": {"AccountPolicy.calculate_buying_power": {"executed_lines": [], "summary": {"covered_lines": 0, "num_statements": 0, "percent_covered": 100.0, "percent_covered_display": "100", "missing_lines": 0, "excluded_lines": 15, "percent_statements_covered": 100.0, "percent_statements_covered_display": "100"}, "missing_lines": [], "excluded_lines": [29, 30, 31, 32, 33, 34, 35, 36, 37, 38, 39, 40, 41, 42, 43]}, "AccountPolicy.allows_short_selling": {"executed_lines": [], "summary": {"covered_lines": 0, "num_statements": 0, "percent_covered": 100.0, "percent_covered_display": "100", "missing_lines": 0, "excluded_lines": 10, "percent_statements_covered": 100.0, "percent_statements_covered_display": "100"}, "missing_lines": [], "excluded_lines": [47, 48, 49, 50, 51, 52, 53, 54, 55, 56]}, "AccountPolicy.validate_new_position": {"executed_lines": [], "summary": {"covered_lines": 0, "num_statements": 0, "percent_covered": 100.0, "percent_covered_display": "100", "missing_lines": 0, "excluded_lines": 32, "percent_statements_covered": 100.0, "percent_statements_covered_display": "100"}, "missing_lines": [], "excluded_lines": [67, 68, 69, 70, 71, 72, 73, 74, 75, 76, 77, 78, 79, 80, 81, 82, 83, 84, 85, 86, 87, 88, 89, 90, 91, 92, 93, 94, 95, 96, 97, 98]}, "AccountPolicy.validate_position_change": {"executed_lines": [], "summary": {"covered_lines": 0, "num_statements": 0, "percent_covered": 100.0, "percent_covered_display": "100", "missing_lines": 0, "excluded_lines": 26, "percent_statements_covered": 100.0, "percent_statements_covered_display": "100"}, "missing_lines": [], "excluded_lines": [110, 111, 112, 113, 114, 115, 116, 117, 118, 119, 120, 121, 122, 123, 124, 125, 126, 127, 128, 129, 130, 131, 132, 133, 134, 135]}, "CashAccountPolicy.calculate_buying_power": {"executed_lines": [163], "summary": {"covered_lines": 1, "num_statements": 1, "percent_covered": 100.0, "percent_covered_display": "100", "missing_lines": 0, "excluded_lines": 0, "percent_statements_covered": 100.0, "percent_statements_covered_display": "100"}, "missing_lines": [], "excluded_lines": []}, "CashAccountPolicy.allows_short_selling": {"executed_lines": [171], "summary": {"covered_lines": 1, "num_statements": 1, "percent_covered": 100.0, "percent_covered_display": "100", "missing_lines": 0, "excluded_lines": 0, "percent_statements_covered": 100.0, "percent_statements_covered_display": "100"}, "missing_lines": [], "excluded_lines": []}, "CashAccountPolicy.validate_new_position": {"executed_lines": [198, 199, 202, 203, 204, 209], "summary": {"covered_lines": 6, "num_statements": 6, "percent_covered": 100.0, "percent_covered_display": "100", "missing_lines": 0, "excluded_lines": 0, "percent_statements_covered": 100.0, "percent_statements_covered_display": "100"}, "missing_lines": [], "excluded_lines": []}, "CashAccountPolicy.validate_position_change": {"executed_lines": [238, 241, 245, 252, 253, 256, 257, 258, 259, 265, 271], "summary": {"covered_lines": 11, "num_statements": 12, "percent_covered": 91.66666666666667, "percent_covered_display": "92", "missing_lines": 1, "excluded_lines": 0, "percent_statements_covered": 91.66666666666667, "percent_statements_covered_display": "92"}, "missing_lines": [266], "excluded_lines": []}, "MarginAccountPolicy.__init__": {"executed_lines": [347, 348, 349, 350, 353, 357, 358, 362, 368, 369, 370, 371], "summary": {"covered_lines": 12, "num_statements": 14, "percent_covered": 85.71428571428571, "percent_covered_display": "86", "missing_lines": 2, "excluded_lines": 0, "percent_statements_covered": 85.71428571428571, "percent_statements_covered_display": "86"}, "missing_lines": [354, 363], "excluded_lines": []}, "MarginAccountPolicy.get_margin_requirement": {"executed_lines": [405, 406, 407, 408, 411, 412, 413, 416, 417, 419], "summary": {"covered_lines": 10, "num_statements": 10, "percent_covered": 100.0, "percent_covered_display": "100", "missing_lines": 0, "excluded_lines": 0, "percent_statements_covered": 100.0, "percent_statements_covered_display": "100"}, "missing_lines": [], "excluded_lines": []}, "MarginAccountPolicy.is_margin_call": {"executed_lines": [434, 435, 438, 439, 442, 443, 444, 445, 449], "summary": {"covered_lines": 9, "num_statements": 9, "percent_covered": 100.0, "percent_covered_display": "100", "missing_lines": 0, "excluded_lines": 0, "percent_statements_covered": 100.0, "percent_statements_covered_display": "100"}, "missing_lines": [], "excluded_lines": []}, "MarginAccountPolicy.calculate_buying_power": {"executed_lines": [498, 499, 503, 504, 505, 506, 511, 516, 518], "summary": {"covered_lines": 9, "num_statements": 9, "percent_covered": 100.0, "percent_covered_display": "100", "missing_lines": 0, "excluded_lines": 0, "percent_statements_covered": 100.0, "percent_statements_covered_display": "100"}, "missing_lines": [], "excluded_lines": []}, "MarginAccountPolicy.allows_short_selling": {"executed_lines": [526], "summary": {"covered_lines": 1, "num_statements": 1, "percent_covered": 100.0, "percent_covered_display": "100", "missing_lines": 0, "excluded_lines": 0, "percent_statements_covered": 100.0, "percent_statements_covered_display": "100"}, "missing_lines": [], "excluded_lines": []}, "MarginAccountPolicy.validate_new_position": {"executed_lines": [559, 562, 565, 566, 572], "summary": {"covered_lines": 5, "num_statements": 5, "percent_covered": 100.0, "percent_covered_display": "100", "missing_lines": 0, "excluded_lines": 0, "percent_statements_covered": 100.0, "percent_statements_covered_display": "100"}, "missing_lines": [], "excluded_lines": []}, "MarginAccountPolicy.validate_position_change": {"executed_lines": [607, 610, 615, 617, 622, 625, 629, 633, 636, 639, 640, 646], "summary": {"covered_lines": 12, "num_statements": 13, "percent_covered": 92.3076923076923, "percent_covered_display": "92", "missing_lines": 1, "excluded_lines": 0, "percent_statements_covered": 92.3076923076923, "percent_statements_covered_display": "92"}, "missing_lines": [624], "excluded_lines": []}, "": {"executed_lines": [1, 7, 9, 10, 12, 16, 17, 27, 28, 45, 46, 58, 59, 100, 101, 138, 139, 153, 165, 173, 211, 274, 275, 315, 373, 421, 451, 520, 528, 574], "summary": {"covered_lines": 18, "num_statements": 19, "percent_covered": 94.73684210526316, "percent_covered_display": "95", "missing_lines": 1, "excluded_lines": 23, "percent_statements_covered": 94.73684210526316, "percent_statements_covered_display": "95"}, "missing_lines": [13], "excluded_lines": [27, 28, 45, 46, 58, 59, 60, 61, 62, 63, 64, 65, 66, 100, 101, 102, 103, 104, 105, 106, 107, 108, 109]}}, "classes": {"AccountPolicy": {"executed_lines": [], "summary": {"covered_lines": 0, "num_statements": 0, "percent_covered": 100.0, "percent_covered_display": "100", "missing_lines": 0, "excluded_lines": 83, "percent_statements_covered": 100.0, "percent_statements_covered_display": "100"}, "missing_lines": [], "excluded_lines": [29, 30, 31, 32, 33, 34, 35, 36, 37, 38, 39, 40, 41, 42, 43, 47, 48, 49, 50, 51, 52, 53, 54, 55, 56, 67, 68, 69, 70, 71, 72, 73, 74, 75, 76, 77, 78, 79, 80, 81, 82, 83, 84, 85, 86, 87, 88, 89, 90, 91, 92, 93, 94, 95, 96, 97, 98, 110, 111, 112, 113, 114, 115, 116, 117, 118, 119, 120, 121, 122, 123, 124, 125, 126, 127, 128, 129, 130, 131, 132, 133, 134, 135]}, "CashAccountPolicy": {"executed_lines": [163, 171, 198, 199, 202, 203, 204, 209, 238, 241, 245, 252, 253, 256, 257, 258, 259, 265, 271], "summary": {"covered_lines": 19, "num_statements": 20, "percent_covered": 95.0, "percent_covered_display": "95", "missing_lines": 1, "excluded_lines": 0, "percent_statements_covered": 95.0, "percent_statements_covered_display": "95"}, "missing_lines": [266], "excluded_lines": []}, "MarginAccountPolicy": {"executed_lines": [347, 348, 349, 350, 353, 357, 358, 362, 368, 369, 370, 371, 405, 406, 407, 408, 411, 412, 413, 416, 417, 419, 434, 435, 438, 439, 442, 443, 444, 445, 449, 498, 499, 503, 504, 505, 506, 511, 516, 518, 526, 559, 562, 565, 566, 572, 607, 610, 615, 617, 622, 625, 629, 633, 636, 639, 640, 646], "summary": {"covered_lines": 58, "num_statements": 61, "percent_covered": 95.08196721311475, "percent_covered_display": "95", "missing_lines": 3, "excluded_lines": 0, "percent_statements_covered": 95.08196721311475, "percent_statements_covered_display": "95"}, "missing_lines": [354, 363, 624], "excluded_lines": []}, "": {"executed_lines": [1, 7, 9, 10, 12, 16, 17, 27, 28, 45, 46, 58, 59, 100, 101, 138, 139, 153, 165, 173, 211, 274, 275, 315, 373, 421, 451, 520, 528, 574], "summary": {"covered_lines": 18, "num_statements": 19, "percent_covered": 94.73684210526316, "percent_covered_display": "95", "missing_lines": 1, "excluded_lines": 23, "percent_statements_covered": 94.73684210526316, "percent_statements_covered_display": "95"}, "missing_lines": [13], "excluded_lines": [27, 28, 45, 46, 58, 59, 60, 61, 62, 63, 64, 65, 66, 100, 101, 102, 103, 104, 105, 106, 107, 108, 109]}}}, "src/ml4t/backtest/analysis.py": {"executed_lines": [1, 39, 41, 43, 44, 46, 48, 52, 94, 116, 138, 176, 177, 203, 239, 240, 246, 247, 253, 254, 331, 372, 396, 397, 413, 423, 424, 428, 429, 440, 450, 458, 466, 474, 506], "summary": {"covered_lines": 32, "num_statements": 140, "percent_covered": 22.857142857142858, "percent_covered_display": "23", "missing_lines": 108, "excluded_lines": 0, "percent_statements_covered": 22.857142857142858, "percent_statements_covered_display": "23"}, "missing_lines": [49, 71, 113, 131, 132, 133, 134, 135, 151, 152, 153, 158, 159, 160, 162, 167, 168, 171, 173, 222, 223, 224, 225, 226, 227, 228, 229, 230, 231, 232, 233, 234, 235, 236, 237, 242, 243, 244, 249, 250, 251, 263, 264, 283, 284, 285, 286, 287, 289, 290, 291, 292, 293, 295, 296, 297, 298, 300, 301, 302, 303, 305, 306, 307, 309, 310, 312, 333, 347, 348, 349, 350, 351, 352, 353, 354, 356, 370, 374, 419, 420, 421, 426, 432, 433, 435, 436, 437, 438, 446, 447, 448, 456, 464, 472, 480, 481, 483, 484, 485, 504, 512, 515, 516, 517, 518, 520, 530], "excluded_lines": [], "functions": {"to_trade_record": {"executed_lines": [], "summary": {"covered_lines": 0, "num_statements": 1, "percent_covered": 0.0, "percent_covered_display": "0", "missing_lines": 1, "excluded_lines": 0, "percent_statements_covered": 0.0, "percent_statements_covered_display": "0"}, "missing_lines": [71], "excluded_lines": []}, "to_trade_records": {"executed_lines": [], "summary": {"covered_lines": 0, "num_statements": 1, "percent_covered": 0.0, "percent_covered_display": "0", "missing_lines": 1, "excluded_lines": 0, "percent_statements_covered": 0.0, "percent_statements_covered_display": "0"}, "missing_lines": [113], "excluded_lines": []}, "to_returns_series": {"executed_lines": [], "summary": {"covered_lines": 0, "num_statements": 5, "percent_covered": 0.0, "percent_covered_display": "0", "missing_lines": 5, "excluded_lines": 0, "percent_statements_covered": 0.0, "percent_statements_covered_display": "0"}, "missing_lines": [131, 132, 133, 134, 135], "excluded_lines": []}, "to_equity_dataframe": {"executed_lines": [], "summary": {"covered_lines": 0, "num_statements": 11, "percent_covered": 0.0, "percent_covered_display": "0", "missing_lines": 11, "excluded_lines": 0, "percent_statements_covered": 0.0, "percent_statements_covered_display": "0"}, "missing_lines": [151, 152, 153, 158, 159, 160, 162, 167, 168, 171, 173], "excluded_lines": []}, "TradeStatistics.__init__": {"executed_lines": [], "summary": {"covered_lines": 0, "num_statements": 16, "percent_covered": 0.0, "percent_covered_display": "0", "missing_lines": 16, "excluded_lines": 0, "percent_statements_covered": 0.0, "percent_statements_covered_display": "0"}, "missing_lines": [222, 223, 224, 225, 226, 227, 228, 229, 230, 231, 232, 233, 234, 235, 236, 237], "excluded_lines": []}, "TradeStatistics.expectancy": {"executed_lines": [], "summary": {"covered_lines": 0, "num_statements": 3, "percent_covered": 0.0, "percent_covered_display": "0", "missing_lines": 3, "excluded_lines": 0, "percent_statements_covered": 0.0, "percent_statements_covered_display": "0"}, "missing_lines": [242, 243, 244], "excluded_lines": []}, "TradeStatistics.payoff_ratio": {"executed_lines": [], "summary": {"covered_lines": 0, "num_statements": 3, "percent_covered": 0.0, "percent_covered_display": "0", "missing_lines": 3, "excluded_lines": 0, "percent_statements_covered": 0.0, "percent_statements_covered_display": "0"}, "missing_lines": [249, 250, 251], "excluded_lines": []}, "TradeStatistics.from_trades": {"executed_lines": [], "summary": {"covered_lines": 0, "num_statements": 26, "percent_covered": 0.0, "percent_covered_display": "0", "missing_lines": 26, "excluded_lines": 0, "percent_statements_covered": 0.0, "percent_statements_covered_display": "0"}, "missing_lines": [263, 264, 283, 284, 285, 286, 287, 289, 290, 291, 292, 293, 295, 296, 297, 298, 300, 301, 302, 303, 305, 306, 307, 309, 310, 312], "excluded_lines": []}, "TradeStatistics.summary": {"executed_lines": [], "summary": {"covered_lines": 0, "num_statements": 11, "percent_covered": 0.0, "percent_covered_display": "0", "missing_lines": 11, "excluded_lines": 0, "percent_statements_covered": 0.0, "percent_statements_covered_display": "0"}, "missing_lines": [333, 347, 348, 349, 350, 351, 352, 353, 354, 356, 370], "excluded_lines": []}, "TradeStatistics.to_dict": {"executed_lines": [], "summary": {"covered_lines": 0, "num_statements": 1, "percent_covered": 0.0, "percent_covered_display": "0", "missing_lines": 1, "excluded_lines": 0, "percent_statements_covered": 0.0, "percent_statements_covered_display": "0"}, "missing_lines": [374], "excluded_lines": []}, "BacktestAnalyzer.__init__": {"executed_lines": [], "summary": {"covered_lines": 0, "num_statements": 3, "percent_covered": 0.0, "percent_covered_display": "0", "missing_lines": 3, "excluded_lines": 0, "percent_statements_covered": 0.0, "percent_statements_covered_display": "0"}, "missing_lines": [419, 420, 421], "excluded_lines": []}, "BacktestAnalyzer.trades": {"executed_lines": [], "summary": {"covered_lines": 0, "num_statements": 1, "percent_covered": 0.0, "percent_covered_display": "0", "missing_lines": 1, "excluded_lines": 0, "percent_statements_covered": 0.0, "percent_statements_covered_display": "0"}, "missing_lines": [426], "excluded_lines": []}, "BacktestAnalyzer.equity_history": {"executed_lines": [], "summary": {"covered_lines": 0, "num_statements": 6, "percent_covered": 0.0, "percent_covered_display": "0", "missing_lines": 6, "excluded_lines": 0, "percent_statements_covered": 0.0, "percent_statements_covered_display": "0"}, "missing_lines": [432, 433, 435, 436, 437, 438], "excluded_lines": []}, "BacktestAnalyzer.trade_statistics": {"executed_lines": [], "summary": {"covered_lines": 0, "num_statements": 3, "percent_covered": 0.0, "percent_covered_display": "0", "missing_lines": 3, "excluded_lines": 0, "percent_statements_covered": 0.0, "percent_statements_covered_display": "0"}, "missing_lines": [446, 447, 448], "excluded_lines": []}, "BacktestAnalyzer.get_trade_records": {"executed_lines": [], "summary": {"covered_lines": 0, "num_statements": 1, "percent_covered": 0.0, "percent_covered_display": "0", "missing_lines": 1, "excluded_lines": 0, "percent_statements_covered": 0.0, "percent_statements_covered_display": "0"}, "missing_lines": [456], "excluded_lines": []}, "BacktestAnalyzer.get_returns_series": {"executed_lines": [], "summary": {"covered_lines": 0, "num_statements": 1, "percent_covered": 0.0, "percent_covered_display": "0", "missing_lines": 1, "excluded_lines": 0, "percent_statements_covered": 0.0, "percent_statements_covered_display": "0"}, "missing_lines": [464], "excluded_lines": []}, "BacktestAnalyzer.get_equity_dataframe": {"executed_lines": [], "summary": {"covered_lines": 0, "num_statements": 1, "percent_covered": 0.0, "percent_covered_display": "0", "missing_lines": 1, "excluded_lines": 0, "percent_statements_covered": 0.0, "percent_statements_covered_display": "0"}, "missing_lines": [472], "excluded_lines": []}, "BacktestAnalyzer.get_trades_dataframe": {"executed_lines": [], "summary": {"covered_lines": 0, "num_statements": 6, "percent_covered": 0.0, "percent_covered_display": "0", "missing_lines": 6, "excluded_lines": 0, "percent_statements_covered": 0.0, "percent_statements_covered_display": "0"}, "missing_lines": [480, 481, 483, 484, 485, 504], "excluded_lines": []}, "BacktestAnalyzer.summary": {"executed_lines": [], "summary": {"covered_lines": 0, "num_statements": 7, "percent_covered": 0.0, "percent_covered_display": "0", "missing_lines": 7, "excluded_lines": 0, "percent_statements_covered": 0.0, "percent_statements_covered_display": "0"}, "missing_lines": [512, 515, 516, 517, 518, 520, 530], "excluded_lines": []}, "": {"executed_lines": [1, 39, 41, 43, 44, 46, 48, 52, 94, 116, 138, 176, 177, 203, 239, 240, 246, 247, 253, 254, 331, 372, 396, 397, 413, 423, 424, 428, 429, 440, 450, 458, 466, 474, 506], "summary": {"covered_lines": 32, "num_statements": 33, "percent_covered": 96.96969696969697, "percent_covered_display": "97", "missing_lines": 1, "excluded_lines": 0, "percent_statements_covered": 96.96969696969697, "percent_statements_covered_display": "97"}, "missing_lines": [49], "excluded_lines": []}}, "classes": {"TradeStatistics": {"executed_lines": [], "summary": {"covered_lines": 0, "num_statements": 60, "percent_covered": 0.0, "percent_covered_display": "0", "missing_lines": 60, "excluded_lines": 0, "percent_statements_covered": 0.0, "percent_statements_covered_display": "0"}, "missing_lines": [222, 223, 224, 225, 226, 227, 228, 229, 230, 231, 232, 233, 234, 235, 236, 237, 242, 243, 244, 249, 250, 251, 263, 264, 283, 284, 285, 286, 287, 289, 290, 291, 292, 293, 295, 296, 297, 298, 300, 301, 302, 303, 305, 306, 307, 309, 310, 312, 333, 347, 348, 349, 350, 351, 352, 353, 354, 356, 370, 374], "excluded_lines": []}, "BacktestAnalyzer": {"executed_lines": [], "summary": {"covered_lines": 0, "num_statements": 29, "percent_covered": 0.0, "percent_covered_display": "0", "missing_lines": 29, "excluded_lines": 0, "percent_statements_covered": 0.0, "percent_statements_covered_display": "0"}, "missing_lines": [419, 420, 421, 426, 432, 433, 435, 436, 437, 438, 446, 447, 448, 456, 464, 472, 480, 481, 483, 484, 485, 504, 512, 515, 516, 517, 518, 520, 530], "excluded_lines": []}, "": {"executed_lines": [1, 39, 41, 43, 44, 46, 48, 52, 94, 116, 138, 176, 177, 203, 239, 240, 246, 247, 253, 254, 331, 372, 396, 397, 413, 423, 424, 428, 429, 440, 450, 458, 466, 474, 506], "summary": {"covered_lines": 32, "num_statements": 51, "percent_covered": 62.745098039215684, "percent_covered_display": "63", "missing_lines": 19, "excluded_lines": 0, "percent_statements_covered": 62.745098039215684, "percent_statements_covered_display": "63"}, "missing_lines": [49, 71, 113, 131, 132, 133, 134, 135, 151, 152, 153, 158, 159, 160, 162, 167, 168, 171, 173], "excluded_lines": []}}}, "src/ml4t/backtest/analytics/equity.py": {"executed_lines": [1, 3, 4, 6, 8, 20, 21, 22, 29, 30, 32, 34, 35, 37, 40, 41, 43, 45, 47, 48, 55, 56, 58, 60, 61, 63, 65, 66, 68, 70, 72, 73, 75, 77, 79, 81, 83, 85, 87, 89, 90, 92, 93, 95, 96, 98, 100, 101, 103, 105, 106, 108, 110, 118], "summary": {"covered_lines": 52, "num_statements": 65, "percent_covered": 80.0, "percent_covered_display": "80", "missing_lines": 13, "excluded_lines": 0, "percent_statements_covered": 80.0, "percent_statements_covered_display": "80"}, "missing_lines": [38, 44, 50, 51, 52, 53, 69, 112, 113, 114, 115, 116, 120], "excluded_lines": [], "functions": {"EquityCurve.append": {"executed_lines": [34, 35], "summary": {"covered_lines": 2, "num_statements": 2, "percent_covered": 100.0, "percent_covered_display": "100", "missing_lines": 0, "excluded_lines": 0, "percent_statements_covered": 100.0, "percent_statements_covered_display": "100"}, "missing_lines": [], "excluded_lines": []}, "EquityCurve.__len__": {"executed_lines": [], "summary": {"covered_lines": 0, "num_statements": 1, "percent_covered": 0.0, "percent_covered_display": "0", "missing_lines": 1, "excluded_lines": 0, "percent_statements_covered": 0.0, "percent_statements_covered_display": "0"}, "missing_lines": [38], "excluded_lines": []}, "EquityCurve.returns": {"executed_lines": [43, 45], "summary": {"covered_lines": 2, "num_statements": 3, "percent_covered": 66.66666666666667, "percent_covered_display": "67", "missing_lines": 1, "excluded_lines": 0, "percent_statements_covered": 66.66666666666667, "percent_statements_covered_display": "67"}, "missing_lines": [44], "excluded_lines": []}, "EquityCurve.cumulative_returns": {"executed_lines": [], "summary": {"covered_lines": 0, "num_statements": 4, "percent_covered": 0.0, "percent_covered_display": "0", "missing_lines": 4, "excluded_lines": 0, "percent_statements_covered": 0.0, "percent_statements_covered_display": "0"}, "missing_lines": [50, 51, 52, 53], "excluded_lines": []}, "EquityCurve.initial_value": {"executed_lines": [58], "summary": {"covered_lines": 1, "num_statements": 1, "percent_covered": 100.0, "percent_covered_display": "100", "missing_lines": 0, "excluded_lines": 0, "percent_statements_covered": 100.0, "percent_statements_covered_display": "100"}, "missing_lines": [], "excluded_lines": []}, "EquityCurve.final_value": {"executed_lines": [63], "summary": {"covered_lines": 1, "num_statements": 1, "percent_covered": 100.0, "percent_covered_display": "100", "missing_lines": 0, "excluded_lines": 0, "percent_statements_covered": 100.0, "percent_statements_covered_display": "100"}, "missing_lines": [], "excluded_lines": []}, "EquityCurve.total_return": {"executed_lines": [68, 70], "summary": {"covered_lines": 2, "num_statements": 3, "percent_covered": 66.66666666666667, "percent_covered_display": "67", "missing_lines": 1, "excluded_lines": 0, "percent_statements_covered": 66.66666666666667, "percent_statements_covered_display": "67"}, "missing_lines": [69], "excluded_lines": []}, "EquityCurve.years": {"executed_lines": [75], "summary": {"covered_lines": 1, "num_statements": 1, "percent_covered": 100.0, "percent_covered_display": "100", "missing_lines": 0, "excluded_lines": 0, "percent_statements_covered": 100.0, "percent_statements_covered_display": "100"}, "missing_lines": [], "excluded_lines": []}, "EquityCurve.sharpe": {"executed_lines": [79], "summary": {"covered_lines": 1, "num_statements": 1, "percent_covered": 100.0, "percent_covered_display": "100", "missing_lines": 0, "excluded_lines": 0, "percent_statements_covered": 100.0, "percent_statements_covered_display": "100"}, "missing_lines": [], "excluded_lines": []}, "EquityCurve.sortino": {"executed_lines": [83], "summary": {"covered_lines": 1, "num_statements": 1, "percent_covered": 100.0, "percent_covered_display": "100", "missing_lines": 0, "excluded_lines": 0, "percent_statements_covered": 100.0, "percent_statements_covered_display": "100"}, "missing_lines": [], "excluded_lines": []}, "EquityCurve.max_drawdown_info": {"executed_lines": [87], "summary": {"covered_lines": 1, "num_statements": 1, "percent_covered": 100.0, "percent_covered_display": "100", "missing_lines": 0, "excluded_lines": 0, "percent_statements_covered": 100.0, "percent_statements_covered_display": "100"}, "missing_lines": [], "excluded_lines": []}, "EquityCurve.max_dd": {"executed_lines": [92, 93], "summary": {"covered_lines": 2, "num_statements": 2, "percent_covered": 100.0, "percent_covered_display": "100", "missing_lines": 0, "excluded_lines": 0, "percent_statements_covered": 100.0, "percent_statements_covered_display": "100"}, "missing_lines": [], "excluded_lines": []}, "EquityCurve.cagr": {"executed_lines": [98], "summary": {"covered_lines": 1, "num_statements": 1, "percent_covered": 100.0, "percent_covered_display": "100", "missing_lines": 0, "excluded_lines": 0, "percent_statements_covered": 100.0, "percent_statements_covered_display": "100"}, "missing_lines": [], "excluded_lines": []}, "EquityCurve.calmar": {"executed_lines": [103], "summary": {"covered_lines": 1, "num_statements": 1, "percent_covered": 100.0, "percent_covered_display": "100", "missing_lines": 0, "excluded_lines": 0, "percent_statements_covered": 100.0, "percent_statements_covered_display": "100"}, "missing_lines": [], "excluded_lines": []}, "EquityCurve.volatility": {"executed_lines": [108], "summary": {"covered_lines": 1, "num_statements": 1, "percent_covered": 100.0, "percent_covered_display": "100", "missing_lines": 0, "excluded_lines": 0, "percent_statements_covered": 100.0, "percent_statements_covered_display": "100"}, "missing_lines": [], "excluded_lines": []}, "EquityCurve.drawdown_series": {"executed_lines": [], "summary": {"covered_lines": 0, "num_statements": 5, "percent_covered": 0.0, "percent_covered_display": "0", "missing_lines": 5, "excluded_lines": 0, "percent_statements_covered": 0.0, "percent_statements_covered_display": "0"}, "missing_lines": [112, 113, 114, 115, 116], "excluded_lines": []}, "EquityCurve.to_dict": {"executed_lines": [], "summary": {"covered_lines": 0, "num_statements": 1, "percent_covered": 0.0, "percent_covered_display": "0", "missing_lines": 1, "excluded_lines": 0, "percent_statements_covered": 0.0, "percent_statements_covered_display": "0"}, "missing_lines": [120], "excluded_lines": []}, "": {"executed_lines": [1, 3, 4, 6, 8, 20, 21, 22, 29, 30, 32, 37, 40, 41, 47, 48, 55, 56, 60, 61, 65, 66, 72, 73, 77, 81, 85, 89, 90, 95, 96, 100, 101, 105, 106, 110, 118], "summary": {"covered_lines": 35, "num_statements": 35, "percent_covered": 100.0, "percent_covered_display": "100", "missing_lines": 0, "excluded_lines": 0, "percent_statements_covered": 100.0, "percent_statements_covered_display": "100"}, "missing_lines": [], "excluded_lines": []}}, "classes": {"EquityCurve": {"executed_lines": [34, 35, 43, 45, 58, 63, 68, 70, 75, 79, 83, 87, 92, 93, 98, 103, 108], "summary": {"covered_lines": 17, "num_statements": 30, "percent_covered": 56.666666666666664, "percent_covered_display": "57", "missing_lines": 13, "excluded_lines": 0, "percent_statements_covered": 56.666666666666664, "percent_statements_covered_display": "57"}, "missing_lines": [38, 44, 50, 51, 52, 53, 69, 112, 113, 114, 115, 116, 120], "excluded_lines": []}, "": {"executed_lines": [1, 3, 4, 6, 8, 20, 21, 22, 29, 30, 32, 37, 40, 41, 47, 48, 55, 56, 60, 61, 65, 66, 72, 73, 77, 81, 85, 89, 90, 95, 96, 100, 101, 105, 106, 110, 118], "summary": {"covered_lines": 35, "num_statements": 35, "percent_covered": 100.0, "percent_covered_display": "100", "missing_lines": 0, "excluded_lines": 0, "percent_statements_covered": 100.0, "percent_statements_covered_display": "100"}, "missing_lines": [], "excluded_lines": []}}}, "src/ml4t/backtest/analytics/metrics.py": {"executed_lines": [1, 3, 4, 6, 9, 12, 15, 17, 18, 21, 31, 32, 34, 35, 36, 37, 40, 55, 56, 60, 61, 62, 66, 67, 69, 72, 73, 74, 75, 78, 93, 94, 98, 99, 100, 104, 107, 108, 109, 111, 112, 115, 116, 117, 118, 121, 131, 132, 136, 137, 139, 140, 142, 145, 160, 162, 165, 168, 178, 179, 180], "summary": {"covered_lines": 60, "num_statements": 70, "percent_covered": 85.71428571428571, "percent_covered_display": "86", "missing_lines": 10, "excluded_lines": 0, "percent_statements_covered": 85.71428571428571, "percent_statements_covered_display": "86"}, "missing_lines": [33, 57, 64, 70, 95, 102, 113, 133, 161, 163], "excluded_lines": [], "functions": {"returns_from_values": {"executed_lines": [17, 18], "summary": {"covered_lines": 2, "num_statements": 2, "percent_covered": 100.0, "percent_covered_display": "100", "missing_lines": 0, "excluded_lines": 0, "percent_statements_covered": 100.0, "percent_statements_covered_display": "100"}, "missing_lines": [], "excluded_lines": []}, "volatility": {"executed_lines": [31, 32, 34, 35, 36, 37], "summary": {"covered_lines": 6, "num_statements": 7, "percent_covered": 85.71428571428571, "percent_covered_display": "86", "missing_lines": 1, "excluded_lines": 0, "percent_statements_covered": 85.71428571428571, "percent_statements_covered_display": "86"}, "missing_lines": [33], "excluded_lines": []}, "sharpe_ratio": {"executed_lines": [55, 56, 60, 61, 62, 66, 67, 69, 72, 73, 74, 75], "summary": {"covered_lines": 12, "num_statements": 15, "percent_covered": 80.0, "percent_covered_display": "80", "missing_lines": 3, "excluded_lines": 0, "percent_statements_covered": 80.0, "percent_statements_covered_display": "80"}, "missing_lines": [57, 64, 70], "excluded_lines": []}, "sortino_ratio": {"executed_lines": [93, 94, 98, 99, 100, 104, 107, 108, 109, 111, 112, 115, 116, 117, 118], "summary": {"covered_lines": 15, "num_statements": 18, "percent_covered": 83.33333333333333, "percent_covered_display": "83", "missing_lines": 3, "excluded_lines": 0, "percent_statements_covered": 83.33333333333333, "percent_statements_covered_display": "83"}, "missing_lines": [95, 102, 113], "excluded_lines": []}, "max_drawdown": {"executed_lines": [131, 132, 136, 137, 139, 140, 142], "summary": {"covered_lines": 7, "num_statements": 8, "percent_covered": 87.5, "percent_covered_display": "88", "missing_lines": 1, "excluded_lines": 0, "percent_statements_covered": 87.5, "percent_statements_covered_display": "88"}, "missing_lines": [133], "excluded_lines": []}, "cagr": {"executed_lines": [160, 162, 165], "summary": {"covered_lines": 3, "num_statements": 5, "percent_covered": 60.0, "percent_covered_display": "60", "missing_lines": 2, "excluded_lines": 0, "percent_statements_covered": 60.0, "percent_statements_covered_display": "60"}, "missing_lines": [161, 163], "excluded_lines": []}, "calmar_ratio": {"executed_lines": [178, 179, 180], "summary": {"covered_lines": 3, "num_statements": 3, "percent_covered": 100.0, "percent_covered_display": "100", "missing_lines": 0, "excluded_lines": 0, "percent_statements_covered": 100.0, "percent_statements_covered_display": "100"}, "missing_lines": [], "excluded_lines": []}, "": {"executed_lines": [1, 3, 4, 6, 9, 12, 15, 21, 40, 78, 121, 145, 168], "summary": {"covered_lines": 12, "num_statements": 12, "percent_covered": 100.0, "percent_covered_display": "100", "missing_lines": 0, "excluded_lines": 0, "percent_statements_covered": 100.0, "percent_statements_covered_display": "100"}, "missing_lines": [], "excluded_lines": []}}, "classes": {"": {"executed_lines": [1, 3, 4, 6, 9, 12, 15, 17, 18, 21, 31, 32, 34, 35, 36, 37, 40, 55, 56, 60, 61, 62, 66, 67, 69, 72, 73, 74, 75, 78, 93, 94, 98, 99, 100, 104, 107, 108, 109, 111, 112, 115, 116, 117, 118, 121, 131, 132, 136, 137, 139, 140, 142, 145, 160, 162, 165, 168, 178, 179, 180], "summary": {"covered_lines": 60, "num_statements": 70, "percent_covered": 85.71428571428571, "percent_covered_display": "86", "missing_lines": 10, "excluded_lines": 0, "percent_statements_covered": 85.71428571428571, "percent_statements_covered_display": "86"}, "missing_lines": [33, 57, 64, 70, 95, 102, 113, 133, 161, 163], "excluded_lines": []}}}, "src/ml4t/backtest/analytics/trades.py": {"executed_lines": [1, 3, 4, 5, 7, 9, 13, 14, 15, 17, 19, 20, 21, 25, 26, 28, 30, 31, 33, 35, 36, 38, 40, 41, 43, 44, 45, 47, 48, 50, 51, 53, 54, 56, 57, 59, 60, 62, 64, 65, 67, 68, 69, 71, 72, 74, 75, 77, 78, 80, 81, 83, 84, 86, 88, 89, 91, 93, 94, 96, 97, 99, 100, 102, 103, 105, 106, 108, 110, 111, 113, 115, 116, 118, 119, 121, 123, 124, 126, 128, 133, 140, 141, 143, 144, 145, 146, 148, 149, 151, 152, 153, 154, 156, 157, 163, 164, 165, 166, 167, 168, 169, 171, 172, 178, 179, 180, 181, 182, 184, 185, 186, 188, 190, 217, 218, 219, 246, 247, 248, 250, 251, 252, 253, 255, 256, 258, 259, 261, 265, 266, 268, 270, 271, 273, 275, 276, 278, 280, 289, 291, 295, 296, 298, 300, 301, 303, 305, 306, 308, 310, 319, 321, 325, 326, 332, 333, 334, 336, 337, 342, 344, 345, 346, 347, 348, 352, 366, 367, 370, 371, 376, 378, 392, 393, 397, 399, 413, 424, 430, 435, 437], "summary": {"covered_lines": 179, "num_statements": 189, "percent_covered": 94.70899470899471, "percent_covered_display": "95", "missing_lines": 10, "excluded_lines": 0, "percent_statements_covered": 94.70899470899471, "percent_statements_covered_display": "95"}, "missing_lines": [10, 114, 130, 131, 135, 136, 290, 320, 343, 372], "excluded_lines": [], "functions": {"TradeAnalyzer.__post_init__": {"executed_lines": [20, 21], "summary": {"covered_lines": 2, "num_statements": 2, "percent_covered": 100.0, "percent_covered_display": "100", "missing_lines": 0, "excluded_lines": 0, "percent_statements_covered": 100.0, "percent_statements_covered_display": "100"}, "missing_lines": [], "excluded_lines": []}, "TradeAnalyzer.num_trades": {"executed_lines": [28], "summary": {"covered_lines": 1, "num_statements": 1, "percent_covered": 100.0, "percent_covered_display": "100", "missing_lines": 0, "excluded_lines": 0, "percent_statements_covered": 100.0, "percent_statements_covered_display": "100"}, "missing_lines": [], "excluded_lines": []}, "TradeAnalyzer.num_winners": {"executed_lines": [33], "summary": {"covered_lines": 1, "num_statements": 1, "percent_covered": 100.0, "percent_covered_display": "100", "missing_lines": 0, "excluded_lines": 0, "percent_statements_covered": 100.0, "percent_statements_covered_display": "100"}, "missing_lines": [], "excluded_lines": []}, "TradeAnalyzer.num_losers": {"executed_lines": [38], "summary": {"covered_lines": 1, "num_statements": 1, "percent_covered": 100.0, "percent_covered_display": "100", "missing_lines": 0, "excluded_lines": 0, "percent_statements_covered": 100.0, "percent_statements_covered_display": "100"}, "missing_lines": [], "excluded_lines": []}, "TradeAnalyzer.win_rate": {"executed_lines": [43, 44, 45], "summary": {"covered_lines": 3, "num_statements": 3, "percent_covered": 100.0, "percent_covered_display": "100", "missing_lines": 0, "excluded_lines": 0, "percent_statements_covered": 100.0, "percent_statements_covered_display": "100"}, "missing_lines": [], "excluded_lines": []}, "TradeAnalyzer.gross_profit": {"executed_lines": [50, 51], "summary": {"covered_lines": 2, "num_statements": 2, "percent_covered": 100.0, "percent_covered_display": "100", "missing_lines": 0, "excluded_lines": 0, "percent_statements_covered": 100.0, "percent_statements_covered_display": "100"}, "missing_lines": [], "excluded_lines": []}, "TradeAnalyzer.gross_loss": {"executed_lines": [56, 57], "summary": {"covered_lines": 2, "num_statements": 2, "percent_covered": 100.0, "percent_covered_display": "100", "missing_lines": 0, "excluded_lines": 0, "percent_statements_covered": 100.0, "percent_statements_covered_display": "100"}, "missing_lines": [], "excluded_lines": []}, "TradeAnalyzer.net_profit": {"executed_lines": [62], "summary": {"covered_lines": 1, "num_statements": 1, "percent_covered": 100.0, "percent_covered_display": "100", "missing_lines": 0, "excluded_lines": 0, "percent_statements_covered": 100.0, "percent_statements_covered_display": "100"}, "missing_lines": [], "excluded_lines": []}, "TradeAnalyzer.profit_factor": {"executed_lines": [67, 68, 69], "summary": {"covered_lines": 3, "num_statements": 3, "percent_covered": 100.0, "percent_covered_display": "100", "missing_lines": 0, "excluded_lines": 0, "percent_statements_covered": 100.0, "percent_statements_covered_display": "100"}, "missing_lines": [], "excluded_lines": []}, "TradeAnalyzer.avg_win": {"executed_lines": [74, 75], "summary": {"covered_lines": 2, "num_statements": 2, "percent_covered": 100.0, "percent_covered_display": "100", "missing_lines": 0, "excluded_lines": 0, "percent_statements_covered": 100.0, "percent_statements_covered_display": "100"}, "missing_lines": [], "excluded_lines": []}, "TradeAnalyzer.avg_loss": {"executed_lines": [80, 81], "summary": {"covered_lines": 2, "num_statements": 2, "percent_covered": 100.0, "percent_covered_display": "100", "missing_lines": 0, "excluded_lines": 0, "percent_statements_covered": 100.0, "percent_statements_covered_display": "100"}, "missing_lines": [], "excluded_lines": []}, "TradeAnalyzer.avg_trade": {"executed_lines": [86], "summary": {"covered_lines": 1, "num_statements": 1, "percent_covered": 100.0, "percent_covered_display": "100", "missing_lines": 0, "excluded_lines": 0, "percent_statements_covered": 100.0, "percent_statements_covered_display": "100"}, "missing_lines": [], "excluded_lines": []}, "TradeAnalyzer.expectancy": {"executed_lines": [91], "summary": {"covered_lines": 1, "num_statements": 1, "percent_covered": 100.0, "percent_covered_display": "100", "missing_lines": 0, "excluded_lines": 0, "percent_statements_covered": 100.0, "percent_statements_covered_display": "100"}, "missing_lines": [], "excluded_lines": []}, "TradeAnalyzer.largest_win": {"executed_lines": [96, 97], "summary": {"covered_lines": 2, "num_statements": 2, "percent_covered": 100.0, "percent_covered_display": "100", "missing_lines": 0, "excluded_lines": 0, "percent_statements_covered": 100.0, "percent_statements_covered_display": "100"}, "missing_lines": [], "excluded_lines": []}, "TradeAnalyzer.largest_loss": {"executed_lines": [102, 103], "summary": {"covered_lines": 2, "num_statements": 2, "percent_covered": 100.0, "percent_covered_display": "100", "missing_lines": 0, "excluded_lines": 0, "percent_statements_covered": 100.0, "percent_statements_covered_display": "100"}, "missing_lines": [], "excluded_lines": []}, "TradeAnalyzer.avg_return": {"executed_lines": [108], "summary": {"covered_lines": 1, "num_statements": 1, "percent_covered": 100.0, "percent_covered_display": "100", "missing_lines": 0, "excluded_lines": 0, "percent_statements_covered": 100.0, "percent_statements_covered_display": "100"}, "missing_lines": [], "excluded_lines": []}, "TradeAnalyzer.avg_bars_held": {"executed_lines": [113, 115, 116], "summary": {"covered_lines": 3, "num_statements": 4, "percent_covered": 75.0, "percent_covered_display": "75", "missing_lines": 1, "excluded_lines": 0, "percent_statements_covered": 75.0, "percent_statements_covered_display": "75"}, "missing_lines": [114], "excluded_lines": []}, "TradeAnalyzer.total_commission": {"executed_lines": [121], "summary": {"covered_lines": 1, "num_statements": 1, "percent_covered": 100.0, "percent_covered_display": "100", "missing_lines": 0, "excluded_lines": 0, "percent_statements_covered": 100.0, "percent_statements_covered_display": "100"}, "missing_lines": [], "excluded_lines": []}, "TradeAnalyzer.total_slippage": {"executed_lines": [126], "summary": {"covered_lines": 1, "num_statements": 1, "percent_covered": 100.0, "percent_covered_display": "100", "missing_lines": 0, "excluded_lines": 0, "percent_statements_covered": 100.0, "percent_statements_covered_display": "100"}, "missing_lines": [], "excluded_lines": []}, "TradeAnalyzer.by_side": {"executed_lines": [], "summary": {"covered_lines": 0, "num_statements": 2, "percent_covered": 0.0, "percent_covered_display": "0", "missing_lines": 2, "excluded_lines": 0, "percent_statements_covered": 0.0, "percent_statements_covered_display": "0"}, "missing_lines": [130, 131], "excluded_lines": []}, "TradeAnalyzer.by_asset": {"executed_lines": [], "summary": {"covered_lines": 0, "num_statements": 2, "percent_covered": 0.0, "percent_covered_display": "0", "missing_lines": 2, "excluded_lines": 0, "percent_statements_covered": 0.0, "percent_statements_covered_display": "0"}, "missing_lines": [135, 136], "excluded_lines": []}, "TradeAnalyzer.avg_mfe": {"executed_lines": [143, 144, 145, 146], "summary": {"covered_lines": 4, "num_statements": 4, "percent_covered": 100.0, "percent_covered_display": "100", "missing_lines": 0, "excluded_lines": 0, "percent_statements_covered": 100.0, "percent_statements_covered_display": "100"}, "missing_lines": [], "excluded_lines": []}, "TradeAnalyzer.avg_mae": {"executed_lines": [151, 152, 153, 154], "summary": {"covered_lines": 4, "num_statements": 4, "percent_covered": 100.0, "percent_covered_display": "100", "missing_lines": 0, "excluded_lines": 0, "percent_statements_covered": 100.0, "percent_statements_covered_display": "100"}, "missing_lines": [], "excluded_lines": []}, "TradeAnalyzer.mfe_capture_ratio": {"executed_lines": [163, 164, 165, 166, 167, 168, 169], "summary": {"covered_lines": 7, "num_statements": 7, "percent_covered": 100.0, "percent_covered_display": "100", "missing_lines": 0, "excluded_lines": 0, "percent_statements_covered": 100.0, "percent_statements_covered_display": "100"}, "missing_lines": [], "excluded_lines": []}, "TradeAnalyzer.mae_recovery_ratio": {"executed_lines": [178, 179, 180, 181, 182, 184, 185, 186], "summary": {"covered_lines": 8, "num_statements": 8, "percent_covered": 100.0, "percent_covered_display": "100", "missing_lines": 0, "excluded_lines": 0, "percent_statements_covered": 100.0, "percent_statements_covered_display": "100"}, "missing_lines": [], "excluded_lines": []}, "TradeAnalyzer.to_dict": {"executed_lines": [190], "summary": {"covered_lines": 1, "num_statements": 1, "percent_covered": 100.0, "percent_covered_display": "100", "missing_lines": 0, "excluded_lines": 0, "percent_statements_covered": 100.0, "percent_statements_covered_display": "100"}, "missing_lines": [], "excluded_lines": []}, "MAEMFEAnalyzer.__post_init__": {"executed_lines": [251, 252, 253, 255, 256], "summary": {"covered_lines": 5, "num_statements": 5, "percent_covered": 100.0, "percent_covered_display": "100", "missing_lines": 0, "excluded_lines": 0, "percent_statements_covered": 100.0, "percent_statements_covered_display": "100"}, "missing_lines": [], "excluded_lines": []}, "MAEMFEAnalyzer.num_trades": {"executed_lines": [261], "summary": {"covered_lines": 1, "num_statements": 1, "percent_covered": 100.0, "percent_covered_display": "100", "missing_lines": 0, "excluded_lines": 0, "percent_statements_covered": 100.0, "percent_statements_covered_display": "100"}, "missing_lines": [], "excluded_lines": []}, "MAEMFEAnalyzer.mae_mean": {"executed_lines": [268], "summary": {"covered_lines": 1, "num_statements": 1, "percent_covered": 100.0, "percent_covered_display": "100", "missing_lines": 0, "excluded_lines": 0, "percent_statements_covered": 100.0, "percent_statements_covered_display": "100"}, "missing_lines": [], "excluded_lines": []}, "MAEMFEAnalyzer.mae_median": {"executed_lines": [273], "summary": {"covered_lines": 1, "num_statements": 1, "percent_covered": 100.0, "percent_covered_display": "100", "missing_lines": 0, "excluded_lines": 0, "percent_statements_covered": 100.0, "percent_statements_covered_display": "100"}, "missing_lines": [], "excluded_lines": []}, "MAEMFEAnalyzer.mae_std": {"executed_lines": [278], "summary": {"covered_lines": 1, "num_statements": 1, "percent_covered": 100.0, "percent_covered_display": "100", "missing_lines": 0, "excluded_lines": 0, "percent_statements_covered": 100.0, "percent_statements_covered_display": "100"}, "missing_lines": [], "excluded_lines": []}, "MAEMFEAnalyzer.mae_percentile": {"executed_lines": [289, 291], "summary": {"covered_lines": 2, "num_statements": 3, "percent_covered": 66.66666666666667, "percent_covered_display": "67", "missing_lines": 1, "excluded_lines": 0, "percent_statements_covered": 66.66666666666667, "percent_statements_covered_display": "67"}, "missing_lines": [290], "excluded_lines": []}, "MAEMFEAnalyzer.mfe_mean": {"executed_lines": [298], "summary": {"covered_lines": 1, "num_statements": 1, "percent_covered": 100.0, "percent_covered_display": "100", "missing_lines": 0, "excluded_lines": 0, "percent_statements_covered": 100.0, "percent_statements_covered_display": "100"}, "missing_lines": [], "excluded_lines": []}, "MAEMFEAnalyzer.mfe_median": {"executed_lines": [303], "summary": {"covered_lines": 1, "num_statements": 1, "percent_covered": 100.0, "percent_covered_display": "100", "missing_lines": 0, "excluded_lines": 0, "percent_statements_covered": 100.0, "percent_statements_covered_display": "100"}, "missing_lines": [], "excluded_lines": []}, "MAEMFEAnalyzer.mfe_std": {"executed_lines": [308], "summary": {"covered_lines": 1, "num_statements": 1, "percent_covered": 100.0, "percent_covered_display": "100", "missing_lines": 0, "excluded_lines": 0, "percent_statements_covered": 100.0, "percent_statements_covered_display": "100"}, "missing_lines": [], "excluded_lines": []}, "MAEMFEAnalyzer.mfe_percentile": {"executed_lines": [319, 321], "summary": {"covered_lines": 2, "num_statements": 3, "percent_covered": 66.66666666666667, "percent_covered_display": "67", "missing_lines": 1, "excluded_lines": 0, "percent_statements_covered": 66.66666666666667, "percent_statements_covered_display": "67"}, "missing_lines": [320], "excluded_lines": []}, "MAEMFEAnalyzer.edge_ratio": {"executed_lines": [332, 333, 334], "summary": {"covered_lines": 3, "num_statements": 3, "percent_covered": 100.0, "percent_covered_display": "100", "missing_lines": 0, "excluded_lines": 0, "percent_statements_covered": 100.0, "percent_statements_covered_display": "100"}, "missing_lines": [], "excluded_lines": []}, "MAEMFEAnalyzer.efficiency": {"executed_lines": [342, 344, 345, 346, 347, 348], "summary": {"covered_lines": 6, "num_statements": 7, "percent_covered": 85.71428571428571, "percent_covered_display": "86", "missing_lines": 1, "excluded_lines": 0, "percent_statements_covered": 85.71428571428571, "percent_statements_covered_display": "86"}, "missing_lines": [343], "excluded_lines": []}, "MAEMFEAnalyzer.suggest_stop_loss": {"executed_lines": [366, 367, 370, 371, 376], "summary": {"covered_lines": 5, "num_statements": 6, "percent_covered": 83.33333333333333, "percent_covered_display": "83", "missing_lines": 1, "excluded_lines": 0, "percent_statements_covered": 83.33333333333333, "percent_statements_covered_display": "83"}, "missing_lines": [372], "excluded_lines": []}, "MAEMFEAnalyzer.suggest_take_profit": {"executed_lines": [392, 393, 397], "summary": {"covered_lines": 3, "num_statements": 3, "percent_covered": 100.0, "percent_covered_display": "100", "missing_lines": 0, "excluded_lines": 0, "percent_statements_covered": 100.0, "percent_statements_covered_display": "100"}, "missing_lines": [], "excluded_lines": []}, "MAEMFEAnalyzer.optimal_exit_levels": {"executed_lines": [413], "summary": {"covered_lines": 1, "num_statements": 1, "percent_covered": 100.0, "percent_covered_display": "100", "missing_lines": 0, "excluded_lines": 0, "percent_statements_covered": 100.0, "percent_statements_covered_display": "100"}, "missing_lines": [], "excluded_lines": []}, "MAEMFEAnalyzer.distribution_data": {"executed_lines": [430], "summary": {"covered_lines": 1, "num_statements": 1, "percent_covered": 100.0, "percent_covered_display": "100", "missing_lines": 0, "excluded_lines": 0, "percent_statements_covered": 100.0, "percent_statements_covered_display": "100"}, "missing_lines": [], "excluded_lines": []}, "MAEMFEAnalyzer.to_dict": {"executed_lines": [437], "summary": {"covered_lines": 1, "num_statements": 1, "percent_covered": 100.0, "percent_covered_display": "100", "missing_lines": 0, "excluded_lines": 0, "percent_statements_covered": 100.0, "percent_statements_covered_display": "100"}, "missing_lines": [], "excluded_lines": []}, "": {"executed_lines": [1, 3, 4, 5, 7, 9, 13, 14, 15, 17, 19, 25, 26, 30, 31, 35, 36, 40, 41, 47, 48, 53, 54, 59, 60, 64, 65, 71, 72, 77, 78, 83, 84, 88, 89, 93, 94, 99, 100, 105, 106, 110, 111, 118, 119, 123, 124, 128, 133, 140, 141, 148, 149, 156, 157, 171, 172, 188, 217, 218, 219, 246, 247, 248, 250, 258, 259, 265, 266, 270, 271, 275, 276, 280, 295, 296, 300, 301, 305, 306, 310, 325, 326, 336, 337, 352, 378, 399, 424, 435], "summary": {"covered_lines": 87, "num_statements": 88, "percent_covered": 98.86363636363636, "percent_covered_display": "99", "missing_lines": 1, "excluded_lines": 0, "percent_statements_covered": 98.86363636363636, "percent_statements_covered_display": "99"}, "missing_lines": [10], "excluded_lines": []}}, "classes": {"TradeAnalyzer": {"executed_lines": [20, 21, 28, 33, 38, 43, 44, 45, 50, 51, 56, 57, 62, 67, 68, 69, 74, 75, 80, 81, 86, 91, 96, 97, 102, 103, 108, 113, 115, 116, 121, 126, 143, 144, 145, 146, 151, 152, 153, 154, 163, 164, 165, 166, 167, 168, 169, 178, 179, 180, 181, 182, 184, 185, 186, 190], "summary": {"covered_lines": 56, "num_statements": 61, "percent_covered": 91.80327868852459, "percent_covered_display": "92", "missing_lines": 5, "excluded_lines": 0, "percent_statements_covered": 91.80327868852459, "percent_statements_covered_display": "92"}, "missing_lines": [114, 130, 131, 135, 136], "excluded_lines": []}, "MAEMFEAnalyzer": {"executed_lines": [251, 252, 253, 255, 256, 261, 268, 273, 278, 289, 291, 298, 303, 308, 319, 321, 332, 333, 334, 342, 344, 345, 346, 347, 348, 366, 367, 370, 371, 376, 392, 393, 397, 413, 430, 437], "summary": {"covered_lines": 36, "num_statements": 40, "percent_covered": 90.0, "percent_covered_display": "90", "missing_lines": 4, "excluded_lines": 0, "percent_statements_covered": 90.0, "percent_statements_covered_display": "90"}, "missing_lines": [290, 320, 343, 372], "excluded_lines": []}, "": {"executed_lines": [1, 3, 4, 5, 7, 9, 13, 14, 15, 17, 19, 25, 26, 30, 31, 35, 36, 40, 41, 47, 48, 53, 54, 59, 60, 64, 65, 71, 72, 77, 78, 83, 84, 88, 89, 93, 94, 99, 100, 105, 106, 110, 111, 118, 119, 123, 124, 128, 133, 140, 141, 148, 149, 156, 157, 171, 172, 188, 217, 218, 219, 246, 247, 248, 250, 258, 259, 265, 266, 270, 271, 275, 276, 280, 295, 296, 300, 301, 305, 306, 310, 325, 326, 336, 337, 352, 378, 399, 424, 435], "summary": {"covered_lines": 87, "num_statements": 88, "percent_covered": 98.86363636363636, "percent_covered_display": "99", "missing_lines": 1, "excluded_lines": 0, "percent_statements_covered": 98.86363636363636, "percent_statements_covered_display": "99"}, "missing_lines": [10], "excluded_lines": []}}}, "src/ml4t/backtest/broker.py": {"executed_lines": [1, 3, 4, 6, 7, 22, 23, 25, 43, 50, 51, 52, 53, 54, 55, 56, 59, 62, 63, 64, 65, 74, 75, 76, 77, 78, 79, 82, 84, 85, 86, 87, 88, 89, 90, 91, 92, 93, 94, 95, 96, 97, 100, 101, 102, 105, 106, 107, 108, 111, 113, 115, 117, 119, 120, 122, 123, 125, 126, 128, 130, 131, 132, 133, 134, 135, 139, 151, 162, 164, 166, 209, 215, 217, 219, 220, 221, 222, 272, 274, 284, 285, 286, 288, 289, 303, 305, 306, 309, 312, 314, 324, 326, 329, 331, 334, 336, 338, 340, 341, 342, 343, 344, 345, 346, 348, 349, 350, 351, 352, 353, 354, 356, 357, 358, 359, 360, 361, 363, 365, 366, 367, 368, 370, 372, 373, 374, 376, 390, 391, 392, 395, 398, 400, 401, 402, 404, 405, 408, 410, 416, 418, 442, 444, 454, 455, 456, 457, 458, 459, 460, 463, 466, 472, 473, 475, 476, 478, 493, 494, 496, 498, 501, 502, 504, 506, 509, 511, 514, 516, 519, 520, 521, 522, 523, 525, 531, 534, 536, 539, 541, 544, 545, 547, 549, 550, 551, 552, 554, 560, 564, 565, 566, 567, 571, 572, 573, 575, 580, 581, 583, 585, 591, 599, 600, 602, 605, 606, 610, 612, 615, 623, 626, 628, 629, 631, 635, 637, 638, 640, 643, 662, 664, 671, 672, 674, 677, 678, 681, 704, 705, 711, 712, 715, 717, 727, 730, 731, 736, 737, 738, 739, 742, 743, 745, 746, 748, 749, 750, 759, 760, 762, 764, 765, 784, 785, 786, 788, 789, 792, 795, 799, 802, 803, 824, 825, 826, 837, 838, 842, 843, 852, 853, 856, 857, 859, 860, 863, 873, 876, 883], "summary": {"covered_lines": 279, "num_statements": 379, "percent_covered": 73.61477572559367, "percent_covered_display": "74", "missing_lines": 100, "excluded_lines": 1, "percent_statements_covered": 73.61477572559367, "percent_statements_covered_display": "74"}, "missing_lines": [72, 146, 147, 149, 158, 159, 160, 169, 171, 174, 180, 224, 225, 226, 229, 230, 232, 233, 236, 243, 244, 245, 248, 249, 251, 252, 254, 255, 256, 263, 264, 265, 266, 267, 268, 269, 270, 310, 419, 420, 422, 423, 425, 426, 428, 431, 432, 433, 434, 436, 437, 440, 470, 499, 512, 517, 528, 537, 542, 557, 568, 582, 587, 588, 589, 609, 621, 634, 645, 647, 648, 649, 650, 652, 654, 655, 657, 660, 683, 684, 686, 687, 689, 691, 694, 696, 698, 701, 706, 707, 708, 733, 846, 847, 848, 849, 877, 878, 879, 880], "excluded_lines": [468], "functions": {"Broker.__init__": {"executed_lines": [43, 50, 51, 52, 53, 54, 55, 56, 59, 62, 63, 64, 65, 74, 75, 76, 77, 78, 79, 82, 84, 85, 86, 87, 88, 89, 90, 91, 92, 93, 94, 95, 96, 97, 100, 101, 102, 105, 106, 107, 108, 111], "summary": {"covered_lines": 42, "num_statements": 43, "percent_covered": 97.67441860465117, "percent_covered_display": "98", "missing_lines": 1, "excluded_lines": 0, "percent_statements_covered": 97.67441860465117, "percent_statements_covered_display": "98"}, "missing_lines": [72], "excluded_lines": []}, "Broker.get_contract_spec": {"executed_lines": [115], "summary": {"covered_lines": 1, "num_statements": 1, "percent_covered": 100.0, "percent_covered_display": "100", "missing_lines": 0, "excluded_lines": 0, "percent_statements_covered": 100.0, "percent_statements_covered_display": "100"}, "missing_lines": [], "excluded_lines": []}, "Broker.get_multiplier": {"executed_lines": [119, 120], "summary": {"covered_lines": 2, "num_statements": 2, "percent_covered": 100.0, "percent_covered_display": "100", "missing_lines": 0, "excluded_lines": 0, "percent_statements_covered": 100.0, "percent_statements_covered_display": "100"}, "missing_lines": [], "excluded_lines": []}, "Broker.get_position": {"executed_lines": [123], "summary": {"covered_lines": 1, "num_statements": 1, "percent_covered": 100.0, "percent_covered_display": "100", "missing_lines": 0, "excluded_lines": 0, "percent_statements_covered": 100.0, "percent_statements_covered_display": "100"}, "missing_lines": [], "excluded_lines": []}, "Broker.get_cash": {"executed_lines": [126], "summary": {"covered_lines": 1, "num_statements": 1, "percent_covered": 100.0, "percent_covered_display": "100", "missing_lines": 0, "excluded_lines": 0, "percent_statements_covered": 100.0, "percent_statements_covered_display": "100"}, "missing_lines": [], "excluded_lines": []}, "Broker.get_account_value": {"executed_lines": [130, 131, 132, 133, 134, 135], "summary": {"covered_lines": 6, "num_statements": 6, "percent_covered": 100.0, "percent_covered_display": "100", "missing_lines": 0, "excluded_lines": 0, "percent_statements_covered": 100.0, "percent_statements_covered_display": "100"}, "missing_lines": [], "excluded_lines": []}, "Broker.set_position_rules": {"executed_lines": [], "summary": {"covered_lines": 0, "num_statements": 3, "percent_covered": 0.0, "percent_covered_display": "0", "missing_lines": 3, "excluded_lines": 0, "percent_statements_covered": 0.0, "percent_statements_covered_display": "0"}, "missing_lines": [146, 147, 149], "excluded_lines": []}, "Broker.update_position_context": {"executed_lines": [], "summary": {"covered_lines": 0, "num_statements": 3, "percent_covered": 0.0, "percent_covered_display": "0", "missing_lines": 3, "excluded_lines": 0, "percent_statements_covered": 0.0, "percent_statements_covered_display": "0"}, "missing_lines": [158, 159, 160], "excluded_lines": []}, "Broker._get_position_rules": {"executed_lines": [164], "summary": {"covered_lines": 1, "num_statements": 1, "percent_covered": 100.0, "percent_covered_display": "100", "missing_lines": 0, "excluded_lines": 0, "percent_statements_covered": 100.0, "percent_statements_covered_display": "100"}, "missing_lines": [], "excluded_lines": []}, "Broker._build_position_state": {"executed_lines": [], "summary": {"covered_lines": 0, "num_statements": 4, "percent_covered": 0.0, "percent_covered_display": "0", "missing_lines": 4, "excluded_lines": 0, "percent_statements_covered": 0.0, "percent_statements_covered_display": "0"}, "missing_lines": [169, 171, 174, 180], "excluded_lines": []}, "Broker.evaluate_position_rules": {"executed_lines": [215, 217, 219, 220, 221, 222, 272], "summary": {"covered_lines": 7, "num_statements": 33, "percent_covered": 21.21212121212121, "percent_covered_display": "21", "missing_lines": 26, "excluded_lines": 0, "percent_statements_covered": 21.21212121212121, "percent_statements_covered_display": "21"}, "missing_lines": [224, 225, 226, 229, 230, 232, 233, 236, 243, 244, 245, 248, 249, 251, 252, 254, 255, 256, 263, 264, 265, 266, 267, 268, 269, 270], "excluded_lines": []}, "Broker.submit_order": {"executed_lines": [284, 285, 286, 288, 289, 303, 305, 306, 309, 312], "summary": {"covered_lines": 10, "num_statements": 11, "percent_covered": 90.9090909090909, "percent_covered_display": "91", "missing_lines": 1, "excluded_lines": 0, "percent_statements_covered": 90.9090909090909, "percent_statements_covered_display": "91"}, "missing_lines": [310], "excluded_lines": []}, "Broker.submit_bracket": {"executed_lines": [324, 326, 329, 331, 334, 336], "summary": {"covered_lines": 6, "num_statements": 6, "percent_covered": 100.0, "percent_covered_display": "100", "missing_lines": 0, "excluded_lines": 0, "percent_statements_covered": 100.0, "percent_statements_covered_display": "100"}, "missing_lines": [], "excluded_lines": []}, "Broker.update_order": {"executed_lines": [340, 341, 342, 343, 344, 345, 346], "summary": {"covered_lines": 7, "num_statements": 7, "percent_covered": 100.0, "percent_covered_display": "100", "missing_lines": 0, "excluded_lines": 0, "percent_statements_covered": 100.0, "percent_statements_covered_display": "100"}, "missing_lines": [], "excluded_lines": []}, "Broker.cancel_order": {"executed_lines": [349, 350, 351, 352, 353, 354], "summary": {"covered_lines": 6, "num_statements": 6, "percent_covered": 100.0, "percent_covered_display": "100", "missing_lines": 0, "excluded_lines": 0, "percent_statements_covered": 100.0, "percent_statements_covered_display": "100"}, "missing_lines": [], "excluded_lines": []}, "Broker.close_position": {"executed_lines": [357, 358, 359, 360, 361], "summary": {"covered_lines": 5, "num_statements": 5, "percent_covered": 100.0, "percent_covered_display": "100", "missing_lines": 0, "excluded_lines": 0, "percent_statements_covered": 100.0, "percent_statements_covered_display": "100"}, "missing_lines": [], "excluded_lines": []}, "Broker.get_order": {"executed_lines": [365, 366, 367, 368], "summary": {"covered_lines": 4, "num_statements": 4, "percent_covered": 100.0, "percent_covered_display": "100", "missing_lines": 0, "excluded_lines": 0, "percent_statements_covered": 100.0, "percent_statements_covered_display": "100"}, "missing_lines": [], "excluded_lines": []}, "Broker.get_pending_orders": {"executed_lines": [372, 373, 374], "summary": {"covered_lines": 3, "num_statements": 3, "percent_covered": 100.0, "percent_covered_display": "100", "missing_lines": 0, "excluded_lines": 0, "percent_statements_covered": 100.0, "percent_statements_covered_display": "100"}, "missing_lines": [], "excluded_lines": []}, "Broker._is_exit_order": {"executed_lines": [390, 391, 392, 395, 398, 400, 401, 402, 404, 405, 408], "summary": {"covered_lines": 11, "num_statements": 11, "percent_covered": 100.0, "percent_covered_display": "100", "missing_lines": 0, "excluded_lines": 0, "percent_statements_covered": 100.0, "percent_statements_covered_display": "100"}, "missing_lines": [], "excluded_lines": []}, "Broker._process_pending_exits": {"executed_lines": [416, 418, 442], "summary": {"covered_lines": 3, "num_statements": 17, "percent_covered": 17.647058823529413, "percent_covered_display": "18", "missing_lines": 14, "excluded_lines": 0, "percent_statements_covered": 17.647058823529413, "percent_statements_covered_display": "18"}, "missing_lines": [419, 420, 422, 423, 425, 426, 428, 431, 432, 433, 434, 436, 437, 440], "excluded_lines": []}, "Broker._update_time": {"executed_lines": [454, 455, 456, 457, 458, 459, 460, 463, 466, 472, 473, 475, 476], "summary": {"covered_lines": 13, "num_statements": 14, "percent_covered": 92.85714285714286, "percent_covered_display": "93", "missing_lines": 1, "excluded_lines": 1, "percent_statements_covered": 92.85714285714286, "percent_statements_covered_display": "93"}, "missing_lines": [470], "excluded_lines": [468]}, "Broker._process_orders": {"executed_lines": [493, 494, 496, 498, 501, 502, 504, 506, 509, 511, 514, 516, 519, 520, 521, 522, 523, 525, 531, 534, 536, 539, 541, 544, 545, 547, 549, 550, 551, 552, 554, 560, 564, 565, 566, 567, 571, 572, 573], "summary": {"covered_lines": 39, "num_statements": 47, "percent_covered": 82.97872340425532, "percent_covered_display": "83", "missing_lines": 8, "excluded_lines": 0, "percent_statements_covered": 82.97872340425532, "percent_statements_covered_display": "83"}, "missing_lines": [499, 512, 517, 528, 537, 542, 557, 568], "excluded_lines": []}, "Broker._get_effective_quantity": {"executed_lines": [580, 581, 583], "summary": {"covered_lines": 3, "num_statements": 4, "percent_covered": 75.0, "percent_covered_display": "75", "missing_lines": 1, "excluded_lines": 0, "percent_statements_covered": 75.0, "percent_statements_covered_display": "75"}, "missing_lines": [582], "excluded_lines": []}, "Broker._update_partial_order": {"executed_lines": [], "summary": {"covered_lines": 0, "num_statements": 3, "percent_covered": 0.0, "percent_covered_display": "0", "missing_lines": 3, "excluded_lines": 0, "percent_statements_covered": 0.0, "percent_statements_covered_display": "0"}, "missing_lines": [587, 588, 589], "excluded_lines": []}, "Broker._check_fill": {"executed_lines": [599, 600, 602, 605, 606, 610, 612, 615, 623, 626, 628, 629, 631, 635, 637, 638, 640, 643, 662], "summary": {"covered_lines": 19, "num_statements": 32, "percent_covered": 59.375, "percent_covered_display": "59", "missing_lines": 13, "excluded_lines": 0, "percent_statements_covered": 59.375, "percent_statements_covered_display": "59"}, "missing_lines": [609, 621, 634, 645, 647, 648, 649, 650, 652, 654, 655, 657, 660], "excluded_lines": []}, "Broker._execute_fill": {"executed_lines": [671, 672, 674, 677, 678, 681, 704, 705, 711, 712, 715, 717, 727, 730, 731, 736, 737, 738, 739, 742, 743, 745, 746, 748, 749, 750, 759, 760, 762, 764, 765, 784, 785, 786, 788, 789, 792, 795, 799, 802, 803, 824, 825, 826, 837, 838, 842, 843, 852, 853, 856, 857, 859, 860, 863, 873, 876, 883], "summary": {"covered_lines": 58, "num_statements": 80, "percent_covered": 72.5, "percent_covered_display": "72", "missing_lines": 22, "excluded_lines": 0, "percent_statements_covered": 72.5, "percent_statements_covered_display": "72"}, "missing_lines": [683, 684, 686, 687, 689, 691, 694, 696, 698, 701, 706, 707, 708, 733, 846, 847, 848, 849, 877, 878, 879, 880], "excluded_lines": []}, "": {"executed_lines": [1, 3, 4, 6, 7, 22, 23, 25, 113, 117, 122, 125, 128, 139, 151, 162, 166, 209, 274, 314, 338, 348, 356, 363, 370, 376, 410, 444, 478, 575, 585, 591, 664], "summary": {"covered_lines": 31, "num_statements": 31, "percent_covered": 100.0, "percent_covered_display": "100", "missing_lines": 0, "excluded_lines": 0, "percent_statements_covered": 100.0, "percent_statements_covered_display": "100"}, "missing_lines": [], "excluded_lines": []}}, "classes": {"Broker": {"executed_lines": [43, 50, 51, 52, 53, 54, 55, 56, 59, 62, 63, 64, 65, 74, 75, 76, 77, 78, 79, 82, 84, 85, 86, 87, 88, 89, 90, 91, 92, 93, 94, 95, 96, 97, 100, 101, 102, 105, 106, 107, 108, 111, 115, 119, 120, 123, 126, 130, 131, 132, 133, 134, 135, 164, 215, 217, 219, 220, 221, 222, 272, 284, 285, 286, 288, 289, 303, 305, 306, 309, 312, 324, 326, 329, 331, 334, 336, 340, 341, 342, 343, 344, 345, 346, 349, 350, 351, 352, 353, 354, 357, 358, 359, 360, 361, 365, 366, 367, 368, 372, 373, 374, 390, 391, 392, 395, 398, 400, 401, 402, 404, 405, 408, 416, 418, 442, 454, 455, 456, 457, 458, 459, 460, 463, 466, 472, 473, 475, 476, 493, 494, 496, 498, 501, 502, 504, 506, 509, 511, 514, 516, 519, 520, 521, 522, 523, 525, 531, 534, 536, 539, 541, 544, 545, 547, 549, 550, 551, 552, 554, 560, 564, 565, 566, 567, 571, 572, 573, 580, 581, 583, 599, 600, 602, 605, 606, 610, 612, 615, 623, 626, 628, 629, 631, 635, 637, 638, 640, 643, 662, 671, 672, 674, 677, 678, 681, 704, 705, 711, 712, 715, 717, 727, 730, 731, 736, 737, 738, 739, 742, 743, 745, 746, 748, 749, 750, 759, 760, 762, 764, 765, 784, 785, 786, 788, 789, 792, 795, 799, 802, 803, 824, 825, 826, 837, 838, 842, 843, 852, 853, 856, 857, 859, 860, 863, 873, 876, 883], "summary": {"covered_lines": 248, "num_statements": 348, "percent_covered": 71.26436781609195, "percent_covered_display": "71", "missing_lines": 100, "excluded_lines": 1, "percent_statements_covered": 71.26436781609195, "percent_statements_covered_display": "71"}, "missing_lines": [72, 146, 147, 149, 158, 159, 160, 169, 171, 174, 180, 224, 225, 226, 229, 230, 232, 233, 236, 243, 244, 245, 248, 249, 251, 252, 254, 255, 256, 263, 264, 265, 266, 267, 268, 269, 270, 310, 419, 420, 422, 423, 425, 426, 428, 431, 432, 433, 434, 436, 437, 440, 470, 499, 512, 517, 528, 537, 542, 557, 568, 582, 587, 588, 589, 609, 621, 634, 645, 647, 648, 649, 650, 652, 654, 655, 657, 660, 683, 684, 686, 687, 689, 691, 694, 696, 698, 701, 706, 707, 708, 733, 846, 847, 848, 849, 877, 878, 879, 880], "excluded_lines": [468]}, "": {"executed_lines": [1, 3, 4, 6, 7, 22, 23, 25, 113, 117, 122, 125, 128, 139, 151, 162, 166, 209, 274, 314, 338, 348, 356, 363, 370, 376, 410, 444, 478, 575, 585, 591, 664], "summary": {"covered_lines": 31, "num_statements": 31, "percent_covered": 100.0, "percent_covered_display": "100", "missing_lines": 0, "excluded_lines": 0, "percent_statements_covered": 100.0, "percent_statements_covered_display": "100"}, "missing_lines": [], "excluded_lines": []}}}, "src/ml4t/backtest/calendar.py": {"executed_lines": [1, 32, 33, 35, 36, 39, 42, 45, 46, 48, 49, 53, 87, 88, 103, 106, 108, 111, 155, 158, 160, 162, 172, 175, 182, 186, 193, 194, 197, 199, 202, 209, 212, 219, 222, 245, 246, 249, 252, 268, 271, 272, 274, 275, 278, 302, 305, 308, 310, 311, 313, 314, 317, 318, 321, 327, 330, 349, 352, 354, 359, 361, 364, 366, 369, 372, 391, 394, 396, 400, 402, 405, 407, 410, 413, 424, 425, 428, 459, 462, 463, 466, 469, 473, 474, 477, 485, 508, 509, 510, 513, 514, 517, 520, 523, 565, 566, 569, 570, 573, 574, 576, 582, 589, 590, 593, 594, 596, 600, 601, 602, 603, 605, 616, 619, 635, 652, 655, 688, 689, 690, 691, 694, 695, 697, 701, 703, 704, 705, 708, 709, 710, 711, 714, 715, 717, 720], "summary": {"covered_lines": 136, "num_statements": 172, "percent_covered": 79.06976744186046, "percent_covered_display": "79", "missing_lines": 36, "excluded_lines": 0, "percent_statements_covered": 79.06976744186046, "percent_statements_covered_display": "79"}, "missing_lines": [183, 184, 187, 188, 189, 190, 200, 203, 204, 205, 206, 322, 323, 324, 325, 353, 355, 367, 395, 397, 408, 584, 597, 611, 612, 613, 614, 698, 752, 754, 755, 757, 760, 764, 766, 770], "excluded_lines": [], "functions": {"_get_mcal": {"executed_lines": [45, 46, 48, 49], "summary": {"covered_lines": 4, "num_statements": 4, "percent_covered": 100.0, "percent_covered_display": "100", "missing_lines": 0, "excluded_lines": 0, "percent_statements_covered": 100.0, "percent_statements_covered_display": "100"}, "missing_lines": [], "excluded_lines": []}, "get_calendar": {"executed_lines": [103, 106, 108], "summary": {"covered_lines": 3, "num_statements": 3, "percent_covered": 100.0, "percent_covered_display": "100", "missing_lines": 0, "excluded_lines": 0, "percent_statements_covered": 100.0, "percent_statements_covered_display": "100"}, "missing_lines": [], "excluded_lines": []}, "get_schedule": {"executed_lines": [155, 158, 160, 162, 172, 175, 182, 186, 193, 194, 197, 199, 202, 209, 212, 219], "summary": {"covered_lines": 16, "num_statements": 27, "percent_covered": 59.25925925925926, "percent_covered_display": "59", "missing_lines": 11, "excluded_lines": 0, "percent_statements_covered": 59.25925925925926, "percent_statements_covered_display": "59"}, "missing_lines": [183, 184, 187, 188, 189, 190, 200, 203, 204, 205, 206], "excluded_lines": []}, "get_trading_days": {"executed_lines": [245, 246, 249], "summary": {"covered_lines": 3, "num_statements": 3, "percent_covered": 100.0, "percent_covered_display": "100", "missing_lines": 0, "excluded_lines": 0, "percent_statements_covered": 100.0, "percent_statements_covered_display": "100"}, "missing_lines": [], "excluded_lines": []}, "is_trading_day": {"executed_lines": [268, 271, 272, 274, 275], "summary": {"covered_lines": 5, "num_statements": 5, "percent_covered": 100.0, "percent_covered_display": "100", "missing_lines": 0, "excluded_lines": 0, "percent_statements_covered": 100.0, "percent_statements_covered_display": "100"}, "missing_lines": [], "excluded_lines": []}, "is_market_open": {"executed_lines": [302, 305, 308, 310, 311, 313, 314, 317, 318, 321, 327], "summary": {"covered_lines": 11, "num_statements": 15, "percent_covered": 73.33333333333333, "percent_covered_display": "73", "missing_lines": 4, "excluded_lines": 0, "percent_statements_covered": 73.33333333333333, "percent_statements_covered_display": "73"}, "missing_lines": [322, 323, 324, 325], "excluded_lines": []}, "next_trading_day": {"executed_lines": [349, 352, 354, 359, 361, 364, 366, 369], "summary": {"covered_lines": 8, "num_statements": 11, "percent_covered": 72.72727272727273, "percent_covered_display": "73", "missing_lines": 3, "excluded_lines": 0, "percent_statements_covered": 72.72727272727273, "percent_statements_covered_display": "73"}, "missing_lines": [353, 355, 367], "excluded_lines": []}, "previous_trading_day": {"executed_lines": [391, 394, 396, 400, 402, 405, 407, 410], "summary": {"covered_lines": 8, "num_statements": 11, "percent_covered": 72.72727272727273, "percent_covered_display": "73", "missing_lines": 3, "excluded_lines": 0, "percent_statements_covered": 72.72727272727273, "percent_statements_covered_display": "73"}, "missing_lines": [395, 397, 408], "excluded_lines": []}, "list_calendars": {"executed_lines": [424, 425], "summary": {"covered_lines": 2, "num_statements": 2, "percent_covered": 100.0, "percent_covered_display": "100", "missing_lines": 0, "excluded_lines": 0, "percent_statements_covered": 100.0, "percent_statements_covered_display": "100"}, "missing_lines": [], "excluded_lines": []}, "get_holidays": {"
[...]
lines": [156, 159, 162, 163, 165, 169, 171, 175, 177, 178, 184, 187, 189, 190, 196, 199, 201, 202, 208, 211, 214, 216, 217, 223, 226, 228, 232], "summary": {"covered_lines": 27, "num_statements": 30, "percent_covered": 90.0, "percent_covered_display": "90", "missing_lines": 3, "excluded_lines": 0, "percent_statements_covered": 90.0, "percent_statements_covered_display": "90"}, "missing_lines": [180, 186, 192], "excluded_lines": []}, "TimeExit": {"executed_lines": [250, 252, 253], "summary": {"covered_lines": 3, "num_statements": 3, "percent_covered": 100.0, "percent_covered_display": "100", "missing_lines": 0, "excluded_lines": 0, "percent_statements_covered": 100.0, "percent_statements_covered_display": "100"}, "missing_lines": [], "excluded_lines": []}, "": {"executed_lines": [1, 3, 5, 8, 10, 12, 15, 21, 23, 24, 25, 26, 27, 28, 31, 32, 33, 50, 52, 133, 134, 135, 152, 154, 235, 236, 237, 246, 248], "summary": {"covered_lines": 25, "num_statements": 25, "percent_covered": 100.0, "percent_covered_display": "100", "missing_lines": 0, "excluded_lines": 0, "percent_statements_covered": 100.0, "percent_statements_covered_display": "100"}, "missing_lines": [], "excluded_lines": []}}}, "src/ml4t/backtest/risk/types.py": {"executed_lines": [1, 3, 4, 5, 6, 9, 10, 12, 13, 14, 15, 18, 19, 20, 32, 33, 34, 35, 36, 37, 39, 40, 42, 44, 45, 58, 62, 63, 67, 69, 70, 75, 76, 77, 104, 105, 106, 107, 108, 109, 110, 111, 112, 113, 114, 116, 117, 118, 119, 120, 121, 122, 123, 125, 126, 128, 130, 131, 135, 136, 140, 141], "summary": {"covered_lines": 58, "num_statements": 64, "percent_covered": 90.625, "percent_covered_display": "91", "missing_lines": 6, "excluded_lines": 0, "percent_statements_covered": 90.625, "percent_statements_covered_display": "91"}, "missing_lines": [72, 133, 138, 143, 144, 145], "excluded_lines": [], "functions": {"PositionAction.hold": {"executed_lines": [42], "summary": {"covered_lines": 1, "num_statements": 1, "percent_covered": 100.0, "percent_covered_display": "100", "missing_lines": 0, "excluded_lines": 0, "percent_statements_covered": 100.0, "percent_statements_covered_display": "100"}, "missing_lines": [], "excluded_lines": []}, "PositionAction.exit_full": {"executed_lines": [58], "summary": {"covered_lines": 1, "num_statements": 1, "percent_covered": 100.0, "percent_covered_display": "100", "missing_lines": 0, "excluded_lines": 0, "percent_statements_covered": 100.0, "percent_statements_covered_display": "100"}, "missing_lines": [], "excluded_lines": []}, "PositionAction.exit_partial": {"executed_lines": [67], "summary": {"covered_lines": 1, "num_statements": 1, "percent_covered": 100.0, "percent_covered_display": "100", "missing_lines": 0, "excluded_lines": 0, "percent_statements_covered": 100.0, "percent_statements_covered_display": "100"}, "missing_lines": [], "excluded_lines": []}, "PositionAction.adjust_stop": {"executed_lines": [], "summary": {"covered_lines": 0, "num_statements": 1, "percent_covered": 0.0, "percent_covered_display": "0", "missing_lines": 1, "excluded_lines": 0, "percent_statements_covered": 0.0, "percent_statements_covered_display": "0"}, "missing_lines": [72], "excluded_lines": []}, "PositionState.is_long": {"executed_lines": [128], "summary": {"covered_lines": 1, "num_statements": 1, "percent_covered": 100.0, "percent_covered_display": "100", "missing_lines": 0, "excluded_lines": 0, "percent_statements_covered": 100.0, "percent_statements_covered_display": "100"}, "missing_lines": [], "excluded_lines": []}, "PositionState.is_short": {"executed_lines": [], "summary": {"covered_lines": 0, "num_statements": 1, "percent_covered": 0.0, "percent_covered_display": "0", "missing_lines": 1, "excluded_lines": 0, "percent_statements_covered": 0.0, "percent_statements_covered_display": "0"}, "missing_lines": [133], "excluded_lines": []}, "PositionState.is_profitable": {"executed_lines": [], "summary": {"covered_lines": 0, "num_statements": 1, "percent_covered": 0.0, "percent_covered_display": "0", "missing_lines": 1, "excluded_lines": 0, "percent_statements_covered": 0.0, "percent_statements_covered_display": "0"}, "missing_lines": [138], "excluded_lines": []}, "PositionState.drawdown_from_peak": {"executed_lines": [], "summary": {"covered_lines": 0, "num_statements": 3, "percent_covered": 0.0, "percent_covered_display": "0", "missing_lines": 3, "excluded_lines": 0, "percent_statements_covered": 0.0, "percent_statements_covered_display": "0"}, "missing_lines": [143, 144, 145], "excluded_lines": []}, "": {"executed_lines": [1, 3, 4, 5, 6, 9, 10, 12, 13, 14, 15, 18, 19, 20, 32, 33, 34, 35, 36, 37, 39, 40, 44, 45, 62, 63, 69, 70, 75, 76, 77, 104, 105, 106, 107, 108, 109, 110, 111, 112, 113, 114, 116, 117, 118, 119, 120, 121, 122, 123, 125, 126, 130, 131, 135, 136, 140, 141], "summary": {"covered_lines": 54, "num_statements": 54, "percent_covered": 100.0, "percent_covered_display": "100", "missing_lines": 0, "excluded_lines": 0, "percent_statements_covered": 100.0, "percent_statements_covered_display": "100"}, "missing_lines": [], "excluded_lines": []}}, "classes": {"ActionType": {"executed_lines": [], "summary": {"covered_lines": 0, "num_statements": 0, "percent_covered": 100.0, "percent_covered_display": "100", "missing_lines": 0, "excluded_lines": 0, "percent_statements_covered": 100.0, "percent_statements_covered_display": "100"}, "missing_lines": [], "excluded_lines": []}, "PositionAction": {"executed_lines": [42, 58, 67], "summary": {"covered_lines": 3, "num_statements": 4, "percent_covered": 75.0, "percent_covered_display": "75", "missing_lines": 1, "excluded_lines": 0, "percent_statements_covered": 75.0, "percent_statements_covered_display": "75"}, "missing_lines": [72], "excluded_lines": []}, "PositionState": {"executed_lines": [128], "summary": {"covered_lines": 1, "num_statements": 6, "percent_covered": 16.666666666666668, "percent_covered_display": "17", "missing_lines": 5, "excluded_lines": 0, "percent_statements_covered": 16.666666666666668, "percent_statements_covered_display": "17"}, "missing_lines": [133, 138, 143, 144, 145], "excluded_lines": []}, "": {"executed_lines": [1, 3, 4, 5, 6, 9, 10, 12, 13, 14, 15, 18, 19, 20, 32, 33, 34, 35, 36, 37, 39, 40, 44, 45, 62, 63, 69, 70, 75, 76, 77, 104, 105, 106, 107, 108, 109, 110, 111, 112, 113, 114, 116, 117, 118, 119, 120, 121, 122, 123, 125, 126, 130, 131, 135, 136, 140, 141], "summary": {"covered_lines": 54, "num_statements": 54, "percent_covered": 100.0, "percent_covered_display": "100", "missing_lines": 0, "excluded_lines": 0, "percent_statements_covered": 100.0, "percent_statements_covered_display": "100"}, "missing_lines": [], "excluded_lines": []}}}, "src/ml4t/backtest/strategy.py": {"executed_lines": [1, 3, 4, 5, 8, 9, 11, 12, 22, 24, 26, 28], "summary": {"covered_lines": 6, "num_statements": 6, "percent_covered": 100.0, "percent_covered_display": "100", "missing_lines": 0, "excluded_lines": 12, "percent_statements_covered": 100.0, "percent_statements_covered_display": "100"}, "missing_lines": [], "excluded_lines": [11, 12, 13, 14, 15, 16, 17, 18, 19, 20, 24, 28], "functions": {"Strategy.on_data": {"executed_lines": [], "summary": {"covered_lines": 0, "num_statements": 0, "percent_covered": 100.0, "percent_covered_display": "100", "missing_lines": 0, "excluded_lines": 2, "percent_statements_covered": 100.0, "percent_statements_covered_display": "100"}, "missing_lines": [], "excluded_lines": [19, 20]}, "Strategy.on_start": {"executed_lines": [24], "summary": {"covered_lines": 0, "num_statements": 0, "percent_covered": 100.0, "percent_covered_display": "100", "missing_lines": 0, "excluded_lines": 1, "percent_statements_covered": 100.0, "percent_statements_covered_display": "100"}, "missing_lines": [], "excluded_lines": [24]}, "Strategy.on_end": {"executed_lines": [28], "summary": {"covered_lines": 0, "num_statements": 0, "percent_covered": 100.0, "percent_covered_display": "100", "missing_lines": 0, "excluded_lines": 1, "percent_statements_covered": 100.0, "percent_statements_covered_display": "100"}, "missing_lines": [], "excluded_lines": [28]}, "": {"executed_lines": [1, 3, 4, 5, 8, 9, 11, 12, 22, 26], "summary": {"covered_lines": 6, "num_statements": 6, "percent_covered": 100.0, "percent_covered_display": "100", "missing_lines": 0, "excluded_lines": 8, "percent_statements_covered": 100.0, "percent_statements_covered_display": "100"}, "missing_lines": [], "excluded_lines": [11, 12, 13, 14, 15, 16, 17, 18]}}, "classes": {"Strategy": {"executed_lines": [24, 28], "summary": {"covered_lines": 0, "num_statements": 0, "percent_covered": 100.0, "percent_covered_display": "100", "missing_lines": 0, "excluded_lines": 4, "percent_statements_covered": 100.0, "percent_statements_covered_display": "100"}, "missing_lines": [], "excluded_lines": [19, 20, 24, 28]}, "": {"executed_lines": [1, 3, 4, 5, 8, 9, 11, 12, 22, 26], "summary": {"covered_lines": 6, "num_statements": 6, "percent_covered": 100.0, "percent_covered_display": "100", "missing_lines": 0, "excluded_lines": 8, "percent_statements_covered": 100.0, "percent_statements_covered_display": "100"}, "missing_lines": [], "excluded_lines": [11, 12, 13, 14, 15, 16, 17, 18]}}}, "src/ml4t/backtest/types.py": {"executed_lines": [1, 3, 4, 5, 10, 11, 12, 13, 14, 15, 18, 19, 20, 23, 24, 25, 26, 27, 30, 31, 33, 34, 37, 38, 51, 52, 53, 54, 57, 58, 60, 61, 62, 65, 66, 67, 93, 94, 95, 96, 97, 98, 101, 102, 114, 115, 121, 122, 123, 124, 125, 126, 127, 128, 129, 130, 131, 132, 133, 134, 135, 136, 138, 139, 140, 143, 144, 145, 171, 172, 173, 174, 175, 176, 178, 179, 180, 181, 182, 183, 184, 186, 188, 189, 190, 191, 192, 193, 194, 195, 197, 198, 200, 202, 203, 212, 213, 215, 224, 225, 227, 229, 235, 236, 238, 240, 242, 253, 256, 259, 260, 261, 262, 265, 266, 267, 268, 269, 271, 272, 276, 278, 279, 280, 281, 289, 290, 291, 292, 293, 294, 295, 296, 297, 298, 301, 302, 303, 305, 306, 307, 308, 309, 310, 311, 312, 313, 314, 315, 316, 317, 319, 320, 322, 323], "summary": {"covered_lines": 142, "num_statements": 151, "percent_covered": 94.03973509933775, "percent_covered_display": "94", "missing_lines": 9, "excluded_lines": 11, "percent_statements_covered": 94.03973509933775, "percent_statements_covered_display": "94"}, "missing_lines": [226, 237, 239, 248, 249, 250, 251, 274, 325], "excluded_lines": [276, 277, 278, 279, 280, 281, 282, 283, 284, 285, 286], "functions": {"Position.__post_init__": {"executed_lines": [188, 189, 190, 191, 192, 193, 194, 195], "summary": {"covered_lines": 8, "num_statements": 8, "percent_covered": 100.0, "percent_covered_display": "100", "missing_lines": 0, "excluded_lines": 0, "percent_statements_covered": 100.0, "percent_statements_covered_display": "100"}, "missing_lines": [], "excluded_lines": []}, "Position.avg_entry_price": {"executed_lines": [200], "summary": {"covered_lines": 1, "num_statements": 1, "percent_covered": 100.0, "percent_covered_display": "100", "missing_lines": 0, "excluded_lines": 0, "percent_statements_covered": 100.0, "percent_statements_covered_display": "100"}, "missing_lines": [], "excluded_lines": []}, "Position.market_value": {"executed_lines": [212, 213], "summary": {"covered_lines": 2, "num_statements": 2, "percent_covered": 100.0, "percent_covered_display": "100", "missing_lines": 0, "excluded_lines": 0, "percent_statements_covered": 100.0, "percent_statements_covered_display": "100"}, "missing_lines": [], "excluded_lines": []}, "Position.unrealized_pnl": {"executed_lines": [224, 225, 227], "summary": {"covered_lines": 3, "num_statements": 4, "percent_covered": 75.0, "percent_covered_display": "75", "missing_lines": 1, "excluded_lines": 0, "percent_statements_covered": 75.0, "percent_statements_covered_display": "75"}, "missing_lines": [226], "excluded_lines": []}, "Position.pnl_percent": {"executed_lines": [235, 236, 238, 240], "summary": {"covered_lines": 4, "num_statements": 6, "percent_covered": 66.66666666666667, "percent_covered_display": "67", "missing_lines": 2, "excluded_lines": 0, "percent_statements_covered": 66.66666666666667, "percent_statements_covered_display": "67"}, "missing_lines": [237, 239], "excluded_lines": []}, "Position.notional_value": {"executed_lines": [], "summary": {"covered_lines": 0, "num_statements": 4, "percent_covered": 0.0, "percent_covered_display": "0", "missing_lines": 4, "excluded_lines": 0, "percent_statements_covered": 0.0, "percent_statements_covered_display": "0"}, "missing_lines": [248, 249, 250, 251], "excluded_lines": []}, "Position.update_water_marks": {"executed_lines": [256, 259, 260, 261, 262, 265, 266, 267, 268, 269], "summary": {"covered_lines": 10, "num_statements": 10, "percent_covered": 100.0, "percent_covered_display": "100", "missing_lines": 0, "excluded_lines": 0, "percent_statements_covered": 100.0, "percent_statements_covered_display": "100"}, "missing_lines": [], "excluded_lines": []}, "Position.side": {"executed_lines": [], "summary": {"covered_lines": 0, "num_statements": 1, "percent_covered": 0.0, "percent_covered_display": "0", "missing_lines": 1, "excluded_lines": 0, "percent_statements_covered": 0.0, "percent_statements_covered_display": "0"}, "missing_lines": [274], "excluded_lines": []}, "Position.__repr__": {"executed_lines": [278, 279, 280, 281], "summary": {"covered_lines": 0, "num_statements": 0, "percent_covered": 100.0, "percent_covered_display": "100", "missing_lines": 0, "excluded_lines": 10, "percent_statements_covered": 100.0, "percent_statements_covered_display": "100"}, "missing_lines": [], "excluded_lines": [277, 278, 279, 280, 281, 282, 283, 284, 285, 286]}, "Trade.side": {"executed_lines": [], "summary": {"covered_lines": 0, "num_statements": 1, "percent_covered": 0.0, "percent_covered_display": "0", "missing_lines": 1, "excluded_lines": 0, "percent_statements_covered": 0.0, "percent_statements_covered_display": "0"}, "missing_lines": [325], "excluded_lines": []}, "": {"executed_lines": [1, 3, 4, 5, 10, 11, 12, 13, 14, 15, 18, 19, 20, 23, 24, 25, 26, 27, 30, 31, 33, 34, 37, 38, 51, 52, 53, 54, 57, 58, 60, 61, 62, 65, 66, 67, 93, 94, 95, 96, 97, 98, 101, 102, 114, 115, 121, 122, 123, 124, 125, 126, 127, 128, 129, 130, 131, 132, 133, 134, 135, 136, 138, 139, 140, 143, 144, 145, 171, 172, 173, 174, 175, 176, 178, 179, 180, 181, 182, 183, 184, 186, 197, 198, 202, 203, 215, 229, 242, 253, 271, 272, 276, 289, 290, 291, 292, 293, 294, 295, 296, 297, 298, 301, 302, 303, 305, 306, 307, 308, 309, 310, 311, 312, 313, 314, 315, 316, 317, 319, 320, 322, 323], "summary": {"covered_lines": 114, "num_statements": 114, "percent_covered": 100.0, "percent_covered_display": "100", "missing_lines": 0, "excluded_lines": 1, "percent_statements_covered": 100.0, "percent_statements_covered_display": "100"}, "missing_lines": [], "excluded_lines": [276]}}, "classes": {"OrderType": {"executed_lines": [], "summary": {"covered_lines": 0, "num_statements": 0, "percent_covered": 100.0, "percent_covered_display": "100", "missing_lines": 0, "excluded_lines": 0, "percent_statements_covered": 100.0, "percent_statements_covered_display": "100"}, "missing_lines": [], "excluded_lines": []}, "OrderSide": {"executed_lines": [], "summary": {"covered_lines": 0, "num_statements": 0, "percent_covered": 100.0, "percent_covered_display": "100", "missing_lines": 0, "excluded_lines": 0, "percent_statements_covered": 100.0, "percent_statements_covered_display": "100"}, "missing_lines": [], "excluded_lines": []}, "OrderStatus": {"executed_lines": [], "summary": {"covered_lines": 0, "num_statements": 0, "percent_covered": 100.0, "percent_covered_display": "100", "missing_lines": 0, "excluded_lines": 0, "percent_statements_covered": 100.0, "percent_statements_covered_display": "100"}, "missing_lines": [], "excluded_lines": []}, "ExecutionMode": {"executed_lines": [], "summary": {"covered_lines": 0, "num_statements": 0, "percent_covered": 100.0, "percent_covered_display": "100", "missing_lines": 0, "excluded_lines": 0, "percent_statements_covered": 100.0, "percent_statements_covered_display": "100"}, "missing_lines": [], "excluded_lines": []}, "StopFillMode": {"executed_lines": [], "summary": {"covered_lines": 0, "num_statements": 0, "percent_covered": 100.0, "percent_covered_display": "100", "missing_lines": 0, "excluded_lines": 0, "percent_statements_covered": 100.0, "percent_statements_covered_display": "100"}, "missing_lines": [], "excluded_lines": []}, "AssetClass": {"executed_lines": [], "summary": {"covered_lines": 0, "num_statements": 0, "percent_covered": 100.0, "percent_covered_display": "100", "missing_lines": 0, "excluded_lines": 0, "percent_statements_covered": 100.0, "percent_statements_covered_display": "100"}, "missing_lines": [], "excluded_lines": []}, "ContractSpec": {"executed_lines": [], "summary": {"covered_lines": 0, "num_statements": 0, "percent_covered": 100.0, "percent_covered_display": "100", "missing_lines": 0, "excluded_lines": 0, "percent_statements_covered": 100.0, "percent_statements_covered_display": "100"}, "missing_lines": [], "excluded_lines": []}, "StopLevelBasis": {"executed_lines": [], "summary": {"covered_lines": 0, "num_statements": 0, "percent_covered": 100.0, "percent_covered_display": "100", "missing_lines": 0, "excluded_lines": 0, "percent_statements_covered": 100.0, "percent_statements_covered_display": "100"}, "missing_lines": [], "excluded_lines": []}, "Order": {"executed_lines": [], "summary": {"covered_lines": 0, "num_statements": 0, "percent_covered": 100.0, "percent_covered_display": "100", "missing_lines": 0, "excluded_lines": 0, "percent_statements_covered": 100.0, "percent_statements_covered_display": "100"}, "missing_lines": [], "excluded_lines": []}, "Position": {"executed_lines": [188, 189, 190, 191, 192, 193, 194, 195, 200, 212, 213, 224, 225, 227, 235, 236, 238, 240, 256, 259, 260, 261, 262, 265, 266, 267, 268, 269, 278, 279, 280, 281], "summary": {"covered_lines": 28, "num_statements": 36, "percent_covered": 77.77777777777777, "percent_covered_display": "78", "missing_lines": 8, "excluded_lines": 10, "percent_statements_covered": 77.77777777777777, "percent_statements_covered_display": "78"}, "missing_lines": [226, 237, 239, 248, 249, 250, 251, 274], "excluded_lines": [277, 278, 279, 280, 281, 282, 283, 284, 285, 286]}, "Fill": {"executed_lines": [], "summary": {"covered_lines": 0, "num_statements": 0, "percent_covered": 100.0, "percent_covered_display": "100", "missing_lines": 0, "excluded_lines": 0, "percent_statements_covered": 100.0, "percent_statements_covered_display": "100"}, "missing_lines": [], "excluded_lines": []}, "Trade": {"executed_lines": [], "summary": {"covered_lines": 0, "num_statements": 1, "percent_covered": 0.0, "percent_covered_display": "0", "missing_lines": 1, "excluded_lines": 0, "percent_statements_covered": 0.0, "percent_statements_covered_display": "0"}, "missing_lines": [325], "excluded_lines": []}, "": {"executed_lines": [1, 3, 4, 5, 10, 11, 12, 13, 14, 15, 18, 19, 20, 23, 24, 25, 26, 27, 30, 31, 33, 34, 37, 38, 51, 52, 53, 54, 57, 58, 60, 61, 62, 65, 66, 67, 93, 94, 95, 96, 97, 98, 101, 102, 114, 115, 121, 122, 123, 124, 125, 126, 127, 128, 129, 130, 131, 132, 133, 134, 135, 136, 138, 139, 140, 143, 144, 145, 171, 172, 173, 174, 175, 176, 178, 179, 180, 181, 182, 183, 184, 186, 197, 198, 202, 203, 215, 229, 242, 253, 271, 272, 276, 289, 290, 291, 292, 293, 294, 295, 296, 297, 298, 301, 302, 303, 305, 306, 307, 308, 309, 310, 311, 312, 313, 314, 315, 316, 317, 319, 320, 322, 323], "summary": {"covered_lines": 114, "num_statements": 114, "percent_covered": 100.0, "percent_covered_display": "100", "missing_lines": 0, "excluded_lines": 1, "percent_statements_covered": 100.0, "percent_statements_covered_display": "100"}, "missing_lines": [], "excluded_lines": [276]}}}}, "totals": {"covered_lines": 2104, "num_statements": 2514, "percent_covered": 83.69132856006364, "percent_covered_display": "84", "missing_lines": 410, "excluded_lines": 192, "percent_statements_covered": 83.69132856006364, "percent_statements_covered_display": "84"}}
