{"meta": {"format": 3, "version": "7.10.7", "timestamp": "2025-11-04T11:49:19.491236", "branch_coverage": false, "show_contexts": false}, "files": {"/home/stefan/ml4t/software/backtest/src/qengine/__init__.py": {"executed_lines": [1, 8, 10, 11, 12, 13, 15], "summary": {"covered_lines": 6, "num_statements": 6, "percent_covered": 100.0, "percent_covered_display": "100", "missing_lines": 0, "excluded_lines": 0}, "missing_lines": [], "excluded_lines": [], "functions": {"": {"executed_lines": [1, 8, 10, 11, 12, 13, 15], "summary": {"covered_lines": 6, "num_statements": 6, "percent_covered": 100.0, "percent_covered_display": "100", "missing_lines": 0, "excluded_lines": 0}, "missing_lines": [], "excluded_lines": []}}, "classes": {"": {"executed_lines": [1, 8, 10, 11, 12, 13, 15], "summary": {"covered_lines": 6, "num_statements": 6, "percent_covered": 100.0, "percent_covered_display": "100", "missing_lines": 0, "excluded_lines": 0}, "missing_lines": [], "excluded_lines": []}}}, "/home/stefan/ml4t/software/backtest/src/qengine/core/__init__.py": {"executed_lines": [1, 3, 4, 5, 20, 28, 30], "summary": {"covered_lines": 6, "num_statements": 6, "percent_covered": 100.0, "percent_covered_display": "100", "missing_lines": 0, "excluded_lines": 0}, "missing_lines": [], "excluded_lines": [], "functions": {"": {"executed_lines": [1, 3, 4, 5, 20, 28, 30], "summary": {"covered_lines": 6, "num_statements": 6, "percent_covered": 100.0, "percent_covered_display": "100", "missing_lines": 0, "excluded_lines": 0}, "missing_lines": [], "excluded_lines": []}}, "classes": {"": {"executed_lines": [1, 3, 4, 5, 20, 28, 30], "summary": {"covered_lines": 6, "num_statements": 6, "percent_covered": 100.0, "percent_covered_display": "100", "missing_lines": 0, "excluded_lines": 0}, "missing_lines": [], "excluded_lines": []}}}, "/home/stefan/ml4t/software/backtest/src/qengine/core/assets.py": {"executed_lines": [1, 3, 4, 5, 7, 10, 11, 13, 14, 15, 16, 17, 18, 19, 22, 23, 25, 26, 27, 28, 29, 32, 33, 34, 45, 46, 47, 50, 51, 52, 53, 56, 59, 60, 61, 62, 63, 64, 67, 68, 69, 72, 73, 74, 77, 78, 81, 82, 83, 84, 86, 87, 91, 92, 96, 97, 101, 132, 150, 203, 249, 302, 349, 350, 352, 356, 360, 364, 374, 397, 422, 446], "summary": {"covered_lines": 67, "num_statements": 145, "percent_covered": 46.206896551724135, "percent_covered_display": "46", "missing_lines": 78, "excluded_lines": 0}, "missing_lines": [89, 94, 99, 112, 114, 115, 117, 118, 119, 121, 122, 123, 125, 126, 128, 130, 143, 144, 145, 147, 148, 174, 176, 177, 182, 186, 188, 193, 196, 197, 198, 199, 201, 235, 236, 239, 242, 243, 244, 245, 247, 273, 274, 276, 277, 279, 280, 283, 284, 286, 290, 291, 293, 296, 297, 298, 300, 333, 339, 346, 354, 358, 362, 366, 367, 372, 384, 394, 395, 408, 419, 420, 431, 443, 444, 457, 473, 474], "excluded_lines": [], "functions": {"AssetSpec.is_derivative": {"executed_lines": [], "summary": {"covered_lines": 0, "num_statements": 1, "percent_covered": 0.0, "percent_covered_display": "0", "missing_lines": 1, "excluded_lines": 0}, "missing_lines": [89], "excluded_lines": []}, "AssetSpec.requires_margin": {"executed_lines": [], "summary": {"covered_lines": 0, "num_statements": 1, "percent_covered": 0.0, "percent_covered_display": "0", "missing_lines": 1, "excluded_lines": 0}, "missing_lines": [94], "excluded_lines": []}, "AssetSpec.has_expiry": {"executed_lines": [], "summary": {"covered_lines": 0, "num_statements": 1, "percent_covered": 0.0, "percent_covered_display": "0", "missing_lines": 1, "excluded_lines": 0}, "missing_lines": [99], "excluded_lines": []}, "AssetSpec.get_margin_requirement": {"executed_lines": [], "summary": {"covered_lines": 0, "num_statements": 13, "percent_covered": 0.0, "percent_covered_display": "0", "missing_lines": 13, "excluded_lines": 0}, "missing_lines": [112, 114, 115, 117, 118, 119, 121, 122, 123, 125, 126, 128, 130], "excluded_lines": []}, "AssetSpec.get_notional_value": {"executed_lines": [], "summary": {"covered_lines": 0, "num_statements": 5, "percent_covered": 0.0, "percent_covered_display": "0", "missing_lines": 5, "excluded_lines": 0}, "missing_lines": [143, 144, 145, 147, 148], "excluded_lines": []}, "AssetSpec.calculate_pnl": {"executed_lines": [], "summary": {"covered_lines": 0, "num_statements": 12, "percent_covered": 0.0, "percent_covered_display": "0", "missing_lines": 12, "excluded_lines": 0}, "missing_lines": [174, 176, 177, 182, 186, 188, 193, 196, 197, 198, 199, 201], "excluded_lines": []}, "AssetSpec.calculate_pnl_premium_based": {"executed_lines": [], "summary": {"covered_lines": 0, "num_statements": 8, "percent_covered": 0.0, "percent_covered_display": "0", "missing_lines": 8, "excluded_lines": 0}, "missing_lines": [235, 236, 239, 242, 243, 244, 245, 247], "excluded_lines": []}, "AssetSpec.calculate_option_pnl_at_expiry": {"executed_lines": [], "summary": {"covered_lines": 0, "num_statements": 16, "percent_covered": 0.0, "percent_covered_display": "0", "missing_lines": 16, "excluded_lines": 0}, "missing_lines": [273, 274, 276, 277, 279, 280, 283, 284, 286, 290, 291, 293, 296, 297, 298, 300], "excluded_lines": []}, "AssetSpec.calculate_pnl_enhanced": {"executed_lines": [], "summary": {"covered_lines": 0, "num_statements": 3, "percent_covered": 0.0, "percent_covered_display": "0", "missing_lines": 3, "excluded_lines": 0}, "missing_lines": [333, 339, 346], "excluded_lines": []}, "AssetRegistry.__init__": {"executed_lines": [], "summary": {"covered_lines": 0, "num_statements": 1, "percent_covered": 0.0, "percent_covered_display": "0", "missing_lines": 1, "excluded_lines": 0}, "missing_lines": [354], "excluded_lines": []}, "AssetRegistry.register": {"executed_lines": [], "summary": {"covered_lines": 0, "num_statements": 1, "percent_covered": 0.0, "percent_covered_display": "0", "missing_lines": 1, "excluded_lines": 0}, "missing_lines": [358], "excluded_lines": []}, "AssetRegistry.get": {"executed_lines": [], "summary": {"covered_lines": 0, "num_statements": 1, "percent_covered": 0.0, "percent_covered_display": "0", "missing_lines": 1, "excluded_lines": 0}, "missing_lines": [362], "excluded_lines": []}, "AssetRegistry.get_or_create_equity": {"executed_lines": [], "summary": {"covered_lines": 0, "num_statements": 3, "percent_covered": 0.0, "percent_covered_display": "0", "missing_lines": 3, "excluded_lines": 0}, "missing_lines": [366, 367, 372], "excluded_lines": []}, "AssetRegistry.create_future": {"executed_lines": [], "summary": {"covered_lines": 0, "num_statements": 3, "percent_covered": 0.0, "percent_covered_display": "0", "missing_lines": 3, "excluded_lines": 0}, "missing_lines": [384, 394, 395], "excluded_lines": []}, "AssetRegistry.create_option": {"executed_lines": [], "summary": {"covered_lines": 0, "num_statements": 3, "percent_covered": 0.0, "percent_covered_display": "0", "missing_lines": 3, "excluded_lines": 0}, "missing_lines": [408, 419, 420], "excluded_lines": []}, "AssetRegistry.create_fx_pair": {"executed_lines": [], "summary": {"covered_lines": 0, "num_statements": 3, "percent_covered": 0.0, "percent_covered_display": "0", "missing_lines": 3, "excluded_lines": 0}, "missing_lines": [431, 443, 444], "excluded_lines": []}, "AssetRegistry.create_crypto": {"executed_lines": [], "summary": {"covered_lines": 0, "num_statements": 3, "percent_covered": 0.0, "percent_covered_display": "0", "missing_lines": 3, "excluded_lines": 0}, "missing_lines": [457, 473, 474], "excluded_lines": []}, "": {"executed_lines": [1, 3, 4, 5, 7, 10, 11, 13, 14, 15, 16, 17, 18, 19, 22, 23, 25, 26, 27, 28, 29, 32, 33, 34, 45, 46, 47, 50, 51, 52, 53, 56, 59, 60, 61, 62, 63, 64, 67, 68, 69, 72, 73, 74, 77, 78, 81, 82, 83, 84, 86, 87, 91, 92, 96, 97, 101, 132, 150, 203, 249, 302, 349, 350, 352, 356, 360, 364, 374, 397, 422, 446], "summary": {"covered_lines": 67, "num_statements": 67, "percent_covered": 100.0, "percent_covered_display": "100", "missing_lines": 0, "excluded_lines": 0}, "missing_lines": [], "excluded_lines": []}}, "classes": {"AssetClass": {"executed_lines": [], "summary": {"covered_lines": 0, "num_statements": 0, "percent_covered": 100.0, "percent_covered_display": "100", "missing_lines": 0, "excluded_lines": 0}, "missing_lines": [], "excluded_lines": []}, "ContractType": {"executed_lines": [], "summary": {"covered_lines": 0, "num_statements": 0, "percent_covered": 100.0, "percent_covered_display": "100", "missing_lines": 0, "excluded_lines": 0}, "missing_lines": [], "excluded_lines": []}, "AssetSpec": {"executed_lines": [], "summary": {"covered_lines": 0, "num_statements": 60, "percent_covered": 0.0, "percent_covered_display": "0", "missing_lines": 60, "excluded_lines": 0}, "missing_lines": [89, 94, 99, 112, 114, 115, 117, 118, 119, 121, 122, 123, 125, 126, 128, 130, 143, 144, 145, 147, 148, 174, 176, 177, 182, 186, 188, 193, 196, 197, 198, 199, 201, 235, 236, 239, 242, 243, 244, 245, 247, 273, 274, 276, 277, 279, 280, 283, 284, 286, 290, 291, 293, 296, 297, 298, 300, 333, 339, 346], "excluded_lines": []}, "AssetRegistry": {"executed_lines": [], "summary": {"covered_lines": 0, "num_statements": 18, "percent_covered": 0.0, "percent_covered_display": "0", "missing_lines": 18, "excluded_lines": 0}, "missing_lines": [354, 358, 362, 366, 367, 372, 384, 394, 395, 408, 419, 420, 431, 443, 444, 457, 473, 474], "excluded_lines": []}, "": {"executed_lines": [1, 3, 4, 5, 7, 10, 11, 13, 14, 15, 16, 17, 18, 19, 22, 23, 25, 26, 27, 28, 29, 32, 33, 34, 45, 46, 47, 50, 51, 52, 53, 56, 59, 60, 61, 62, 63, 64, 67, 68, 69, 72, 73, 74, 77, 78, 81, 82, 83, 84, 86, 87, 91, 92, 96, 97, 101, 132, 150, 203, 249, 302, 349, 350, 352, 356, 360, 364, 374, 397, 422, 446], "summary": {"covered_lines": 67, "num_statements": 67, "percent_covered": 100.0, "percent_covered_display": "100", "missing_lines": 0, "excluded_lines": 0}, "missing_lines": [], "excluded_lines": []}}}, "/home/stefan/ml4t/software/backtest/src/qengine/core/clock.py": {"executed_lines": [1, 3, 4, 5, 6, 8, 10, 11, 14, 15, 17, 18, 19, 22, 23, 33, 85, 95, 105, 120, 136, 164, 202, 203, 207, 208, 236, 237, 257, 258, 281, 296, 337, 354, 355, 366], "summary": {"covered_lines": 33, "num_statements": 150, "percent_covered": 22.0, "percent_covered_display": "22", "missing_lines": 117, "excluded_lines": 0}, "missing_lines": [49, 50, 51, 52, 53, 56, 59, 60, 64, 65, 68, 69, 70, 71, 76, 78, 79, 82, 83, 92, 93, 102, 103, 112, 113, 115, 118, 127, 128, 130, 134, 143, 144, 148, 151, 154, 155, 158, 160, 162, 176, 180, 181, 182, 183, 184, 185, 186, 190, 191, 192, 193, 194, 195, 196, 200, 205, 215, 216, 219, 220, 221, 222, 223, 226, 227, 228, 234, 244, 245, 247, 248, 250, 251, 252, 253, 255, 265, 266, 268, 269, 270, 271, 272, 275, 276, 277, 279, 291, 292, 294, 313, 314, 316, 317, 320, 321, 322, 323, 324, 328, 330, 332, 333, 335, 339, 340, 341, 342, 345, 346, 347, 350, 351, 352, 357, 367], "excluded_lines": [], "functions": {"Clock.__init__": {"executed_lines": [], "summary": {"covered_lines": 0, "num_statements": 19, "percent_covered": 0.0, "percent_covered_display": "0", "missing_lines": 19, "excluded_lines": 0}, "missing_lines": [49, 50, 51, 52, 53, 56, 59, 60, 64, 65, 68, 69, 70, 71, 76, 78, 79, 82, 83], "excluded_lines": []}, "Clock.add_data_feed": {"executed_lines": [], "summary": {"covered_lines": 0, "num_statements": 2, "percent_covered": 0.0, "percent_covered_display": "0", "missing_lines": 2, "excluded_lines": 0}, "missing_lines": [92, 93], "excluded_lines": []}, "Clock.add_signal_source": {"executed_lines": [], "summary": {"covered_lines": 0, "num_statements": 2, "percent_covered": 0.0, "percent_covered_display": "0", "missing_lines": 2, "excluded_lines": 0}, "missing_lines": [102, 103], "excluded_lines": []}, "Clock._prime_feed": {"executed_lines": [], "summary": {"covered_lines": 0, "num_statements": 4, "percent_covered": 0.0, "percent_covered_display": "0", "missing_lines": 4, "excluded_lines": 0}, "missing_lines": [112, 113, 115, 118], "excluded_lines": []}, "Clock._prime_signal_source": {"executed_lines": [], "summary": {"covered_lines": 0, "num_statements": 4, "percent_covered": 0.0, "percent_covered_display": "0", "missing_lines": 4, "excluded_lines": 0}, "missing_lines": [127, 128, 130, 134], "excluded_lines": []}, "Clock.get_next_event": {"executed_lines": [], "summary": {"covered_lines": 0, "num_statements": 9, "percent_covered": 0.0, "percent_covered_display": "0", "missing_lines": 9, "excluded_lines": 0}, "missing_lines": [143, 144, 148, 151, 154, 155, 158, 160, 162], "excluded_lines": []}, "Clock._replenish_queue": {"executed_lines": [], "summary": {"covered_lines": 0, "num_statements": 16, "percent_covered": 0.0, "percent_covered_display": "0", "missing_lines": 16, "excluded_lines": 0}, "missing_lines": [176, 180, 181, 182, 183, 184, 185, 186, 190, 191, 192, 193, 194, 195, 196, 200], "excluded_lines": []}, "Clock.current_time": {"executed_lines": [], "summary": {"covered_lines": 0, "num_statements": 1, "percent_covered": 0.0, "percent_covered_display": "0", "missing_lines": 1, "excluded_lines": 0}, "missing_lines": [205], "excluded_lines": []}, "Clock.is_market_open": {"executed_lines": [], "summary": {"covered_lines": 0, "num_statements": 11, "percent_covered": 0.0, "percent_covered_display": "0", "missing_lines": 11, "excluded_lines": 0}, "missing_lines": [215, 216, 219, 220, 221, 222, 223, 226, 227, 228, 234], "excluded_lines": []}, "Clock.next_market_open": {"executed_lines": [], "summary": {"covered_lines": 0, "num_statements": 9, "percent_covered": 0.0, "percent_covered_display": "0", "missing_lines": 9, "excluded_lines": 0}, "missing_lines": [244, 245, 247, 248, 250, 251, 252, 253, 255], "excluded_lines": []}, "Clock.next_market_close": {"executed_lines": [], "summary": {"covered_lines": 0, "num_statements": 11, "percent_covered": 0.0, "percent_covered_display": "0", "missing_lines": 11, "excluded_lines": 0}, "missing_lines": [265, 266, 268, 269, 270, 271, 272, 275, 276, 277, 279], "excluded_lines": []}, "Clock.is_trading_day": {"executed_lines": [], "summary": {"covered_lines": 0, "num_statements": 3, "percent_covered": 0.0, "percent_covered_display": "0", "missing_lines": 3, "excluded_lines": 0}, "missing_lines": [291, 292, 294], "excluded_lines": []}, "Clock.advance_to": {"executed_lines": [], "summary": {"covered_lines": 0, "num_statements": 14, "percent_covered": 0.0, "percent_covered_display": "0", "missing_lines": 14, "excluded_lines": 0}, "missing_lines": [313, 314, 316, 317, 320, 321, 322, 323, 324, 328, 330, 332, 333, 335], "excluded_lines": []}, "Clock.reset": {"executed_lines": [], "summary": {"covered_lines": 0, "num_statements": 10, "percent_covered": 0.0, "percent_covered_display": "0", "missing_lines": 10, "excluded_lines": 0}, "missing_lines": [339, 340, 341, 342, 345, 346, 347, 350, 351, 352], "excluded_lines": []}, "Clock.stats": {"executed_lines": [], "summary": {"covered_lines": 0, "num_statements": 1, "percent_covered": 0.0, "percent_covered_display": "0", "missing_lines": 1, "excluded_lines": 0}, "missing_lines": [357], "excluded_lines": []}, "Clock.__repr__": {"executed_lines": [], "summary": {"covered_lines": 0, "num_statements": 1, "percent_covered": 0.0, "percent_covered_display": "0", "missing_lines": 1, "excluded_lines": 0}, "missing_lines": [367], "excluded_lines": []}, "": {"executed_lines": [1, 3, 4, 5, 6, 8, 10, 11, 14, 15, 17, 18, 19, 22, 23, 33, 85, 95, 105, 120, 136, 164, 202, 203, 207, 208, 236, 237, 257, 258, 281, 296, 337, 354, 355, 366], "summary": {"covered_lines": 33, "num_statements": 33, "percent_covered": 100.0, "percent_covered_display": "100", "missing_lines": 0, "excluded_lines": 0}, "missing_lines": [], "excluded_lines": []}}, "classes": {"ClockMode": {"executed_lines": [], "summary": {"covered_lines": 0, "num_statements": 0, "percent_covered": 100.0, "percent_covered_display": "100", "missing_lines": 0, "excluded_lines": 0}, "missing_lines": [], "excluded_lines": []}, "Clock": {"executed_lines": [], "summary": {"covered_lines": 0, "num_statements": 117, "percent_covered": 0.0, "percent_covered_display": "0", "missing_lines": 117, "excluded_lines": 0}, "missing_lines": [49, 50, 51, 52, 53, 56, 59, 60, 64, 65, 68, 69, 70, 71, 76, 78, 79, 82, 83, 92, 93, 102, 103, 112, 113, 115, 118, 127, 128, 130, 134, 143, 144, 148, 151, 154, 155, 158, 160, 162, 176, 180, 181, 182, 183, 184, 185, 186, 190, 191, 192, 193, 194, 195, 196, 200, 205, 215, 216, 219, 220, 221, 222, 223, 226, 227, 228, 234, 244, 245, 247, 248, 250, 251, 252, 253, 255, 265, 266, 268, 269, 270, 271, 272, 275, 276, 277, 279, 291, 292, 294, 313, 314, 316, 317, 320, 321, 322, 323, 324, 328, 330, 332, 333, 335, 339, 340, 341, 342, 345, 346, 347, 350, 351, 352, 357, 367], "excluded_lines": []}, "": {"executed_lines": [1, 3, 4, 5, 6, 8, 10, 11, 14, 15, 17, 18, 19, 22, 23, 33, 85, 95, 105, 120, 136, 164, 202, 203, 207, 208, 236, 237, 257, 258, 281, 296, 337, 354, 355, 366], "summary": {"covered_lines": 33, "num_statements": 33, "percent_covered": 100.0, "percent_covered_display": "100", "missing_lines": 0, "excluded_lines": 0}, "missing_lines": [], "excluded_lines": []}}}, "/home/stefan/ml4t/software/backtest/src/qengine/core/constants.py": {"executed_lines": [1, 12, 13, 15, 16, 22, 23, 29, 30, 32, 33, 39, 40, 42, 43, 49, 50, 52, 53, 55, 56, 58, 59, 66, 86], "summary": {"covered_lines": 24, "num_statements": 26, "percent_covered": 92.3076923076923, "percent_covered_display": "92", "missing_lines": 2, "excluded_lines": 0}, "missing_lines": [83, 103], "excluded_lines": [], "functions": {"bps_to_decimal": {"executed_lines": [], "summary": {"covered_lines": 0, "num_statements": 1, "percent_covered": 0.0, "percent_covered_display": "0", "missing_lines": 1, "excluded_lines": 0}, "missing_lines": [83], "excluded_lines": []}, "decimal_to_bps": {"executed_lines": [], "summary": {"covered_lines": 0, "num_statements": 1, "percent_covered": 0.0, "percent_covered_display": "0", "missing_lines": 1, "excluded_lines": 0}, "missing_lines": [103], "excluded_lines": []}, "": {"executed_lines": [1, 12, 13, 15, 16, 22, 23, 29, 30, 32, 33, 39, 40, 42, 43, 49, 50, 52, 53, 55, 56, 58, 59, 66, 86], "summary": {"covered_lines": 24, "num_statements": 24, "percent_covered": 100.0, "percent_covered_display": "100", "missing_lines": 0, "excluded_lines": 0}, "missing_lines": [], "excluded_lines": []}}, "classes": {"": {"executed_lines": [1, 12, 13, 15, 16, 22, 23, 29, 30, 32, 33, 39, 40, 42, 43, 49, 50, 52, 53, 55, 56, 58, 59, 66, 86], "summary": {"covered_lines": 24, "num_statements": 26, "percent_covered": 92.3076923076923, "percent_covered_display": "92", "missing_lines": 2, "excluded_lines": 0}, "missing_lines": [83, 103], "excluded_lines": []}}}, "/home/stefan/ml4t/software/backtest/src/qengine/core/event.py": {"executed_lines": [1, 3, 4, 5, 6, 7, 8, 9, 10, 12, 25, 28, 29, 31, 41, 45, 49, 50, 52, 86, 87, 89, 111, 112, 114, 140, 141, 143, 168, 169, 174, 175, 177, 199, 200, 202, 220, 234, 247, 260, 277, 295, 305, 310, 311, 316], "summary": {"covered_lines": 38, "num_statements": 141, "percent_covered": 26.95035460992908, "percent_covered_display": "27", "missing_lines": 103, "excluded_lines": 0}, "missing_lines": [37, 38, 39, 43, 46, 70, 71, 72, 73, 74, 75, 76, 77, 78, 79, 80, 81, 82, 83, 101, 102, 103, 104, 105, 106, 107, 108, 128, 129, 130, 131, 132, 133, 134, 135, 136, 137, 157, 158, 159, 160, 161, 162, 163, 164, 165, 166, 171, 189, 190, 191, 192, 193, 194, 195, 196, 209, 211, 212, 214, 216, 217, 218, 228, 229, 230, 231, 232, 242, 243, 244, 245, 254, 255, 256, 258, 267, 268, 269, 271, 274, 275, 287, 288, 289, 290, 292, 293, 302, 303, 307, 308, 313, 314, 323, 324, 325, 326, 328, 329, 330, 331, 332], "excluded_lines": [], "functions": {"Event.__init__": {"executed_lines": [], "summary": {"covered_lines": 0, "num_statements": 3, "percent_covered": 0.0, "percent_covered_display": "0", "missing_lines": 3, "excluded_lines": 0}, "missing_lines": [37, 38, 39], "excluded_lines": []}, "Event.__lt__": {"executed_lines": [], "summary": {"covered_lines": 0, "num_statements": 1, "percent_covered": 0.0, "percent_covered_display": "0", "missing_lines": 1, "excluded_lines": 0}, "missing_lines": [43], "excluded_lines": []}, "Event.__repr__": {"executed_lines": [], "summary": {"covered_lines": 0, "num_statements": 1, "percent_covered": 0.0, "percent_covered_display": "0", "missing_lines": 1, "excluded_lines": 0}, "missing_lines": [46], "excluded_lines": []}, "MarketEvent.__init__": {"executed_lines": [], "summary": {"covered_lines": 0, "num_statements": 14, "percent_covered": 0.0, "percent_covered_display": "0", "missing_lines": 14, "excluded_lines": 0}, "missing_lines": [70, 71, 72, 73, 74, 75, 76, 77, 78, 79, 80, 81, 82, 83], "excluded_lines": []}, "SignalEvent.__init__": {"executed_lines": [], "summary": {"covered_lines": 0, "num_statements": 8, "percent_covered": 0.0, "percent_covered_display": "0", "missing_lines": 8, "excluded_lines": 0}, "missing_lines": [101, 102, 103, 104, 105, 106, 107, 108], "excluded_lines": []}, "OrderEvent.__init__": {"executed_lines": [], "summary": {"covered_lines": 0, "num_statements": 10, "percent_covered": 0.0, "percent_covered_display": "0", "missing_lines": 10, "excluded_lines": 0}, "missing_lines": [128, 129, 130, 131, 132, 133, 134, 135, 136, 137], "excluded_lines": []}, "FillEvent.__init__": {"executed_lines": [], "summary": {"covered_lines": 0, "num_statements": 10, "percent_covered": 0.0, "percent_covered_display": "0", "missing_lines": 10, "excluded_lines": 0}, "missing_lines": [157, 158, 159, 160, 161, 162, 163, 164, 165, 166], "excluded_lines": []}, "FillEvent.total_cost": {"executed_lines": [], "summary": {"covered_lines": 0, "num_statements": 1, "percent_covered": 0.0, "percent_covered_display": "0", "missing_lines": 1, "excluded_lines": 0}, "missing_lines": [171], "excluded_lines": []}, "CorporateActionEvent.__init__": {"executed_lines": [], "summary": {"covered_lines": 0, "num_statements": 8, "percent_covered": 0.0, "percent_covered_display": "0", "missing_lines": 8, "excluded_lines": 0}, "missing_lines": [189, 190, 191, 192, 193, 194, 195, 196], "excluded_lines": []}, "EventBus.__init__": {"executed_lines": [], "summary": {"covered_lines": 0, "num_statements": 7, "percent_covered": 0.0, "percent_covered_display": "0", "missing_lines": 7, "excluded_lines": 0}, "missing_lines": [209, 211, 212, 214, 216, 217, 218], "excluded_lines": []}, "EventBus.subscribe": {"executed_lines": [], "summary": {"covered_lines": 0, "num_statements": 5, "percent_covered": 0.0, "percent_covered_display": "0", "missing_lines": 5, "excluded_lines": 0}, "missing_lines": [228, 229, 230, 231, 232], "excluded_lines": []}, "EventBus.unsubscribe": {"executed_lines": [], "summary": {"covered_lines": 0, "num_statements": 4, "percent_covered": 0.0, "percent_covered_display": "0", "missing_lines": 4, "excluded_lines": 0}, "missing_lines": [242, 243, 244, 245], "excluded_lines": []}, "EventBus.publish": {"executed_lines": [], "summary": {"covered_lines": 0, "num_statements": 4, "percent_covered": 0.0, "percent_covered_display": "0", "missing_lines": 4, "excluded_lines": 0}, "missing_lines": [254, 255, 256, 258], "excluded_lines": []}, "EventBus.process_next": {"executed_lines": [], "summary": {"covered_lines": 0, "num_statements": 6, "percent_covered": 0.0, "percent_covered_display": "0", "missing_lines": 6, "excluded_lines": 0}, "missing_lines": [267, 268, 269, 271, 274, 275], "excluded_lines": []}, "EventBus.process_all": {"executed_lines": [], "summary": {"covered_lines": 0, "num_statements": 6, "percent_covered": 0.0, "percent_covered_display": "0", "missing_lines": 6, "excluded_lines": 0}, "missing_lines": [287, 288, 289, 290, 292, 293], "excluded_lines": []}, "EventBus.peek": {"executed_lines": [], "summary": {"covered_lines": 0, "num_statements": 2, "percent_covered": 0.0, "percent_covered_display": "0", "missing_lines": 2, "excluded_lines": 0}, "missing_lines": [302, 303], "excluded_lines": []}, "EventBus.clear": {"executed_lines": [], "summary": {"covered_lines": 0, "num_statements": 2, "percent_covered": 0.0, "percent_covered_display": "0", "missing_lines": 2, "excluded_lines": 0}, "missing_lines": [307, 308], "excluded_lines": []}, "EventBus.pending_count": {"executed_lines": [], "summary": {"covered_lines": 0, "num_statements": 2, "percent_covered": 0.0, "percent_covered_display": "0", "missing_lines": 2, "excluded_lines": 0}, "missing_lines": [313, 314], "excluded_lines": []}, "EventBus._notify_subscribers": {"executed_lines": [], "summary": {"covered_lines": 0, "num_statements": 9, "percent_covered": 0.0, "percent_covered_display": "0", "missing_lines": 9, "excluded_lines": 0}, "missing_lines": [323, 324, 325, 326, 328, 329, 330, 331, 332], "excluded_lines": []}, "": {"executed_lines": [1, 3, 4, 5, 6, 7, 8, 9, 10, 12, 25, 28, 29, 31, 41, 45, 49, 50, 52, 86, 87, 89, 111, 112, 114, 140, 141, 143, 168, 169, 174, 175, 177, 199, 200, 202, 220, 234, 247, 260, 277, 295, 305, 310, 311, 316], "summary": {"covered_lines": 38, "num_statements": 38, "percent_covered": 100.0, "percent_covered_display": "100", "missing_lines": 0, "excluded_lines": 0}, "missing_lines": [], "excluded_lines": []}}, "classes": {"Event": {"executed_lines": [], "summary": {"covered_lines": 0, "num_statements": 5, "percent_covered": 0.0, "percent_covered_display": "0", "missing_lines": 5, "excluded_lines": 0}, "missing_lines": [37, 38, 39, 43, 46], "excluded_lines": []}, "MarketEvent": {"executed_lines": [], "summary": {"covered_lines": 0, "num_statements": 14, "percent_covered": 0.0, "percent_covered_display": "0", "missing_lines": 14, "excluded_lines": 0}, "missing_lines": [70, 71, 72, 73, 74, 75, 76, 77, 78, 79, 80, 81, 82, 83], "excluded_lines": []}, "SignalEvent": {"executed_lines": [], "summary": {"covered_lines": 0, "num_statements": 8, "percent_covered": 0.0, "percent_covered_display": "0", "missing_lines": 8, "excluded_lines": 0}, "missing_lines": [101, 102, 103, 104, 105, 106, 107, 108], "excluded_lines": []}, "OrderEvent": {"executed_lines": [], "summary": {"covered_lines": 0, "num_statements": 10, "percent_covered": 0.0, "percent_covered_display": "0", "missing_lines": 10, "excluded_lines": 0}, "missing_lines": [128, 129, 130, 131, 132, 133, 134, 135, 136, 137], "excluded_lines": []}, "FillEvent": {"executed_lines": [], "summary": {"covered_lines": 0, "num_statements": 11, "percent_covered": 0.0, "percent_covered_display": "0", "missing_lines": 11, "excluded_lines": 0}, "missing_lines": [157, 158, 159, 160, 161, 162, 163, 164, 165, 166, 171], "excluded_lines": []}, "CorporateActionEvent": {"executed_lines": [], "summary": {"covered_lines": 0, "num_statements": 8, "percent_covered": 0.0, "percent_covered_display": "0", "missing_lines": 8, "excluded_lines": 0}, "missing_lines": [189, 190, 191, 192, 193, 194, 195, 196], "excluded_lines": []}, "EventBus": {"executed_lines": [], "summary": {"covered_lines": 0, "num_statements": 47, "percent_covered": 0.0, "percent_covered_display": "0", "missing_lines": 47, "excluded_lines": 0}, "missing_lines": [209, 211, 212, 214, 216, 217, 218, 228, 229, 230, 231, 232, 242, 243, 244, 245, 254, 255, 256, 258, 267, 268, 269, 271, 274, 275, 287, 288, 289, 290, 292, 293, 302, 303, 307, 308, 313, 314, 323, 324, 325, 326, 328, 329, 330, 331, 332], "excluded_lines": []}, "": {"executed_lines": [1, 3, 4, 5, 6, 7, 8, 9, 10, 12, 25, 28, 29, 31, 41, 45, 49, 50, 52, 86, 87, 89, 111, 112, 114, 140, 141, 143, 168, 169, 174, 175, 177, 199, 200, 202, 220, 234, 247, 260, 277, 295, 305, 310, 311, 316], "summary": {"covered_lines": 38, "num_statements": 38, "percent_covered": 100.0, "percent_covered_display": "100", "missing_lines": 0, "excluded_lines": 0}, "missing_lines": [], "excluded_lines": []}}}, "/home/stefan/ml4t/software/backtest/src/qengine/core/types.py": {"executed_lines": [1, 3, 4, 5, 6, 9, 10, 13, 14, 15, 16, 19, 20, 21, 24, 25, 28, 29, 31, 32, 33, 34, 35, 36, 37, 40, 41, 43, 44, 45, 46, 47, 48, 49, 52, 53, 55, 56, 57, 58, 59, 60, 61, 62, 65, 66, 68, 69, 70, 71, 74, 75, 77, 78, 79, 80, 81, 82, 83, 86, 87, 89, 90, 91, 92, 93, 94, 95, 96, 99, 100, 102, 103, 104, 105, 106, 107, 110, 111, 113, 114, 115, 116], "summary": {"covered_lines": 74, "num_statements": 74, "percent_covered": 100.0, "percent_covered_display": "100", "missing_lines": 0, "excluded_lines": 0}, "missing_lines": [], "excluded_lines": [], "functions": {"": {"executed_lines": [1, 3, 4, 5, 6, 9, 10, 13, 14, 15, 16, 19, 20, 21, 24, 25, 28, 29, 31, 32, 33, 34, 35, 36, 37, 40, 41, 43, 44, 45, 46, 47, 48, 49, 52, 53, 55, 56, 57, 58, 59, 60, 61, 62, 65, 66, 68, 69, 70, 71, 74, 75, 77, 78, 79, 80, 81, 82, 83, 86, 87, 89, 90, 91, 92, 93, 94, 95, 96, 99, 100, 102, 103, 104, 105, 106, 107, 110, 111, 113, 114, 115, 116], "summary": {"covered_lines": 74, "num_statements": 74, "percent_covered": 100.0, "percent_covered_display": "100", "missing_lines": 0, "excluded_lines": 0}, "missing_lines": [], "excluded_lines": []}}, "classes": {"EventType": {"executed_lines": [], "summary": {"covered_lines": 0, "num_statements": 0, "percent_covered": 100.0, "percent_covered_display": "100", "missing_lines": 0, "excluded_lines": 0}, "missing_lines": [], "excluded_lines": []}, "OrderType": {"executed_lines": [], "summary": {"covered_lines": 0, "num_statements": 0, "percent_covered": 100.0, "percent_covered_display": "100", "missing_lines": 0, "excluded_lines": 0}, "missing_lines": [], "excluded_lines": []}, "OrderStatus": {"executed_lines": [], "summary": {"covered_lines": 0, "num_statements": 0, "percent_covered": 100.0, "percent_covered_display": "100", "missing_lines": 0, "excluded_lines": 0}, "missing_lines": [], "excluded_lines": []}, "OrderSide": {"executed_lines": [], "summary": {"covered_lines": 0, "num_statements": 0, "percent_covered": 100.0, "percent_covered_display": "100", "missing_lines": 0, "excluded_lines": 0}, "missing_lines": [], "excluded_lines": []}, "TimeInForce": {"executed_lines": [], "summary": {"covered_lines": 0, "num_statements": 0, "percent_covered": 100.0, "percent_covered_display": "100", "missing_lines": 0, "excluded_lines": 0}, "missing_lines": [], "excluded_lines": []}, "AssetType": {"executed_lines": [], "summary": {"covered_lines": 0, "num_statements": 0, "percent_covered": 100.0, "percent_covered_display": "100", "missing_lines": 0, "excluded_lines": 0}, "missing_lines": [], "excluded_lines": []}, "BarType": {"executed_lines": [], "summary": {"covered_lines": 0, "num_statements": 0, "percent_covered": 100.0, "percent_covered_display": "100", "missing_lines": 0, "excluded_lines": 0}, "missing_lines": [], "excluded_lines": []}, "MarketDataType": {"executed_lines": [], "summary": {"covered_lines": 0, "num_statements": 0, "percent_covered": 100.0, "percent_covered_display": "100", "missing_lines": 0, "excluded_lines": 0}, "missing_lines": [], "excluded_lines": []}, "": {"executed_lines": [1, 3, 4, 5, 6, 9, 10, 13, 14, 15, 16, 19, 20, 21, 24, 25, 28, 29, 31, 32, 33, 34, 35, 36, 37, 40, 41, 43, 44, 45, 46, 47, 48, 49, 52, 53, 55, 56, 57, 58, 59, 60, 61, 62, 65, 66, 68, 69, 70, 71, 74, 75, 77, 78, 79, 80, 81, 82, 83, 86, 87, 89, 90, 91, 92, 93, 94, 95, 96, 99, 100, 102, 103, 104, 105, 106, 107, 110, 111, 113, 114, 115, 116], "summary": {"covered_lines": 74, "num_statements": 74, "percent_covered": 100.0, "percent_covered_display": "100", "missing_lines": 0, "excluded_lines": 0}, "missing_lines": [], "excluded_lines": []}}}, "/home/stefan/ml4t/software/backtest/src/qengine/data/__init__.py": {"executed_lines": [1, 3, 4, 6], "summary": {"covered_lines": 3, "num_statements": 3, "percent_covered": 100.0, "percent_covered_display": "100", "missing_lines": 0, "excluded_lines": 0}, "missing_lines": [], "excluded_lines": [], "functions": {"": {"executed_lines": [1, 3, 4, 6], "summary": {"covered_lines": 3, "num_statements": 3, "percent_covered": 100.0, "percent_covered_display": "100", "missing_lines": 0, "excluded_lines": 0}, "missing_lines": [], "excluded_lines": []}}, "classes": {"": {"executed_lines": [1, 3, 4, 6], "summary": {"covered_lines": 3, "num_statements": 3, "percent_covered": 100.0, "percent_covered_display": "100", "missing_lines": 0, "excluded_lines": 0}, "missing_lines": [], "excluded_lines": []}}}, "/home/stefan/ml4t/software/backtest/src/qengine/data/asset_registry.py": {"executed_lines": [1, 6, 7, 10, 11, 12, 14, 15, 16, 17, 18, 19, 22, 25, 26, 28, 34, 56, 64, 88], "summary": {"covered_lines": 17, "num_statements": 26, "percent_covered": 65.38461538461539, "percent_covered_display": "65", "missing_lines": 9, "excluded_lines": 0}, "missing_lines": [29, 32, 37, 47, 62, 76, 78, 86, 94], "excluded_lines": [], "functions": {"AssetRegistry.__init__": {"executed_lines": [], "summary": {"covered_lines": 0, "num_statements": 2, "percent_covered": 0.0, "percent_covered_display": "0", "missing_lines": 2, "excluded_lines": 0}, "missing_lines": [29, 32], "excluded_lines": []}, "AssetRegistry._register_defaults": {"executed_lines": [], "summary": {"covered_lines": 0, "num_statements": 2, "percent_covered": 0.0, "percent_covered_display": "0", "missing_lines": 2, "excluded_lines": 0}, "missing_lines": [37, 47], "excluded_lines": []}, "AssetRegistry.register": {"executed_lines": [], "summary": {"covered_lines": 0, "num_statements": 1, "percent_covered": 0.0, "percent_covered_display": "0", "missing_lines": 1, "excluded_lines": 0}, "missing_lines": [62], "excluded_lines": []}, "AssetRegistry.get": {"executed_lines": [], "summary": {"covered_lines": 0, "num_statements": 3, "percent_covered": 0.0, "percent_covered_display": "0", "missing_lines": 3, "excluded_lines": 0}, "missing_lines": [76, 78, 86], "excluded_lines": []}, "AssetRegistry.list_assets": {"executed_lines": [], "summary": {"covered_lines": 0, "num_statements": 1, "percent_covered": 0.0, "percent_covered_display": "0", "missing_lines": 1, "excluded_lines": 0}, "missing_lines": [94], "excluded_lines": []}, "": {"executed_lines": [1, 6, 7, 10, 11, 12, 14, 15, 16, 17, 18, 19, 22, 25, 26, 28, 34, 56, 64, 88], "summary": {"covered_lines": 17, "num_statements": 17, "percent_covered": 100.0, "percent_covered_display": "100", "missing_lines": 0, "excluded_lines": 0}, "missing_lines": [], "excluded_lines": []}}, "classes": {"AssetSpec": {"executed_lines": [], "summary": {"covered_lines": 0, "num_statements": 0, "percent_covered": 100.0, "percent_covered_display": "100", "missing_lines": 0, "excluded_lines": 0}, "missing_lines": [], "excluded_lines": []}, "AssetRegistry": {"executed_lines": [], "summary": {"covered_lines": 0, "num_statements": 9, "percent_covered": 0.0, "percent_covered_display": "0", "missing_lines": 9, "excluded_lines": 0}, "missing_lines": [29, 32, 37, 47, 62, 76, 78, 86, 94], "excluded_lines": []}, "": {"executed_lines": [1, 6, 7, 10, 11, 12, 14, 15, 16, 17, 18, 19, 22, 25, 26, 28, 34, 56, 64, 88], "summary": {"covered_lines": 17, "num_statements": 17, "percent_covered": 100.0, "percent_covered_display": "100", "missing_lines": 0, "excluded_lines": 0}, "missing_lines": [], "excluded_lines": []}}}, "/home/stefan/ml4t/software/backtest/src/qengine/data/feed.py": {"executed_lines": [1, 3, 4, 5, 6, 8, 10, 11, 14, 15, 17, 18, 26, 27, 35, 36, 39, 40, 48, 49, 50, 54, 55, 57, 58, 66, 67, 75, 76, 80, 81, 83, 120, 132, 158, 169, 173, 184, 185, 190, 191, 193, 227, 237, 256, 267, 271, 281, 282, 287, 288, 290, 329, 353, 364], "summary": {"covered_lines": 49, "num_statements": 140, "percent_covered": 35.0, "percent_covered_display": "35", "missing_lines": 91, "excluded_lines": 0}, "missing_lines": [101, 102, 103, 104, 107, 110, 111, 112, 115, 117, 118, 122, 123, 125, 126, 129, 130, 134, 137, 138, 141, 160, 161, 163, 164, 165, 167, 171, 176, 177, 179, 180, 182, 187, 213, 214, 215, 216, 219, 220, 222, 224, 225, 229, 230, 232, 233, 235, 239, 241, 242, 244, 258, 259, 261, 262, 263, 265, 269, 273, 274, 276, 277, 279, 284, 314, 315, 316, 317, 318, 319, 320, 321, 324, 326, 327, 331, 332, 334, 335, 337, 338, 339, 341, 355, 356, 358, 359, 360, 362, 366], "excluded_lines": [], "functions": {"DataFeed.get_next_event": {"executed_lines": [], "summary": {"covered_lines": 0, "num_statements": 0, "percent_covered": 100.0, "percent_covered_display": "100", "missing_lines": 0, "excluded_lines": 0}, "missing_lines": [], "excluded_lines": []}, "DataFeed.peek_next_timestamp": {"executed_lines": [], "summary": {"covered_lines": 0, "num_statements": 0, "percent_covered": 100.0, "percent_covered_display": "100", "missing_lines": 0, "excluded_lines": 0}, "missing_lines": [], "excluded_lines": []}, "DataFeed.reset": {"executed_lines": [], "summary": {"covered_lines": 0, "num_statements": 0, "percent_covered": 100.0, "percent_covered_display": "100", "missing_lines": 0, "excluded_lines": 0}, "missing_lines": [], "excluded_lines": []}, "DataFeed.seek": {"executed_lines": [], "summary": {"covered_lines": 0, "num_statements": 0, "percent_covered": 100.0, "percent_covered_display": "100", "missing_lines": 0, "excluded_lines": 0}, "missing_lines": [], "excluded_lines": []}, "DataFeed.is_exhausted": {"executed_lines": [], "summary": {"covered_lines": 0, "num_statements": 0, "percent_covered": 100.0, "percent_covered_display": "100", "missing_lines": 0, "excluded_lines": 0}, "missing_lines": [], "excluded_lines": []}, "SignalSource.get_next_signal": {"executed_lines": [], "summary": {"covered_lines": 0, "num_statements": 0, "percent_covered": 100.0, "percent_covered_display": "100", "missing_lines": 0, "excluded_lines": 0}, "missing_lines": [], "excluded_lines": []}, "SignalSource.peek_next_timestamp": {"executed_lines": [], "summary": {"covered_lines": 0, "num_statements": 0, "percent_covered": 100.0, "percent_covered_display": "100", "missing_lines": 0, "excluded_lines": 0}, "missing_lines": [], "excluded_lines": []}, "SignalSource.reset": {"executed_lines": [], "summary": {"covered_lines": 0, "num_statements": 0, "percent_covered": 100.0, "percent_covered_display": "100", "missing_lines": 0, "excluded_lines": 0}, "missing_lines": [], "excluded_lines": []}, "ParquetDataFeed.__init__": {"executed_lines": [], "summary": {"covered_lines": 0, "num_statements": 11, "percent_covered": 0.0, "percent_covered_display": "0", "missing_lines": 11, "excluded_lines": 0}, "missing_lines": [101, 102, 103, 104, 107, 110, 111, 112, 115, 117, 118], "excluded_lines": []}, "ParquetDataFeed.get_next_event": {"executed_lines": [], "summary": {"covered_lines": 0, "num_statements": 6, "percent_covered": 0.0, "percent_covered_display": "0", "missing_lines": 6, "excluded_lines": 0}, "missing_lines": [122, 123, 125, 126, 129, 130], "excluded_lines": []}, "ParquetDataFeed._create_market_event": {"executed_lines": [], "summary": {"covered_lines": 0, "num_statements": 4, "percent_covered": 0.0, "percent_covered_display": "0", "missing_lines": 4, "excluded_lines": 0}, "missing_lines": [134, 137, 138, 141], "excluded_lines": []}, "ParquetDataFeed.peek_next_timestamp": {"executed_lines": [], "summary": {"covered_lines": 0, "num_statements": 6, "percent_covered": 0.0, "percent_covered_display": "0", "missing_lines": 6, "excluded_lines": 0}, "missing_lines": [160, 161, 163, 164, 165, 167], "excluded_lines": []}, "ParquetDataFeed.reset": {"executed_lines": [], "summary": {"covered_lines": 0, "num_statements": 1, "percent_covered": 0.0, "percent_covered_display": "0", "missing_lines": 1, "excluded_lines": 0}, "missing_lines": [171], "excluded_lines": []}, "ParquetDataFeed.seek": {"executed_lines": [], "summary": {"covered_lines": 0, "num_statements": 5, "percent_covered": 0.0, "percent_covered_display": "0", "missing_lines": 5, "excluded_lines": 0}, "missing_lines": [176, 177, 179, 180, 182], "excluded_lines": []}, "ParquetDataFeed.is_exhausted": {"executed_lines": [], "summary": {"covered_lines": 0, "num_statements": 1, "percent_covered": 0.0, "percent_covered_display": "0", "missing_lines": 1, "excluded_lines": 0}, "missing_lines": [187], "excluded_lines": []}, "CSVDataFeed.__init__": {"executed_lines": [], "summary": {"covered_lines": 0, "num_statements": 9, "percent_covered": 0.0, "percent_covered_display": "0", "missing_lines": 9, "excluded_lines": 0}, "missing_lines": [213, 214, 215, 216, 219, 220, 222, 224, 225], "excluded_lines": []}, "CSVDataFeed.get_next_event": {"executed_lines": [], "summary": {"covered_lines": 0, "num_statements": 5, "percent_covered": 0.0, "percent_covered_display": "0", "missing_lines": 5, "excluded_lines": 0}, "missing_lines": [229, 230, 232, 233, 235], "excluded_lines": []}, "CSVDataFeed._create_market_event": {"executed_lines": [], "summary": {"covered_lines": 0, "num_statements": 4, "percent_covered": 0.0, "percent_covered_display": "0", "missing_lines": 4, "excluded_lines": 0}, "missing_lines": [239, 241, 242, 244], "excluded_lines": []}, "CSVDataFeed.peek_next_timestamp": {"executed_lines": [], "summary": {"covered_lines": 0, "num_statements": 6, "percent_covered": 0.0, "percent_covered_display": "0", "missing_lines": 6, "excluded_lines": 0}, "missing_lines": [258, 259, 261, 262, 263, 265], "excluded_lines": []}, "CSVDataFeed.reset": {"executed_lines": [], "summary": {"covered_lines": 0, "num_statements": 1, "percent_covered": 0.0, "percent_covered_display": "0", "missing_lines": 1, "excluded_lines": 0}, "missing_lines": [269], "excluded_lines": []}, "CSVDataFeed.seek": {"executed_lines": [], "summary": {"covered_lines": 0, "num_statements": 5, "percent_covered": 0.0, "percent_covered_display": "0", "missing_lines": 5, "excluded_lines": 0}, "missing_lines": [273, 274, 276, 277, 279], "excluded_lines": []}, "CSVDataFeed.is_exhausted": {"executed_lines": [], "summary": {"covered_lines": 0, "num_statements": 1, "percent_covered": 0.0, "percent_covered_display": "0", "missing_lines": 1, "excluded_lines": 0}, "missing_lines": [284], "excluded_lines": []}, "ParquetSignalSource.__init__": {"executed_lines": [], "summary": {"covered_lines": 0, "num_statements": 11, "percent_covered": 0.0, "percent_covered_display": "0", "missing_lines": 11, "excluded_lines": 0}, "missing_lines": [314, 315, 316, 317, 318, 319, 320, 321, 324, 326, 327], "excluded_lines": []}, "ParquetSignalSource.get_next_signal": {"executed_lines": [], "summary": {"covered_lines": 0, "num_statements": 8, "percent_covered": 0.0, "percent_covered_display": "0", "missing_lines": 8, "excluded_lines": 0}, "missing_lines": [331, 332, 334, 335, 337, 338, 339, 341], "excluded_lines": []}, "ParquetSignalSource.peek_next_timestamp": {"executed_lines": [], "summary": {"covered_lines": 0, "num_statements": 6, "percent_covered": 0.0, "percent_covered_display": "0", "missing_lines": 6, "excluded_lines": 0}, "missing_lines": [355, 356, 358, 359, 360, 362], "excluded_lines": []}, "ParquetSignalSource.reset": {"executed_lines": [], "summary": {"covered_lines": 0, "num_statements": 1, "percent_covered": 0.0, "percent_covered_display": "0", "missing_lines": 1, "excluded_lines": 0}, "missing_lines": [366], "excluded_lines": []}, "": {"executed_lines": [1, 3, 4, 5, 6, 8, 10, 11, 14, 15, 17, 18, 26, 27, 35, 36, 39, 40, 48, 49, 50, 54, 55, 57, 58, 66, 67, 75, 76, 80, 81, 83, 120, 132, 158, 169, 173, 184, 185, 190, 191, 193, 227, 237, 256, 267, 271, 281, 282, 287, 288, 290, 329, 353, 364], "summary": {"covered_lines": 49, "num_statements": 49, "percent_covered": 100.0, "percent_covered_display": "100", "missing_lines": 0, "excluded_lines": 0}, "missing_lines": [], "excluded_lines": []}}, "classes": {"DataFeed": {"executed_lines": [], "summary": {"covered_lines": 0, "num_statements": 0, "percent_covered": 100.0, "percent_covered_display": "100", "missing_lines": 0, "excluded_lines": 0}, "missing_lines": [], "excluded_lines": []}, "SignalSource": {"executed_lines": [], "summary": {"covered_lines": 0, "num_statements": 0, "percent_covered": 100.0, "percent_covered_display": "100", "missing_lines": 0, "excluded_lines": 0}, "missing_lines": [], "excluded_lines": []}, "ParquetDataFeed": {"executed_lines": [], "summary": {"covered_lines": 0, "num_statements": 34, "percent_covered": 0.0, "percent_covered_display": "0", "missing_lines": 34, "excluded_lines": 0}, "missing_lines": [101, 102, 103, 104, 107, 110, 111, 112, 115, 117, 118, 122, 123, 125, 126, 129, 130, 134, 137, 138, 141, 160, 161, 163, 164, 165, 167, 171, 176, 177, 179, 180, 182, 187], "excluded_lines": []}, "CSVDataFeed": {"executed_lines": [], "summary": {"covered_lines": 0, "num_statements": 31, "percent_covered": 0.0, "percent_covered_display": "0", "missing_lines": 31, "excluded_lines": 0}, "missing_lines": [213, 214, 215, 216, 219, 220, 222, 224, 225, 229, 230, 232, 233, 235, 239, 241, 242, 244, 258, 259, 261, 262, 263, 265, 269, 273, 274, 276, 277, 279, 284], "excluded_lines": []}, "ParquetSignalSource": {"executed_lines": [], "summary": {"covered_lines": 0, "num_statements": 26, "percent_covered": 0.0, "percent_covered_display": "0", "missing_lines": 26, "excluded_lines": 0}, "missing_lines": [314, 315, 316, 317, 318, 319, 320, 321, 324, 326, 327, 331, 332, 334, 335, 337, 338, 339, 341, 355, 356, 358, 359, 360, 362, 366], "excluded_lines": []}, "": {"executed_lines": [1, 3, 4, 5, 6, 8, 10, 11, 14, 15, 17, 18, 26, 27, 35, 36, 39, 40, 48, 49, 50, 54, 55, 57, 58, 66, 67, 75, 76, 80, 81, 83, 120, 132, 158, 169, 173, 184, 185, 190, 191, 193, 227, 237, 256, 267, 271, 281, 282, 287, 288, 290, 329, 353, 364], "summary": {"covered_lines": 49, "num_statements": 49, "percent_covered": 100.0, "percent_covered_display": "100", "missing_lines": 0, "excluded_lines": 0}, "missing_lines": [], "excluded_lines": []}}}, "/home/stefan/ml4t/software/backtest/src/qengine/data/schemas.py": {"executed_lines": [1, 3, 5, 8, 9, 10, 12, 13, 14, 15, 16, 17, 19, 30, 54, 65, 66, 67, 69, 70, 71, 72, 73, 75, 90, 111], "summary": {"covered_lines": 23, "num_statements": 58, "percent_covered": 39.6551724137931, "percent_covered_display": "40", "missing_lines": 35, "excluded_lines": 0}, "missing_lines": [21, 32, 41, 42, 43, 46, 47, 48, 49, 50, 57, 58, 60, 61, 62, 77, 83, 84, 85, 86, 88, 92, 98, 99, 100, 103, 104, 105, 106, 107, 114, 115, 117, 118, 119], "excluded_lines": [], "functions": {"MarketDataSchema.get_dtypes": {"executed_lines": [], "summary": {"covered_lines": 0, "num_statements": 1, "percent_covered": 0.0, "percent_covered_display": "0", "missing_lines": 1, "excluded_lines": 0}, "missing_lines": [21], "excluded_lines": []}, "MarketDataSchema.validate": {"executed_lines": [], "summary": {"covered_lines": 0, "num_statements": 9, "percent_covered": 0.0, "percent_covered_display": "0", "missing_lines": 9, "excluded_lines": 0}, "missing_lines": [32, 41, 42, 43, 46, 47, 48, 49, 50], "excluded_lines": []}, "MarketDataSchema._compatible_dtypes": {"executed_lines": [], "summary": {"covered_lines": 0, "num_statements": 5, "percent_covered": 0.0, "percent_covered_display": "0", "missing_lines": 5, "excluded_lines": 0}, "missing_lines": [57, 58, 60, 61, 62], "excluded_lines": []}, "SignalSchema.get_dtypes": {"executed_lines": [], "summary": {"covered_lines": 0, "num_statements": 6, "percent_covered": 0.0, "percent_covered_display": "0", "missing_lines": 6, "excluded_lines": 0}, "missing_lines": [77, 83, 84, 85, 86, 88], "excluded_lines": []}, "SignalSchema.validate": {"executed_lines": [], "summary": {"covered_lines": 0, "num_statements": 9, "percent_covered": 0.0, "percent_covered_display": "0", "missing_lines": 9, "excluded_lines": 0}, "missing_lines": [92, 98, 99, 100, 103, 104, 105, 106, 107], "excluded_lines": []}, "SignalSchema._compatible_dtypes": {"executed_lines": [], "summary": {"covered_lines": 0, "num_statements": 5, "percent_covered": 0.0, "percent_covered_display": "0", "missing_lines": 5, "excluded_lines": 0}, "missing_lines": [114, 115, 117, 118, 119], "excluded_lines": []}, "": {"executed_lines": [1, 3, 5, 8, 9, 10, 12, 13, 14, 15, 16, 17, 19, 30, 54, 65, 66, 67, 69, 70, 71, 72, 73, 75, 90, 111], "summary": {"covered_lines": 23, "num_statements": 23, "percent_covered": 100.0, "percent_covered_display": "100", "missing_lines": 0, "excluded_lines": 0}, "missing_lines": [], "excluded_lines": []}}, "classes": {"MarketDataSchema": {"executed_lines": [], "summary": {"covered_lines": 0, "num_statements": 15, "percent_covered": 0.0, "percent_covered_display": "0", "missing_lines": 15, "excluded_lines": 0}, "missing_lines": [21, 32, 41, 42, 43, 46, 47, 48, 49, 50, 57, 58, 60, 61, 62], "excluded_lines": []}, "SignalSchema": {"executed_lines": [], "summary": {"covered_lines": 0, "num_statements": 20, "percent_covered": 0.0, "percent_covered_display": "0", "missing_lines": 20, "excluded_lines": 0}, "missing_lines": [77, 83, 84, 85, 86, 88, 92, 98, 99, 100, 103, 104, 105, 106, 107, 114, 115, 117, 118, 119], "excluded_lines": []}, "": {"executed_lines": [1, 3, 5, 8, 9, 10, 12, 13, 14, 15, 16, 17, 19, 30, 54, 65, 66, 67, 69, 70, 71, 72, 73, 75, 90, 111], "summary": {"covered_lines": 23, "num_statements": 23, "percent_covered": 100.0, "percent_covered_display": "100", "missing_lines": 0, "excluded_lines": 0}, "missing_lines": [], "excluded_lines": []}}}, "/home/stefan/ml4t/software/backtest/src/qengine/engine.py": {"executed_lines": [1, 3, 4, 5, 7, 9, 10, 11, 12, 13, 14, 15, 17, 20, 21, 43, 119, 137, 277, 311, 334, 335, 337, 349, 350, 354, 355, 359, 360, 364, 365, 372, 390, 398, 430], "summary": {"covered_lines": 32, "num_statements": 169, "percent_covered": 18.93491124260355, "percent_covered_display": "19", "missing_lines": 137, "excluded_lines": 0}, "missing_lines": [68, 69, 70, 71, 74, 77, 80, 81, 83, 85, 88, 89, 91, 93, 96, 97, 99, 101, 104, 106, 107, 108, 109, 112, 115, 116, 117, 123, 124, 127, 128, 131, 134, 135, 158, 159, 162, 163, 164, 165, 168, 169, 170, 173, 175, 177, 178, 179, 182, 183, 184, 187, 190, 193, 194, 198, 199, 200, 203, 207, 208, 211, 218, 219, 220, 223, 224, 226, 227, 229, 231, 236, 241, 242, 245, 248, 250, 253, 256, 257, 260, 261, 262, 263, 265, 266, 268, 274, 275, 284, 285, 286, 287, 290, 292, 306, 307, 309, 313, 316, 319, 320, 321, 322, 323, 326, 327, 328, 331, 343, 344, 345, 346, 347, 352, 357, 362, 367, 368, 369, 370, 378, 396, 404, 406, 407, 408, 410, 412, 414, 418, 419, 421, 423, 424, 425, 427], "excluded_lines": [], "functions": {"BacktestEngine.__init__": {"executed_lines": [], "summary": {"covered_lines": 0, "num_statements": 27, "percent_covered": 0.0, "percent_covered_display": "0", "missing_lines": 27, "excluded_lines": 0}, "missing_lines": [68, 69, 70, 71, 74, 77, 80, 81, 83, 85, 88, 89, 91, 93, 96, 97, 99, 101, 104, 106, 107, 108, 109, 112, 115, 116, 117], "excluded_lines": []}, "BacktestEngine._setup_event_handlers": {"executed_lines": [], "summary": {"covered_lines": 0, "num_statements": 7, "percent_covered": 0.0, "percent_covered_display": "0", "missing_lines": 7, "excluded_lines": 0}, "missing_lines": [123, 124, 127, 128, 131, 134, 135], "excluded_lines": []}, "BacktestEngine.run": {"executed_lines": [], "summary": {"covered_lines": 0, "num_statements": 55, "percent_covered": 0.0, "percent_covered_display": "0", "missing_lines": 55, "excluded_lines": 0}, "missing_lines": [158, 159, 162, 163, 164, 165, 168, 169, 170, 173, 175, 177, 178, 179, 182, 183, 184, 187, 190, 193, 194, 198, 199, 200, 203, 207, 208, 211, 218, 219, 220, 223, 224, 226, 227, 229, 231, 236, 241, 242, 245, 248, 250, 253, 256, 257, 260, 261, 262, 263, 265, 266, 268, 274, 275], "excluded_lines": []}, "BacktestEngine._compile_results": {"executed_lines": [], "summary": {"covered_lines": 0, "num_statements": 9, "percent_covered": 0.0, "percent_covered_display": "0", "missing_lines": 9, "excluded_lines": 0}, "missing_lines": [284, 285, 286, 287, 290, 292, 306, 307, 309], "excluded_lines": []}, "BacktestEngine.reset": {"executed_lines": [], "summary": {"covered_lines": 0, "num_statements": 11, "percent_covered": 0.0, "percent_covered_display": "0", "missing_lines": 11, "excluded_lines": 0}, "missing_lines": [313, 316, 319, 320, 321, 322, 323, 326, 327, 328, 331], "excluded_lines": []}, "BacktestResults.__init__": {"executed_lines": [], "summary": {"covered_lines": 0, "num_statements": 5, "percent_covered": 0.0, "percent_covered_display": "0", "missing_lines": 5, "excluded_lines": 0}, "missing_lines": [343, 344, 345, 346, 347], "excluded_lines": []}, "BacktestResults.total_return": {"executed_lines": [], "summary": {"covered_lines": 0, "num_statements": 1, "percent_covered": 0.0, "percent_covered_display": "0", "missing_lines": 1, "excluded_lines": 0}, "missing_lines": [352], "excluded_lines": []}, "BacktestResults.sharpe_ratio": {"executed_lines": [], "summary": {"covered_lines": 0, "num_statements": 1, "percent_covered": 0.0, "percent_covered_display": "0", "missing_lines": 1, "excluded_lines": 0}, "missing_lines": [357], "excluded_lines": []}, "BacktestResults.max_drawdown": {"executed_lines": [], "summary": {"covered_lines": 0, "num_statements": 1, "percent_covered": 0.0, "percent_covered_display": "0", "missing_lines": 1, "excluded_lines": 0}, "missing_lines": [362], "excluded_lines": []}, "BacktestResults.win_rate": {"executed_lines": [], "summary": {"covered_lines": 0, "num_statements": 4, "percent_covered": 0.0, "percent_covered_display": "0", "missing_lines": 4, "excluded_lines": 0}, "missing_lines": [367, 368, 369, 370], "excluded_lines": []}, "BacktestResults.summary": {"executed_lines": [], "summary": {"covered_lines": 0, "num_statements": 1, "percent_covered": 0.0, "percent_covered_display": "0", "missing_lines": 1, "excluded_lines": 0}, "missing_lines": [378], "excluded_lines": []}, "BacktestResults.to_dict": {"executed_lines": [], "summary": {"covered_lines": 0, "num_statements": 1, "percent_covered": 0.0, "percent_covered_display": "0", "missing_lines": 1, "excluded_lines": 0}, "missing_lines": [396], "excluded_lines": []}, "BacktestResults.save": {"executed_lines": [], "summary": {"covered_lines": 0, "num_statements": 14, "percent_covered": 0.0, "percent_covered_display": "0", "missing_lines": 14, "excluded_lines": 0}, "missing_lines": [404, 406, 407, 408, 410, 412, 414, 418, 419, 421, 423, 424, 425, 427], "excluded_lines": []}, "": {"executed_lines": [1, 3, 4, 5, 7, 9, 10, 11, 12, 13, 14, 15, 17, 20, 21, 43, 119, 137, 277, 311, 334, 335, 337, 349, 350, 354, 355, 359, 360, 364, 365, 372, 390, 398, 430], "summary": {"covered_lines": 32, "num_statements": 32, "percent_covered": 100.0, "percent_covered_display": "100", "missing_lines": 0, "excluded_lines": 0}, "missing_lines": [], "excluded_lines": []}}, "classes": {"BacktestEngine": {"executed_lines": [], "summary": {"covered_lines": 0, "num_statements": 109, "percent_covered": 0.0, "percent_covered_display": "0", "missing_lines": 109, "excluded_lines": 0}, "missing_lines": [68, 69, 70, 71, 74, 77, 80, 81, 83, 85, 88, 89, 91, 93, 96, 97, 99, 101, 104, 106, 107, 108, 109, 112, 115, 116, 117, 123, 124, 127, 128, 131, 134, 135, 158, 159, 162, 163, 164, 165, 168, 169, 170, 173, 175, 177, 178, 179, 182, 183, 184, 187, 190, 193, 194, 198, 199, 200, 203, 207, 208, 211, 218, 219, 220, 223, 224, 226, 227, 229, 231, 236, 241, 242, 245, 248, 250, 253, 256, 257, 260, 261, 262, 263, 265, 266, 268, 274, 275, 284, 285, 286, 287, 290, 292, 306, 307, 309, 313, 316, 319, 320, 321, 322, 323, 326, 327, 328, 331], "excluded_lines": []}, "BacktestResults": {"executed_lines": [], "summary": {"covered_lines": 0, "num_statements": 28, "percent_covered": 0.0, "percent_covered_display": "0", "missing_lines": 28, "excluded_lines": 0}, "missing_lines": [343, 344, 345, 346, 347, 352, 357, 362, 367, 368, 369, 370, 378, 396, 404, 406, 407, 408, 410, 412, 414, 418, 419, 421, 423, 424, 425, 427], "excluded_lines": []}, "": {"executed_lines": [1, 3, 4, 5, 7, 9, 10, 11, 12, 13, 14, 15, 17, 20, 21, 43, 119, 137, 277, 311, 334, 335, 337, 349, 350, 354, 355, 359, 360, 364, 365, 372, 390, 398, 430], "summary": {"covered_lines": 32, "num_statements": 32, "percent_covered": 100.0, "percent_covered_display": "100", "missing_lines": 0, "excluded_lines": 0}, "missing_lines": [], "excluded_lines": []}}}, "/home/stefan/ml4t/software/backtest/src/qengine/execution/__init__.py": {"executed_lines": [1, 3, 4, 5, 6, 7, 8, 10], "summary": {"covered_lines": 7, "num_statements": 7, "percent_covered": 100.0, "percent_covered_display": "100", "missing_lines": 0, "excluded_lines": 0}, "missing_lines": [], "excluded_lines": [], "functions": {"": {"executed_lines": [1, 3, 4, 5, 6, 7, 8, 10], "summary": {"covered_lines": 7, "num_statements": 7, "percent_covered": 100.0, "percent_covered_display": "100", "missing_lines": 0, "excluded_lines": 0}, "missing_lines": [], "excluded_lines": []}}, "classes": {"": {"executed_lines": [1, 3, 4, 5, 6, 7, 8, 10], "summary": {"covered_lines": 7, "num_statements": 7, "percent_covered": 100.0, "percent_covered_display": "100", "missing_lines": 0, "excluded_lines": 0}, "missing_lines": [], "excluded_lines": []}}}, "/home/stefan/ml4t/software/backtest/src/qengine/execution/bracket_manager.py": {"executed_lines": [1, 39, 40, 42, 43, 44, 46, 49, 50, 63, 74, 226, 251, 262], "summary": {"covered_lines": 12, "num_statements": 71, "percent_covered": 16.901408450704224, "percent_covered_display": "17", "missing_lines": 59, "excluded_lines": 0}, "missing_lines": [69, 70, 72, 91, 92, 96, 97, 100, 102, 105, 106, 111, 114, 116, 123, 125, 126, 128, 130, 133, 135, 136, 138, 139, 141, 143, 146, 147, 151, 154, 155, 158, 159, 171, 174, 175, 188, 191, 192, 204, 208, 209, 212, 215, 216, 219, 220, 224, 238, 239, 241, 242, 243, 244, 245, 249, 260, 264, 265], "excluded_lines": [], "functions": {"BracketOrderManager.__init__": {"executed_lines": [], "summary": {"covered_lines": 0, "num_statements": 3, "percent_covered": 0.0, "percent_covered_display": "0", "missing_lines": 3, "excluded_lines": 0}, "missing_lines": [69, 70, 72], "excluded_lines": []}, "BracketOrderManager.handle_bracket_fill": {"executed_lines": [], "summary": {"covered_lines": 0, "num_statements": 45, "percent_covered": 0.0, "percent_covered_display": "0", "missing_lines": 45, "excluded_lines": 0}, "missing_lines": [91, 92, 96, 97, 100, 102, 105, 106, 111, 114, 116, 123, 125, 126, 128, 130, 133, 135, 136, 138, 139, 141, 143, 146, 147, 151, 154, 155, 158, 159, 171, 174, 175, 188, 191, 192, 204, 208, 209, 212, 215, 216, 219, 220, 224], "excluded_lines": []}, "BracketOrderManager.handle_oco_fill": {"executed_lines": [], "summary": {"covered_lines": 0, "num_statements": 8, "percent_covered": 0.0, "percent_covered_display": "0", "missing_lines": 8, "excluded_lines": 0}, "missing_lines": [238, 239, 241, 242, 243, 244, 245, 249], "excluded_lines": []}, "BracketOrderManager.get_bracket_children": {"executed_lines": [], "summary": {"covered_lines": 0, "num_statements": 1, "percent_covered": 0.0, "percent_covered_display": "0", "missing_lines": 1, "excluded_lines": 0}, "missing_lines": [260], "excluded_lines": []}, "BracketOrderManager.reset": {"executed_lines": [], "summary": {"covered_lines": 0, "num_statements": 2, "percent_covered": 0.0, "percent_covered_display": "0", "missing_lines": 2, "excluded_lines": 0}, "missing_lines": [264, 265], "excluded_lines": []}, "": {"executed_lines": [1, 39, 40, 42, 43, 44, 46, 49, 50, 63, 74, 226, 251, 262], "summary": {"covered_lines": 12, "num_statements": 12, "percent_covered": 100.0, "percent_covered_display": "100", "missing_lines": 0, "excluded_lines": 0}, "missing_lines": [], "excluded_lines": []}}, "classes": {"BracketOrderManager": {"executed_lines": [], "summary": {"covered_lines": 0, "num_statements": 59, "percent_covered": 0.0, "percent_covered_display": "0", "missing_lines": 59, "excluded_lines": 0}, "missing_lines": [69, 70, 72, 91, 92, 96, 97, 100, 102, 105, 106, 111, 114, 116, 123, 125, 126, 128, 130, 133, 135, 136, 138, 139, 141, 143, 146, 147, 151, 154, 155, 158, 159, 171, 174, 175, 188, 191, 192, 204, 208, 209, 212, 215, 216, 219, 220, 224, 238, 239, 241, 242, 243, 244, 245, 249, 260, 264, 265], "excluded_lines": []}, "": {"executed_lines": [1, 39, 40, 42, 43, 44, 46, 49, 50, 63, 74, 226, 251, 262], "summary": {"covered_lines": 12, "num_statements": 12, "percent_covered": 100.0, "percent_covered_display": "100", "missing_lines": 0, "excluded_lines": 0}, "missing_lines": [], "excluded_lines": []}}}, "/home/stefan/ml4t/software/backtest/src/qengine/execution/broker.py": {"executed_lines": [1, 3, 4, 5, 6, 8, 9, 10, 18, 19, 20, 21, 22, 23, 24, 26, 32, 35, 36, 38, 39, 42, 43, 46, 47, 50, 51, 54, 55, 59, 60, 74, 167, 168, 172, 173, 177, 178, 182, 183, 187, 188, 192, 193, 197, 198, 202, 203, 207, 208, 243, 266, 346, 371, 375, 379, 401, 510, 885, 894, 913, 917, 921, 925, 935, 946, 969, 984, 1013], "summary": {"covered_lines": 65, "num_statements": 410, "percent_covered": 15.853658536585366, "percent_covered_display": "16", "missing_lines": 345, "excluded_lines": 5}, "missing_lines": [109, 110, 111, 112, 113, 114, 115, 116, 117, 118, 119, 122, 123, 124, 127, 128, 130, 133, 144, 147, 150, 153, 156, 157, 158, 160, 170, 175, 180, 185, 190, 195, 200, 205, 239, 241, 257, 258, 261, 262, 264, 281, 282, 284, 285, 287, 288, 290, 291, 292, 293, 294, 296, 297, 299, 300, 303, 304, 305, 308, 309, 312, 315, 316, 317, 324, 326, 335, 336, 337, 340, 341, 343, 344, 356, 357, 358, 361, 363, 365, 366, 367, 369, 373, 377, 394, 399, 421, 424, 425, 426, 428, 429, 432, 433, 434, 437, 438, 439, 441, 442, 445, 446, 447, 450, 451, 452, 454, 455, 458, 459, 463, 464, 465, 466, 469, 470, 474, 476, 479, 480, 482, 484, 485, 486, 487, 490, 491, 492, 495, 496, 498, 500, 503, 504, 507, 508, 521, 523, 524, 527, 528, 529, 530, 532, 535, 540, 541, 542, 545, 546, 548, 558, 560, 563, 573, 574, 575, 578, 579, 580, 583, 585, 588, 589, 592, 593, 596, 597, 601, 602, 604, 605, 607, 608, 609, 612, 613, 615, 616, 617, 618, 628, 630, 639, 640, 641, 643, 646, 651, 655, 656, 657, 658, 660, 661, 667, 668, 670, 671, 674, 676, 680, 681, 682, 683, 687, 688, 690, 692, 695, 697, 700, 701, 702, 703, 706, 707, 708, 712, 713, 715, 717, 720, 722, 725, 726, 727, 728, 729, 739, 741, 744, 754, 755, 756, 759, 760, 761, 764, 766, 769, 770, 774, 775, 776, 780, 783, 784, 787, 788, 789, 790, 791, 792, 793, 794, 795, 798, 799, 800, 801, 804, 815, 817, 820, 830, 831, 832, 835, 836, 837, 840, 842, 845, 846, 850, 851, 852, 853, 855, 856, 857, 858, 859, 860, 864, 866, 867, 869, 871, 873, 876, 877, 878, 881, 883, 887, 888, 890, 891, 892, 903, 906, 907, 909, 910, 915, 919, 923, 927, 942, 943, 944, 952, 955, 967, 972, 973, 974, 975, 977, 978, 979, 980, 982, 990, 992, 993, 994, 995, 1009, 1010, 1011, 1019, 1020, 1026, 1027, 1028, 1029, 1032, 1033, 1034, 1035, 1037], "excluded_lines": [26, 27, 28, 29, 30], "functions": {"Broker.submit_order": {"executed_lines": [], "summary": {"covered_lines": 0, "num_statements": 0, "percent_covered": 100.0, "percent_covered_display": "100", "missing_lines": 0, "excluded_lines": 0}, "missing_lines": [], "excluded_lines": []}, "Broker.cancel_order": {"executed_lines": [], "summary": {"covered_lines": 0, "num_statements": 0, "percent_covered": 100.0, "percent_covered_display": "100", "missing_lines": 0, "excluded_lines": 0}, "missing_lines": [], "excluded_lines": []}, "Broker.get_order": {"executed_lines": [], "summary": {"covered_lines": 0, "num_statements": 0, "percent_covered": 100.0, "percent_covered_display": "100", "missing_lines": 0, "excluded_lines": 0}, "missing_lines": [], "excluded_lines": []}, "Broker.get_open_orders": {"executed_lines": [], "summary": {"covered_lines": 0, "num_statements": 0, "percent_covered": 100.0, "percent_covered_display": "100", "missing_lines": 0, "excluded_lines": 0}, "missing_lines": [], "excluded_lines": []}, "Broker.on_market_event": {"executed_lines": [], "summary": {"covered_lines": 0, "num_statements": 0, "percent_covered": 100.0, "percent_covered_display": "100", "missing_lines": 0, "excluded_lines": 0}, "missing_lines": [], "excluded_lines": []}, "SimulationBroker.__init__": {"executed_lines": [], "summary": {"covered_lines": 0, "num_statements": 26, "percent_covered": 0.0, "percent_covered_display": "0", "missing_lines": 26, "excluded_lines": 0}, "missing_lines": [109, 110, 111, 112, 113, 114, 115, 116, 117, 118, 119, 122, 123, 124, 127, 128, 130, 133, 144, 147, 150, 153, 156, 157, 158, 160], "excluded_lines": []}, "SimulationBroker.cash": {"executed_lines": [], "summary": {"covered_lines": 0, "num_statements": 1, "percent_covered": 0.0, "percent_covered_display": "0", "missing_lines": 1, "excluded_lines": 0}, "missing_lines": [175], "excluded_lines": []}, "SimulationBroker._positions": {"executed_lines": [], "summary": {"covered_lines": 0, "num_statements": 1, "percent_covered": 0.0, "percent_covered_display": "0", "missing_lines": 1, "excluded_lines": 0}, "missing_lines": [180], "excluded_lines": []}, "SimulationBroker._orders": {"executed_lines": [], "summary": {"covered_lines": 0, "num_statements": 1, "percent_covered": 0.0, "percent_covered_display": "0", "missing_lines": 1, "excluded_lines": 0}, "missing_lines": [185], "excluded_lines": []}, "SimulationBroker._open_orders": {"executed_lines": [], "summary": {"covered_lines": 0, "num_statements": 1, "percent_covered": 0.0, "percent_covered_display": "0", "missing_lines": 1, "excluded_lines": 0}, "missing_lines": [190], "excluded_lines": []}, "SimulationBroker._stop_orders": {"executed_lines": [], "summary": {"covered_lines": 0, "num_statements": 1, "percent_covered": 0.0, "percent_covered_display": "0", "missing_lines": 1, "excluded_lines": 0}, "missing_lines": [195], "excluded_lines": []}, "SimulationBroker._trailing_stops": {"executed_lines": [], "summary": {"covered_lines": 0, "num_statements": 1, "percent_covered": 0.0, "percent_covered_display": "0", "missing_lines": 1, "excluded_lines": 0}, "missing_lines": [200], "excluded_lines": []}, "SimulationBroker._pending_orders": {"executed_lines": [], "summary": {"covered_lines": 0, "num_statements": 1, "percent_covered": 0.0, "percent_covered_display": "0", "missing_lines": 1, "excluded_lines": 0}, "missing_lines": [205], "excluded_lines": []}, "SimulationBroker.trades": {"executed_lines": [], "summary": {"covered_lines": 0, "num_statements": 2, "percent_covered": 0.0, "percent_covered_display": "0", "missing_lines": 2, "excluded_lines": 0}, "missing_lines": [239, 241], "excluded_lines": []}, "SimulationBroker.can_enter_position": {"executed_lines": [], "summary": {"covered_lines": 0, "num_statements": 5, "percent_covered": 0.0, "percent_covered_display": "0", "missing_lines": 5, "excluded_lines": 0}, "missing_lines": [257, 258, 261, 262, 264], "excluded_lines": []}, "SimulationBroker.submit_order": {"executed_lines": [], "summary": {"covered_lines": 0, "num_statements": 33, "percent_covered": 0.0, "percent_covered_display": "0", "missing_lines": 33, "excluded_lines": 0}, "missing_lines": [281, 282, 284, 285, 287, 288, 290, 291, 292, 293, 294, 296, 297, 299, 300, 303, 304, 305, 308, 309, 312, 315, 316, 317, 324, 326, 335, 336, 337, 340, 341, 343, 344], "excluded_lines": []}, "SimulationBroker.cancel_order": {"executed_lines": [], "summary": {"covered_lines": 0, "num_statements": 9, "percent_covered": 0.0, "percent_covered_display": "0", "missing_lines": 9, "excluded_lines": 0}, "missing_lines": [356, 357, 358, 361, 363, 365, 366, 367, 369], "excluded_lines": []}, "SimulationBroker.get_order": {"executed_lines": [], "summary": {"covered_lines": 0, "num_statements": 1, "percent_covered": 0.0, "percent_covered_display": "0", "missing_lines": 1, "excluded_lines": 0}, "missing_lines": [373], "excluded_lines": []}, "SimulationBroker.get_open_orders": {"executed_lines": [], "summary": {"covered_lines": 0, "num_statements": 1, "percent_covered": 0.0, "percent_covered_display": "0", "missing_lines": 1, "excluded_lines": 0}, "missing_lines": [377], "excluded_lines": []}, "SimulationBroker._get_exit_priority": {"executed_lines": [], "summary": {"covered_lines": 0, "num_statements": 2, "percent_covered": 0.0, "percent_covered_display": "0", "missing_lines": 2, "excluded_lines": 0}, "missing_lines": [394, 399], "excluded_lines": []}, "SimulationBroker._collect_triggered_bracket_exits": {"executed_lines": [], "summary": {"covered_lines": 0, "num_statements": 50, "percent_covered": 0.0, "percent_covered_display": "0", "missing_lines": 50, "excluded_lines": 0}, "missing_lines": [421, 424, 425, 426, 428, 429, 432, 433, 434, 437, 438, 439, 441, 442, 445, 446, 447, 450, 451, 452, 454, 455, 458, 459, 463, 464, 465, 466, 469, 470, 474, 476, 479, 480, 482, 484, 485, 486, 487, 490, 491, 492, 495, 496, 498, 500, 503, 504, 507, 508], "excluded_lines": []}, "SimulationBroker.on_market_event": {"executed_lines": [], "summary": {"covered_lines": 0, "num_statements": 160, "percent_covered": 0.0, "percent_covered_display": "0", "missing_lines": 160, "excluded_lines": 0}, "missing_lines": [521, 523, 524, 527, 528, 529, 530, 532, 535, 540, 541, 542, 545, 546, 548, 558, 560, 563, 573, 574, 575, 578, 579, 580, 583, 585, 588, 589, 592, 593, 596, 597, 601, 602, 604, 605, 607, 608, 609, 612, 613, 615, 616, 617, 618, 628, 630, 639, 640, 641, 643, 646, 651, 655, 656, 657, 658, 660, 661, 667, 668, 670, 671, 674, 676, 680, 681, 682, 683, 687, 688, 690, 692, 695, 697, 700, 701, 702, 703, 706, 707, 708, 712, 713, 715, 717, 720, 722, 725, 726, 727, 728, 729, 739, 741, 744, 754, 755, 756, 759, 760, 761, 764, 766, 769, 770, 774, 775, 776, 780, 783, 784, 787, 788, 789, 790, 791, 792, 793, 794, 795, 798, 799, 800, 801, 804, 815, 817, 820, 830, 831, 832, 835, 836, 837, 840, 842, 845, 846, 850, 851, 852, 853, 855, 856, 857, 858, 859, 860, 864, 866, 867, 869, 871, 873, 876, 877, 878, 881, 883], "excluded_lines": []}, "SimulationBroker._should_trigger_stop": {"executed_lines": [], "summary": {"covered_lines": 0, "num_statements": 5, "percent_covered": 0.0, "percent_covered_display": "0", "missing_lines": 5, "excluded_lines": 0}, "missing_lines": [887, 888, 890, 891, 892], "excluded_lines": []}, "SimulationBroker._handle_bracket_fill": {"executed_lines": [], "summary": {"covered_lines": 0, "num_statements": 5, "percent_covered": 0.0, "percent_covered_display": "0", "missing_lines": 5, "excluded_lines": 0}, "missing_lines": [903, 906, 907, 909, 910], "excluded_lines": []}, "SimulationBroker.get_position": {"executed_lines": [], "summary": {"covered_lines": 0, "num_statements": 1, "percent_covered": 0.0, "percent_covered_display": "0", "missing_lines": 1, "excluded_lines": 0}, "missing_lines": [915], "excluded_lines": []}, "SimulationBroker.get_positions": {"executed_lines": [], "summary": {"covered_lines": 0, "num_statements": 1, "percent_covered": 0.0, "percent_covered_display": "0", "missing_lines": 1, "excluded_lines": 0}, "missing_lines": [919], "excluded_lines": []}, "SimulationBroker.get_cash": {"executed_lines": [], "summary": {"covered_lines": 0, "num_statements": 1, "percent_covered": 0.0, "percent_covered_display": "0", "missing_lines": 1, "excluded_lines": 0}, "missing_lines": [923], "excluded_lines": []}, "SimulationBroker.get_statistics": {"executed_lines": [], "summary": {"covered_lines": 0, "num_statements": 1, "percent_covered": 0.0, "percent_covered_display": "0", "missing_lines": 1, "excluded_lines": 0}, "missing_lines": [927], "excluded_lines": []}, "SimulationBroker.initialize": {"executed_lines": [], "summary": {"covered_lines": 0, "num_statements": 3, "percent_covered": 0.0, "percent_covered_display": "0", "missing_lines": 3, "excluded_lines": 0}, "missing_lines": [942, 943, 944], "excluded_lines": []}, "SimulationBroker.on_order_event": {"executed_lines": [], "summary": {"covered_lines": 0, "num_statements": 3, "percent_covered": 0.0, "percent_covered_display": "0", "missing_lines": 3, "excluded_lines": 0}, "missing_lines": [952, 955, 967], "excluded_lines": []}, "SimulationBroker.finalize": {"executed_lines": [], "summary": {"covered_lines": 0, "num_statements": 9, "percent_covered": 0.0, "percent_covered_display": "0", "missing_lines": 9, "excluded_lines": 0}, "missing_lines": [972, 973, 974, 975, 977, 978, 979, 980, 982], "excluded_lines": []}, "SimulationBroker.get_trades": {"executed_lines": [], "summary": {"covered_lines": 0, "num_statements": 8, "percent_covered": 0.0, "percent_covered_display": "0", "missing_lines": 8, "excluded_lines": 0}, "missing_lines": [990, 992, 993, 994, 995, 1009, 1010, 1011], "excluded_lines": []}, "SimulationBroker.reset": {"executed_lines": [], "summary": {"covered_lines": 0, "num_statements": 11, "percent_covered": 0.0, "percent_covered_display": "0", "missing_lines": 11, "excluded_lines": 0}, "missing_lines": [1019, 1020, 1026, 1027, 1028, 1029, 1032, 1033, 1034, 1035, 1037], "excluded_lines": []}, "": {"executed_lines": [1, 3, 4, 5, 6, 8, 9, 10, 18, 19, 20, 21, 22, 23, 24, 26, 32, 35, 36, 38, 39, 42, 43, 46, 47, 50, 51, 54, 55, 59, 60, 74, 167, 168, 172, 173, 177, 178, 182, 183, 187, 188, 192, 193, 197, 198, 202, 203, 207, 208, 243, 266, 346, 371, 375, 379, 401, 510, 885, 894, 913, 917, 921, 925, 935, 946, 969, 984, 1013], "summary": {"covered_lines": 65, "num_statements": 65, "percent_covered": 100.0, "percent_covered_display": "100", "missing_lines": 0, "excluded_lines": 5}, "missing_lines": [], "excluded_lines": [26, 27, 28, 29, 30]}}, "classes": {"Broker": {"executed_lines": [], "summary": {"covered_lines": 0, "num_statements": 0, "percent_covered": 100.0, "percent_covered_display": "100", "missing_lines": 0, "excluded_lines": 0}, "missing_lines": [], "excluded_lines": []}, "SimulationBroker": {"executed_lines": [], "summary": {"covered_lines": 0, "num_statements": 345, "percent_covered": 0.0, "percent_covered_display": "0", "missing_lines": 345, "excluded_lines": 0}, "missing_lines": [109, 110, 111, 112, 113, 114, 115, 116, 117, 118, 119, 122, 123, 124, 127, 128, 130, 133, 144, 147, 150, 153, 156, 157, 158, 160, 170, 175, 180, 185, 190, 195, 200, 205, 239, 241, 257, 258, 261, 262, 264, 281, 282, 284, 285, 287, 288, 290, 291, 292, 293, 294, 296, 297, 299, 300, 303, 304, 305, 308, 309, 312, 315, 316, 317, 324, 326, 335, 336, 337, 340, 341, 343, 344, 356, 357, 358, 361, 363, 365, 366, 367, 369, 373, 377, 394, 399, 421, 424, 425, 426, 428, 429, 432, 433, 434, 437, 438, 439, 441, 442, 445, 446, 447, 450, 451, 452, 454, 455, 458, 459, 463, 464, 465, 466, 469, 470, 474, 476, 479, 480, 482, 484, 485, 486, 487, 490, 491, 492, 495, 496, 498, 500, 503, 504, 507, 508, 521, 523, 524, 527, 528, 529, 530, 532, 535, 540, 541, 542, 545, 546, 548, 558, 560, 563, 573, 574, 575, 578, 579, 580, 583, 585, 588, 589, 592, 593, 596, 597, 601, 602, 604, 605, 607, 608, 609, 612, 613, 615, 616, 617, 618, 628, 630, 639, 640, 641, 643, 646, 651, 655, 656, 657, 658, 660, 661, 667, 668, 670, 671, 674, 676, 680, 681, 682, 683, 687, 688, 690, 692, 695, 697, 700, 701, 702, 703, 706, 707, 708, 712, 713, 715, 717, 720, 722, 725, 726, 727, 728, 729, 739, 741, 744, 754, 755, 756, 759, 760, 761, 764, 766, 769, 770, 774, 775, 776, 780, 783, 784, 787, 788, 789, 790, 791, 792, 793, 794, 795, 798, 799, 800, 801, 804, 815, 817, 820, 830, 831, 832, 835, 836, 837, 840, 842, 845, 846, 850, 851, 852, 853, 855, 856, 857, 858, 859, 860, 864, 866, 867, 869, 871, 873, 876, 877, 878, 881, 883, 887, 888, 890, 891, 892, 903, 906, 907, 909, 910, 915, 919, 923, 927, 942, 943, 944, 952, 955, 967, 972, 973, 974, 975, 977, 978, 979, 980, 982, 990, 992, 993, 994, 995, 1009, 1010, 1011, 1019, 1020, 1026, 1027, 1028, 1029, 1032, 1033, 1034, 1035, 1037], "excluded_lines": []}, "": {"executed_lines": [1, 3, 4, 5, 6, 8, 9, 10, 18, 19, 20, 21, 22, 23, 24, 26, 32, 35, 36, 38, 39, 42, 43, 46, 47, 50, 51, 54, 55, 59, 60, 74, 167, 168, 172, 173, 177, 178, 182, 183, 187, 188, 192, 193, 197, 198, 202, 203, 207, 208, 243, 266, 346, 371, 375, 379, 401, 510, 885, 894, 913, 917, 921, 925, 935, 946, 969, 984, 1013], "summary": {"covered_lines": 65, "num_statements": 65, "percent_covered": 100.0, "percent_covered_display": "100", "missing_lines": 0, "excluded_lines": 5}, "missing_lines": [], "excluded_lines": [26, 27, 28, 29, 30]}}}, "/home/stefan/ml4t/software/backtest/src/qengine/execution/commission.py": {"executed_lines": [1, 3, 4, 6, 11, 12, 14, 15, 32, 37, 38, 40, 50, 51, 53, 63, 72, 77, 78, 80, 92, 102, 107, 108, 110, 120, 129, 134, 135, 137, 173, 192, 197, 198, 200, 219, 239, 244, 245, 247, 273, 303, 315, 316, 318, 328, 353, 358, 359, 372, 396, 435], "summary": {"covered_lines": 40, "num_statements": 148, "percent_covered": 27.027027027027028, "percent_covered_display": "27", "missing_lines": 108, "excluded_lines": 3}, "missing_lines": [34, 47, 59, 60, 61, 70, 74, 86, 87, 88, 89, 90, 99, 100, 104, 116, 117, 118, 127, 131, 149, 151, 159, 160, 161, 162, 163, 164, 165, 167, 168, 170, 171, 180, 183, 184, 185, 186, 187, 189, 190, 194, 211, 212, 213, 214, 216, 217, 226, 228, 233, 235, 237, 241, 266, 267, 268, 269, 270, 271, 281, 283, 285, 286, 288, 289, 290, 291, 292, 293, 294, 295, 296, 297, 298, 300, 301, 305, 324, 325, 326, 335, 337, 338, 339, 340, 342, 343, 344, 345, 346, 348, 350, 351, 355, 386, 387, 388, 389, 390, 391, 393, 394, 425, 428, 431, 433, 437], "excluded_lines": [6, 7, 8], "functions": {"CommissionModel.calculate": {"executed_lines": [], "summary": {"covered_lines": 0, "num_statements": 0, "percent_covered": 100.0, "percent_covered_display": "100", "missing_lines": 0, "excluded_lines": 0}, "missing_lines": [], "excluded_lines": []}, "CommissionModel.__repr__": {"executed_lines": [], "summary": {"covered_lines": 0, "num_statements": 1, "percent_covered": 0.0, "percent_covered_display": "0", "missing_lines": 1, "excluded_lines": 0}, "missing_lines": [34], "excluded_lines": []}, "NoCommission.calculate": {"executed_lines": [], "summary": {"covered_lines": 0, "num_statements": 1, "percent_covered": 0.0, "percent_covered_display": "0", "missing_lines": 1, "excluded_lines": 0}, "missing_lines": [47], "excluded_lines": []}, "FlatCommission.__init__": {"executed_lines": [], "summary": {"covered_lines": 0, "num_statements": 3, "percent_covered": 0.0, "percent_covered_display": "0", "missing_lines": 3, "excluded_lines": 0}, "missing_lines": [59, 60, 61], "excluded_lines": []}, "FlatCommission.calculate": {"executed_lines": [], "summary": {"covered_lines": 0, "num_statements": 1, "percent_covered": 0.0, "percent_covered_display": "0", "missing_lines": 1, "excluded_lines": 0}, "missing_lines": [70], "excluded_lines": []}, "FlatCommission.__repr__": {"executed_lines": [], "summary": {"covered_lines": 0, "num_statements": 1, "percent_covered": 0.0, "percent_covered_display": "0", "missing_lines": 1, "excluded_lines": 0}, "missing_lines": [74], "excluded_lines": []}, "PercentageCommission.__init__": {"executed_lines": [], "summary": {"covered_lines": 0, "num_statements": 5, "percent_covered": 0.0, "percent_covered_display": "0", "missing_lines": 5, "excluded_lines": 0}, "missing_lines": [86, 87, 88, 89, 90], "excluded_lines": []}, "PercentageCommission.calculate": {"executed_lines": [], "summary": {"covered_lines": 0, "num_statements": 2, "percent_covered": 0.0, "percent_covered_display": "0", "missing_lines": 2, "excluded_lines": 0}, "missing_lines": [99, 100], "excluded_lines": []}, "PercentageCommission.__repr__": {"executed_lines": [], "summary": {"covered_lines": 0, "num_statements": 1, "percent_covered": 0.0, "percent_covered_display": "0", "missing_lines": 1, "excluded_lines": 0}, "missing_lines": [104], "excluded_lines": []}, "PerShareCommission.__init__": {"executed_lines": [], "summary": {"covered_lines": 0, "num_statements": 3, "percent_covered": 0.0, "percent_covered_display": "0", "missing_lines": 3, "excluded_lines": 0}, "missing_lines": [116, 117, 118], "excluded_lines": []}, "PerShareCommission.calculate": {"executed_lines": [], "summary": {"covered_lines": 0, "num_statements": 1, "percent_covered": 0.0, "percent_covered_display": "0", "missing_lines": 1, "excluded_lines": 0}, "missing_lines": [127], "excluded_lines": []}, "PerShareCommission.__repr__": {"executed_lines": [], "summary": {"covered_lines": 0, "num_statements": 1, "percent_covered": 0.0, "percent_covered_display": "0", "missing_lines": 1, "excluded_lines": 0}, "missing_lines": [131], "excluded_lines": []}, "TieredCommission.__init__": {"executed_lines": [], "summary": {"covered_lines": 0, "num_statements": 13, "percent_covered": 0.0, "percent_covered_display": "0", "missing_lines": 13, "excluded_lines": 0}, "missing_lines": [149, 151, 159
[...]
uted_lines": [], "summary": {"covered_lines": 0, "num_statements": 2, "percent_covered": 0.0, "percent_covered_display": "0", "missing_lines": 2, "excluded_lines": 0}, "missing_lines": [2, 4], "excluded_lines": [], "functions": {"": {"executed_lines": [], "summary": {"covered_lines": 0, "num_statements": 2, "percent_covered": 0.0, "percent_covered_display": "0", "missing_lines": 2, "excluded_lines": 0}, "missing_lines": [2, 4], "excluded_lines": []}}, "classes": {"": {"executed_lines": [], "summary": {"covered_lines": 0, "num_statements": 2, "percent_covered": 0.0, "percent_covered_display": "0", "missing_lines": 2, "excluded_lines": 0}, "missing_lines": [2, 4], "excluded_lines": []}}}, "validators/trade_validator.py": {"executed_lines": [], "summary": {"covered_lines": 0, "num_statements": 93, "percent_covered": 0.0, "percent_covered_display": "0", "missing_lines": 93, "excluded_lines": 0}, "missing_lines": [2, 3, 5, 7, 8, 9, 11, 14, 15, 17, 18, 19, 20, 21, 22, 23, 25, 26, 31, 32, 34, 35, 36, 37, 38, 39, 42, 45, 51, 53, 65, 68, 69, 72, 73, 75, 76, 82, 85, 91, 97, 104, 113, 121, 124, 125, 128, 129, 140, 141, 142, 153, 154, 155, 156, 167, 168, 169, 170, 180, 182, 184, 185, 187, 188, 190, 198, 199, 200, 201, 202, 205, 206, 207, 208, 209, 212, 213, 214, 215, 218, 219, 220, 221, 222, 224, 226, 227, 229, 231, 233, 286, 287], "excluded_lines": [], "functions": {"TradeDifference.__str__": {"executed_lines": [], "summary": {"covered_lines": 0, "num_statements": 1, "percent_covered": 0.0, "percent_covered_display": "0", "missing_lines": 1, "excluded_lines": 0}, "missing_lines": [26], "excluded_lines": []}, "TradeValidator.__init__": {"executed_lines": [], "summary": {"covered_lines": 0, "num_statements": 1, "percent_covered": 0.0, "percent_covered_display": "0", "missing_lines": 1, "excluded_lines": 0}, "missing_lines": [51], "excluded_lines": []}, "TradeValidator.compare_results": {"executed_lines": [], "summary": {"covered_lines": 0, "num_statements": 12, "percent_covered": 0.0, "percent_covered_display": "0", "missing_lines": 12, "excluded_lines": 0}, "missing_lines": [65, 68, 69, 72, 73, 75, 76, 82, 85, 91, 97, 104], "excluded_lines": []}, "TradeValidator._compare_trades": {"executed_lines": [], "summary": {"covered_lines": 0, "num_statements": 17, "percent_covered": 0.0, "percent_covered_display": "0", "missing_lines": 17, "excluded_lines": 0}, "missing_lines": [121, 124, 125, 128, 129, 140, 141, 142, 153, 154, 155, 156, 167, 168, 169, 170, 180], "excluded_lines": []}, "TradeValidator._prices_match": {"executed_lines": [], "summary": {"covered_lines": 0, "num_statements": 4, "percent_covered": 0.0, "percent_covered_display": "0", "missing_lines": 4, "excluded_lines": 0}, "missing_lines": [184, 185, 187, 188], "excluded_lines": []}, "TradeValidator._generate_summary": {"executed_lines": [], "summary": {"covered_lines": 0, "num_statements": 23, "percent_covered": 0.0, "percent_covered_display": "0", "missing_lines": 23, "excluded_lines": 0}, "missing_lines": [198, 199, 200, 201, 202, 205, 206, 207, 208, 209, 212, 213, 214, 215, 218, 219, 220, 221, 222, 224, 226, 227, 229], "excluded_lines": []}, "TradeValidator.generate_html_report": {"executed_lines": [], "summary": {"covered_lines": 0, "num_statements": 3, "percent_covered": 0.0, "percent_covered_display": "0", "missing_lines": 3, "excluded_lines": 0}, "missing_lines": [233, 286, 287], "excluded_lines": []}, "": {"executed_lines": [], "summary": {"covered_lines": 0, "num_statements": 32, "percent_covered": 0.0, "percent_covered_display": "0", "missing_lines": 32, "excluded_lines": 0}, "missing_lines": [2, 3, 5, 7, 8, 9, 11, 14, 15, 17, 18, 19, 20, 21, 22, 23, 25, 31, 32, 34, 35, 36, 37, 38, 39, 42, 45, 53, 113, 182, 190, 231], "excluded_lines": []}}, "classes": {"TradeDifference": {"executed_lines": [], "summary": {"covered_lines": 0, "num_statements": 1, "percent_covered": 0.0, "percent_covered_display": "0", "missing_lines": 1, "excluded_lines": 0}, "missing_lines": [26], "excluded_lines": []}, "ValidationReport": {"executed_lines": [], "summary": {"covered_lines": 0, "num_statements": 0, "percent_covered": 100.0, "percent_covered_display": "100", "missing_lines": 0, "excluded_lines": 0}, "missing_lines": [], "excluded_lines": []}, "TradeValidator": {"executed_lines": [], "summary": {"covered_lines": 0, "num_statements": 60, "percent_covered": 0.0, "percent_covered_display": "0", "missing_lines": 60, "excluded_lines": 0}, "missing_lines": [51, 65, 68, 69, 72, 73, 75, 76, 82, 85, 91, 97, 104, 121, 124, 125, 128, 129, 140, 141, 142, 153, 154, 155, 156, 167, 168, 169, 170, 180, 184, 185, 187, 188, 198, 199, 200, 201, 202, 205, 206, 207, 208, 209, 212, 213, 214, 215, 218, 219, 220, 221, 222, 224, 226, 227, 229, 233, 286, 287], "excluded_lines": []}, "": {"executed_lines": [], "summary": {"covered_lines": 0, "num_statements": 32, "percent_covered": 0.0, "percent_covered_display": "0", "missing_lines": 32, "excluded_lines": 0}, "missing_lines": [2, 3, 5, 7, 8, 9, 11, 14, 15, 17, 18, 19, 20, 21, 22, 23, 25, 31, 32, 34, 35, 36, 37, 38, 39, 42, 45, 53, 113, 182, 190, 231], "excluded_lines": []}}}, "vectorbtpro_5000_trades.py": {"executed_lines": [], "summary": {"covered_lines": 0, "num_statements": 137, "percent_covered": 0.0, "percent_covered_display": "0", "missing_lines": 137, "excluded_lines": 0}, "missing_lines": [6, 7, 9, 10, 11, 13, 14, 15, 16, 17, 20, 21, 23, 24, 27, 28, 30, 33, 34, 37, 38, 40, 41, 42, 43, 46, 47, 48, 50, 51, 53, 55, 58, 59, 60, 63, 64, 67, 68, 70, 71, 72, 75, 76, 79, 82, 83, 84, 87, 88, 102, 103, 105, 119, 120, 121, 122, 123, 124, 126, 128, 129, 130, 131, 132, 133, 134, 135, 138, 139, 140, 142, 143, 144, 146, 160, 161, 163, 164, 165, 167, 168, 169, 170, 171, 174, 175, 176, 179, 180, 192, 193, 196, 197, 198, 199, 200, 202, 203, 204, 205, 206, 208, 209, 210, 211, 212, 215, 216, 217, 219, 220, 221, 222, 223, 224, 225, 227, 228, 229, 231, 232, 233, 234, 235, 237, 238, 239, 240, 242, 243, 244, 245, 246, 247, 248, 249], "excluded_lines": [], "functions": {"": {"executed_lines": [], "summary": {"covered_lines": 0, "num_statements": 137, "percent_covered": 0.0, "percent_covered_display": "0", "missing_lines": 137, "excluded_lines": 0}, "missing_lines": [6, 7, 9, 10, 11, 13, 14, 15, 16, 17, 20, 21, 23, 24, 27, 28, 30, 33, 34, 37, 38, 40, 41, 42, 43, 46, 47, 48, 50, 51, 53, 55, 58, 59, 60, 63, 64, 67, 68, 70, 71, 72, 75, 76, 79, 82, 83, 84, 87, 88, 102, 103, 105, 119, 120, 121, 122, 123, 124, 126, 128, 129, 130, 131, 132, 133, 134, 135, 138, 139, 140, 142, 143, 144, 146, 160, 161, 163, 164, 165, 167, 168, 169, 170, 171, 174, 175, 176, 179, 180, 192, 193, 196, 197, 198, 199, 200, 202, 203, 204, 205, 206, 208, 209, 210, 211, 212, 215, 216, 217, 219, 220, 221, 222, 223, 224, 225, 227, 228, 229, 231, 232, 233, 234, 235, 237, 238, 239, 240, 242, 243, 244, 245, 246, 247, 248, 249], "excluded_lines": []}}, "classes": {"": {"executed_lines": [], "summary": {"covered_lines": 0, "num_statements": 137, "percent_covered": 0.0, "percent_covered_display": "0", "missing_lines": 137, "excluded_lines": 0}, "missing_lines": [6, 7, 9, 10, 11, 13, 14, 15, 16, 17, 20, 21, 23, 24, 27, 28, 30, 33, 34, 37, 38, 40, 41, 42, 43, 46, 47, 48, 50, 51, 53, 55, 58, 59, 60, 63, 64, 67, 68, 70, 71, 72, 75, 76, 79, 82, 83, 84, 87, 88, 102, 103, 105, 119, 120, 121, 122, 123, 124, 126, 128, 129, 130, 131, 132, 133, 134, 135, 138, 139, 140, 142, 143, 144, 146, 160, 161, 163, 164, 165, 167, 168, 169, 170, 171, 174, 175, 176, 179, 180, 192, 193, 196, 197, 198, 199, 200, 202, 203, 204, 205, 206, 208, 209, 210, 211, 212, 215, 216, 217, 219, 220, 221, 222, 223, 224, 225, 227, 228, 229, 231, 232, 233, 234, 235, 237, 238, 239, 240, 242, 243, 244, 245, 246, 247, 248, 249], "excluded_lines": []}}}, "verify_actual_agreement.py": {"executed_lines": [], "summary": {"covered_lines": 0, "num_statements": 88, "percent_covered": 0.0, "percent_covered_display": "0", "missing_lines": 88, "excluded_lines": 0}, "missing_lines": [5, 6, 8, 11, 12, 13, 15, 18, 20, 21, 22, 24, 25, 26, 27, 28, 31, 33, 34, 35, 36, 39, 40, 41, 44, 45, 47, 50, 53, 54, 56, 57, 59, 60, 62, 63, 64, 67, 68, 69, 71, 72, 73, 76, 77, 80, 81, 86, 87, 92, 93, 98, 103, 105, 106, 107, 108, 110, 111, 112, 113, 116, 117, 118, 119, 121, 122, 123, 124, 126, 127, 129, 131, 133, 136, 137, 138, 139, 140, 141, 143, 144, 145, 146, 147, 148, 150, 151], "excluded_lines": [], "functions": {"load_real_data": {"executed_lines": [], "summary": {"covered_lines": 0, "num_statements": 8, "percent_covered": 0.0, "percent_covered_display": "0", "missing_lines": 8, "excluded_lines": 0}, "missing_lines": [20, 21, 22, 24, 25, 26, 27, 28], "excluded_lines": []}, "verify_real_agreement": {"executed_lines": [], "summary": {"covered_lines": 0, "num_statements": 57, "percent_covered": 0.0, "percent_covered_display": "0", "missing_lines": 57, "excluded_lines": 0}, "missing_lines": [33, 34, 35, 36, 39, 40, 41, 44, 45, 47, 50, 53, 54, 56, 57, 59, 60, 62, 63, 64, 67, 68, 69, 71, 72, 73, 76, 77, 80, 81, 86, 87, 92, 93, 98, 103, 105, 106, 107, 108, 110, 111, 112, 113, 116, 117, 118, 119, 121, 122, 123, 124, 126, 127, 129, 131, 133], "excluded_lines": []}, "": {"executed_lines": [], "summary": {"covered_lines": 0, "num_statements": 23, "percent_covered": 0.0, "percent_covered_display": "0", "missing_lines": 23, "excluded_lines": 0}, "missing_lines": [5, 6, 8, 11, 12, 13, 15, 18, 31, 136, 137, 138, 139, 140, 141, 143, 144, 145, 146, 147, 148, 150, 151], "excluded_lines": []}}, "classes": {"": {"executed_lines": [], "summary": {"covered_lines": 0, "num_statements": 88, "percent_covered": 0.0, "percent_covered_display": "0", "missing_lines": 88, "excluded_lines": 0}, "missing_lines": [5, 6, 8, 11, 12, 13, 15, 18, 20, 21, 22, 24, 25, 26, 27, 28, 31, 33, 34, 35, 36, 39, 40, 41, 44, 45, 47, 50, 53, 54, 56, 57, 59, 60, 62, 63, 64, 67, 68, 69, 71, 72, 73, 76, 77, 80, 81, 86, 87, 92, 93, 98, 103, 105, 106, 107, 108, 110, 111, 112, 113, 116, 117, 118, 119, 121, 122, 123, 124, 126, 127, 129, 131, 133, 136, 137, 138, 139, 140, 141, 143, 144, 145, 146, 147, 148, 150, 151], "excluded_lines": []}}}, "verify_vectorbt_execution.py": {"executed_lines": [], "summary": {"covered_lines": 0, "num_statements": 79, "percent_covered": 0.0, "percent_covered_display": "0", "missing_lines": 79, "excluded_lines": 0}, "missing_lines": [6, 7, 8, 11, 12, 13, 16, 25, 26, 27, 30, 31, 33, 34, 36, 37, 38, 39, 42, 43, 44, 46, 56, 57, 58, 61, 62, 63, 64, 67, 68, 69, 71, 83, 84, 85, 88, 89, 90, 91, 94, 95, 96, 99, 101, 114, 115, 116, 119, 120, 121, 122, 125, 126, 127, 130, 131, 134, 135, 136, 137, 138, 140, 141, 142, 144, 154, 155, 158, 159, 160, 161, 163, 164, 165, 166, 167, 168, 169], "excluded_lines": [], "functions": {"": {"executed_lines": [], "summary": {"covered_lines": 0, "num_statements": 79, "percent_covered": 0.0, "percent_covered_display": "0", "missing_lines": 79, "excluded_lines": 0}, "missing_lines": [6, 7, 8, 11, 12, 13, 16, 25, 26, 27, 30, 31, 33, 34, 36, 37, 38, 39, 42, 43, 44, 46, 56, 57, 58, 61, 62, 63, 64, 67, 68, 69, 71, 83, 84, 85, 88, 89, 90, 91, 94, 95, 96, 99, 101, 114, 115, 116, 119, 120, 121, 122, 125, 126, 127, 130, 131, 134, 135, 136, 137, 138, 140, 141, 142, 144, 154, 155, 158, 159, 160, 161, 163, 164, 165, 166, 167, 168, 169], "excluded_lines": []}}, "classes": {"": {"executed_lines": [], "summary": {"covered_lines": 0, "num_statements": 79, "percent_covered": 0.0, "percent_covered_display": "0", "missing_lines": 79, "excluded_lines": 0}, "missing_lines": [6, 7, 8, 11, 12, 13, 16, 25, 26, 27, 30, 31, 33, 34, 36, 37, 38, 39, 42, 43, 44, 46, 56, 57, 58, 61, 62, 63, 64, 67, 68, 69, 71, 83, 84, 85, 88, 89, 90, 91, 94, 95, 96, 99, 101, 114, 115, 116, 119, 120, 121, 122, 125, 126, 127, 130, 131, 134, 135, 136, 137, 138, 140, 141, 142, 144, 154, 155, 158, 159, 160, 161, 163, 164, 165, 166, 167, 168, 169], "excluded_lines": []}}}, "verify_vectorbt_real.py": {"executed_lines": [], "summary": {"covered_lines": 0, "num_statements": 100, "percent_covered": 0.0, "percent_covered_display": "0", "missing_lines": 100, "excluded_lines": 0}, "missing_lines": [6, 7, 8, 10, 11, 14, 15, 18, 19, 24, 25, 26, 27, 28, 31, 32, 35, 37, 38, 39, 40, 41, 42, 44, 45, 46, 49, 50, 51, 53, 64, 65, 66, 68, 69, 70, 71, 74, 77, 78, 79, 81, 93, 94, 95, 96, 97, 100, 101, 102, 104, 105, 106, 108, 109, 112, 113, 114, 115, 116, 119, 120, 122, 123, 124, 125, 126, 129, 130, 131, 132, 134, 135, 136, 139, 140, 141, 143, 144, 145, 147, 148, 150, 151, 153, 156, 157, 158, 161, 162, 163, 164, 167, 168, 169, 170, 172, 173, 174, 175], "excluded_lines": [], "functions": {"": {"executed_lines": [], "summary": {"covered_lines": 0, "num_statements": 100, "percent_covered": 0.0, "percent_covered_display": "0", "missing_lines": 100, "excluded_lines": 0}, "missing_lines": [6, 7, 8, 10, 11, 14, 15, 18, 19, 24, 25, 26, 27, 28, 31, 32, 35, 37, 38, 39, 40, 41, 42, 44, 45, 46, 49, 50, 51, 53, 64, 65, 66, 68, 69, 70, 71, 74, 77, 78, 79, 81, 93, 94, 95, 96, 97, 100, 101, 102, 104, 105, 106, 108, 109, 112, 113, 114, 115, 116, 119, 120, 122, 123, 124, 125, 126, 129, 130, 131, 132, 134, 135, 136, 139, 140, 141, 143, 144, 145, 147, 148, 150, 151, 153, 156, 157, 158, 161, 162, 163, 164, 167, 168, 169, 170, 172, 173, 174, 175], "excluded_lines": []}}, "classes": {"": {"executed_lines": [], "summary": {"covered_lines": 0, "num_statements": 100, "percent_covered": 0.0, "percent_covered_display": "0", "missing_lines": 100, "excluded_lines": 0}, "missing_lines": [6, 7, 8, 10, 11, 14, 15, 18, 19, 24, 25, 26, 27, 28, 31, 32, 35, 37, 38, 39, 40, 41, 42, 44, 45, 46, 49, 50, 51, 53, 64, 65, 66, 68, 69, 70, 71, 74, 77, 78, 79, 81, 93, 94, 95, 96, 97, 100, 101, 102, 104, 105, 106, 108, 109, 112, 113, 114, 115, 116, 119, 120, 122, 123, 124, 125, 126, 129, 130, 131, 132, 134, 135, 136, 139, 140, 141, 143, 144, 145, 147, 148, 150, 151, 153, 156, 157, 158, 161, 162, 163, 164, 167, 168, 169, 170, 172, 173, 174, 175], "excluded_lines": []}}}, "zipline_wiki_comparison.py": {"executed_lines": [], "summary": {"covered_lines": 0, "num_statements": 217, "percent_covered": 0.0, "percent_covered_display": "0", "missing_lines": 217, "excluded_lines": 0}, "missing_lines": [9, 10, 11, 13, 14, 17, 18, 19, 20, 23, 34, 35, 44, 47, 50, 52, 54, 55, 56, 59, 62, 68, 71, 78, 79, 82, 83, 86, 87, 88, 90, 91, 94, 96, 97, 98, 107, 109, 110, 111, 121, 128, 132, 133, 142, 143, 144, 147, 148, 150, 163, 171, 172, 173, 174, 177, 180, 183, 185, 194, 195, 198, 201, 202, 203, 204, 205, 207, 208, 209, 217, 225, 233, 241, 249, 251, 252, 253, 254, 255, 258, 270, 272, 273, 275, 278, 287, 289, 292, 293, 294, 295, 298, 300, 301, 304, 305, 307, 308, 311, 313, 314, 315, 316, 317, 326, 328, 329, 330, 331, 332, 342, 343, 344, 346, 347, 349, 360, 369, 370, 372, 374, 377, 378, 379, 382, 383, 386, 387, 388, 391, 401, 402, 403, 405, 414, 415, 421, 425, 426, 427, 428, 431, 432, 433, 434, 435, 436, 438, 439, 440, 441, 442, 444, 447, 448, 449, 457, 458, 459, 460, 461, 462, 463, 466, 467, 468, 473, 474, 475, 476, 479, 480, 481, 487, 488, 489, 490, 491, 492, 495, 496, 497, 503, 504, 505, 506, 507, 509, 510, 511, 514, 515, 516, 518, 519, 520, 522, 523, 525, 526, 527, 532, 533, 534, 536, 537, 538, 540, 541, 544, 545, 547, 548, 550, 553, 554], "excluded_lines": [], "functions": {"run_zipline_ma_crossover": {"executed_lines": [], "summary": {"covered_lines": 0, "num_statements": 16, "percent_covered": 0.0, "percent_covered_display": "0", "missing_lines": 16, "excluded_lines": 0}, "missing_lines": [34, 35, 44, 47, 50, 52, 68, 128, 132, 133, 142, 143, 144, 147, 148, 150], "excluded_lines": []}, "run_zipline_ma_crossover.initialize": {"executed_lines": [], "summary": {"covered_lines": 0, "num_statements": 5, "percent_covered": 0.0, "percent_covered_display": "0", "missing_lines": 5, "excluded_lines": 0}, "missing_lines": [54, 55, 56, 59, 62], "excluded_lines": []}, "run_zipline_ma_crossover.trade": {"executed_lines": [], "summary": {"covered_lines": 0, "num_statements": 19, "percent_covered": 0.0, "percent_covered_display": "0", "missing_lines": 19, "excluded_lines": 0}, "missing_lines": [71, 78, 79, 82, 83, 86, 87, 88, 90, 91, 94, 96, 97, 98, 107, 109, 110, 111, 121], "excluded_lines": []}, "run_zipline_ma_crossover.analyze": {"executed_lines": [], "summary": {"covered_lines": 0, "num_statements": 0, "percent_covered": 100.0, "percent_covered_display": "100", "missing_lines": 0, "excluded_lines": 0}, "missing_lines": [], "excluded_lines": []}, "extract_wiki_data_from_zipline": {"executed_lines": [], "summary": {"covered_lines": 0, "num_statements": 34, "percent_covered": 0.0, "percent_covered_display": "0", "missing_lines": 34, "excluded_lines": 0}, "missing_lines": [171, 172, 173, 174, 177, 180, 183, 185, 194, 195, 198, 201, 202, 203, 204, 205, 207, 208, 209, 217, 225, 233, 241, 249, 251, 252, 253, 254, 255, 258, 270, 272, 273, 275], "excluded_lines": []}, "run_qengine_on_wiki_data": {"executed_lines": [], "summary": {"covered_lines": 0, "num_statements": 31, "percent_covered": 0.0, "percent_covered_display": "0", "missing_lines": 31, "excluded_lines": 0}, "missing_lines": [287, 289, 292, 293, 294, 295, 298, 300, 301, 304, 305, 307, 308, 311, 313, 314, 315, 316, 317, 326, 328, 329, 330, 331, 332, 342, 343, 344, 346, 347, 349], "excluded_lines": []}, "run_vectorbt_on_wiki_data": {"executed_lines": [], "summary": {"covered_lines": 0, "num_statements": 19, "percent_covered": 0.0, "percent_covered_display": "0", "missing_lines": 19, "excluded_lines": 0}, "missing_lines": [369, 370, 372, 374, 377, 378, 379, 382, 383, 386, 387, 388, 391, 401, 402, 403, 405, 414, 415], "excluded_lines": []}, "compare_frameworks_on_wiki_data": {"executed_lines": [], "summary": {"covered_lines": 0, "num_statements": 77, "percent_covered": 0.0, "percent_covered_display": "0", "missing_lines": 77, "excluded_lines": 0}, "missing_lines": [425, 426, 427, 428, 431, 432, 433, 434, 435, 436, 438, 439, 440, 441, 442, 444, 447, 448, 449, 457, 458, 459, 460, 461, 462, 463, 466, 467, 468, 473, 474, 475, 476, 479, 480, 481, 487, 488, 489, 490, 491, 492, 495, 496, 497, 503, 504, 505, 506, 507, 509, 510, 511, 514, 515, 516, 518, 519, 520, 522, 523, 525, 526, 527, 532, 533, 534, 536, 537, 538, 540, 541, 544, 545, 547, 548, 550], "excluded_lines": []}, "": {"executed_lines": [], "summary": {"covered_lines": 0, "num_statements": 16, "percent_covered": 0.0, "percent_covered_display": "0", "missing_lines": 16, "excluded_lines": 0}, "missing_lines": [9, 10, 11, 13, 14, 17, 18, 19, 20, 23, 163, 278, 360, 421, 553, 554], "excluded_lines": []}}, "classes": {"": {"executed_lines": [], "summary": {"covered_lines": 0, "num_statements": 217, "percent_covered": 0.0, "percent_covered_display": "0", "missing_lines": 217, "excluded_lines": 0}, "missing_lines": [9, 10, 11, 13, 14, 17, 18, 19, 20, 23, 34, 35, 44, 47, 50, 52, 54, 55, 56, 59, 62, 68, 71, 78, 79, 82, 83, 86, 87, 88, 90, 91, 94, 96, 97, 98, 107, 109, 110, 111, 121, 128, 132, 133, 142, 143, 144, 147, 148, 150, 163, 171, 172, 173, 174, 177, 180, 183, 185, 194, 195, 198, 201, 202, 203, 204, 205, 207, 208, 209, 217, 225, 233, 241, 249, 251, 252, 253, 254, 255, 258, 270, 272, 273, 275, 278, 287, 289, 292, 293, 294, 295, 298, 300, 301, 304, 305, 307, 308, 311, 313, 314, 315, 316, 317, 326, 328, 329, 330, 331, 332, 342, 343, 344, 346, 347, 349, 360, 369, 370, 372, 374, 377, 378, 379, 382, 383, 386, 387, 388, 391, 401, 402, 403, 405, 414, 415, 421, 425, 426, 427, 428, 431, 432, 433, 434, 435, 436, 438, 439, 440, 441, 442, 444, 447, 448, 449, 457, 458, 459, 460, 461, 462, 463, 466, 467, 468, 473, 474, 475, 476, 479, 480, 481, 487, 488, 489, 490, 491, 492, 495, 496, 497, 503, 504, 505, 506, 507, 509, 510, 511, 514, 515, 516, 518, 519, 520, 522, 523, 525, 526, 527, 532, 533, 534, 536, 537, 538, 540, 541, 544, 545, 547, 548, 550, 553, 554], "excluded_lines": []}}}}, "totals": {"covered_lines": 1521, "num_statements": 11353, "percent_covered": 13.397339910155907, "percent_covered_display": "13", "missing_lines": 9832, "excluded_lines": 19}}